#
# There is insufficient memory for the Java Runtime Environment to continue.
# Native memory allocation (mmap) failed to map 54525952 bytes for G1 virtual space
# Possible reasons:
#   The system is out of physical RAM or swap space
#   The process is running with CompressedOops enabled, and the Java Heap may be blocking the growth of the native heap
# Possible solutions:
#   Reduce memory load on the system
#   Increase physical memory or swap space
#   Check if swap backing store is full
#   Decrease Java heap size (-Xmx/-Xms)
#   Decrease number of Java threads
#   Decrease Java thread stack sizes (-Xss)
#   Set larger code cache with -XX:ReservedCodeCacheSize=
#   JVM is running with Unscaled Compressed Oops mode in which the Java heap is
#     placed in the first 4GB address space. The Java Heap base address is the
#     maximum limit for the native heap growth. Please use -XX:HeapBaseMinAddress
#     to set the Java Heap base and to place the Java Heap above 4GB virtual address.
# This output file may be truncated or incomplete.
#
#  Out of Memory Error (os_windows.cpp:3769), pid=1308, tid=19212
#
# JRE version: OpenJDK Runtime Environment (17.0.6) (build 17.0.6+0-b2043.56-10027231)
# Java VM: OpenJDK 64-Bit Server VM (17.0.6+0-b2043.56-10027231, mixed mode, tiered, compressed oops, compressed class ptrs, g1 gc, windows-amd64)
# No core dump will be written. Minidumps are not enabled by default on client versions of Windows
#

---------------  S U M M A R Y ------------

Command Line: --add-opens=java.base/java.util=ALL-UNNAMED --add-opens=java.base/java.lang=ALL-UNNAMED --add-opens=java.base/java.lang.invoke=ALL-UNNAMED --add-opens=java.prefs/java.util.prefs=ALL-UNNAMED --add-opens=java.base/java.nio.charset=ALL-UNNAMED --add-opens=java.base/java.net=ALL-UNNAMED --add-opens=java.base/java.util.concurrent.atomic=ALL-UNNAMED -Xmx2048m -Dfile.encoding=UTF-8 -Duser.country=ES -Duser.language=es -Duser.variant -javaagent:C:\Users\crima\.gradle\wrapper\dists\gradle-8.1-bin\2eyty4r6kz6fpakefpk52nbbm\gradle-8.1\lib\agents\gradle-instrumentation-agent-8.1.jar org.gradle.launcher.daemon.bootstrap.GradleDaemon 8.1

Host: Intel(R) Core(TM) i5-10400 CPU @ 2.90GHz, 12 cores, 15G,  Windows 11 , 64 bit Build 22621 (10.0.22621.2215)
Time: Wed Oct  4 18:02:53 2023 Hora est. Pacífico, Sudamérica elapsed time: 123.722719 seconds (0d 0h 2m 3s)

---------------  T H R E A D  ---------------

Current thread (0x00000212ed2fe4d0):  VMThread "VM Thread" [stack: 0x000000c1eda00000,0x000000c1edb00000] [id=19212]

Stack: [0x000000c1eda00000,0x000000c1edb00000]
Native frames: (J=compiled Java code, j=interpreted, Vv=VM code, C=native code)
V  [jvm.dll+0x683c9a]
V  [jvm.dll+0x8427a4]
V  [jvm.dll+0x843f9e]
V  [jvm.dll+0x844603]
V  [jvm.dll+0x249b75]
V  [jvm.dll+0x680b69]
V  [jvm.dll+0x67505a]
V  [jvm.dll+0x309acb]
V  [jvm.dll+0x310f86]
V  [jvm.dll+0x3608ee]
V  [jvm.dll+0x360b1f]
V  [jvm.dll+0x2dfbf8]
V  [jvm.dll+0x2e2ce6]
V  [jvm.dll+0x2ed478]
V  [jvm.dll+0x322150]
V  [jvm.dll+0x848ccb]
V  [jvm.dll+0x849a04]
V  [jvm.dll+0x849f1d]
V  [jvm.dll+0x84a2f4]
V  [jvm.dll+0x84a3c0]
V  [jvm.dll+0x7f274a]
V  [jvm.dll+0x682ad5]
C  [ucrtbase.dll+0x29363]
C  [KERNEL32.DLL+0x1257d]
C  [ntdll.dll+0x5aa68]

VM_Operation (0x000000c1ed6ff2f0): G1Concurrent, mode: safepoint, requested by thread 0x00000212d30b6f10


---------------  P R O C E S S  ---------------

Threads class SMR info:
_java_thread_list=0x00000212f0733170, length=68, elements={
0x00000212d304ab00, 0x00000212edc3d620, 0x00000212edc3dfb0, 0x00000212edc876a0,
0x00000212edc88420, 0x00000212edc8a140, 0x00000212edc8cb00, 0x00000212edc8ddf0,
0x00000212edc8e7e0, 0x00000212edc8f1d0, 0x00000212eddd2080, 0x00000212edf08220,
0x00000212ef5c63c0, 0x00000212f0443530, 0x00000212f0bb56a0, 0x00000212eed8bd20,
0x00000212eed8c6c0, 0x00000212eed8d060, 0x00000212eed8d530, 0x00000212eed8da00,
0x00000212eed8f210, 0x00000212eed8ded0, 0x00000212eed8e3a0, 0x00000212eed8e870,
0x00000212eed8ed40, 0x00000212f2303640, 0x00000212f2303b10, 0x00000212f2303fe0,
0x00000212f23044b0, 0x00000212f2304980, 0x00000212f2302ca0, 0x00000212f2304e50,
0x00000212f2301960, 0x00000212f2303170, 0x00000212f1b2e560, 0x00000212f23624d0,
0x00000212f2363810, 0x0000021280b98ab0, 0x00000212f1b30240, 0x00000212f1b2b070,
0x00000212f1b2f8a0, 0x00000212f1b2aba0, 0x00000212f1b2ef00, 0x00000212f1736b80,
0x00000212f1735c50, 0x00000212f1b2b540, 0x00000212f1b2ba10, 0x00000212f1b2a6d0,
0x00000212f1b2fd70, 0x00000212f1b30710, 0x00000212f1b2d220, 0x00000212f1b2bee0,
0x00000212f1b29390, 0x00000212f1b2c3b0, 0x00000212f1b2d6f0, 0x00000212f1b2cd50,
0x00000212f1b29860, 0x00000212f1b2a200, 0x00000212f235fe50, 0x00000212f23629a0,
0x00000212f2363ce0, 0x00000212f23641b0, 0x00000212f235d300, 0x00000212f235f980,
0x00000212f2364680, 0x00000212f2362e70, 0x00000212f2362000, 0x00000212f235dca0
}

Java Threads: ( => current thread )
  0x00000212d304ab00 JavaThread "main" [_thread_blocked, id=19468, stack(0x000000c1ed400000,0x000000c1ed500000)]
  0x00000212edc3d620 JavaThread "Reference Handler" daemon [_thread_blocked, id=14556, stack(0x000000c1edb00000,0x000000c1edc00000)]
  0x00000212edc3dfb0 JavaThread "Finalizer" daemon [_thread_blocked, id=7564, stack(0x000000c1edc00000,0x000000c1edd00000)]
  0x00000212edc876a0 JavaThread "Signal Dispatcher" daemon [_thread_blocked, id=7804, stack(0x000000c1edd00000,0x000000c1ede00000)]
  0x00000212edc88420 JavaThread "Attach Listener" daemon [_thread_blocked, id=11884, stack(0x000000c1ede00000,0x000000c1edf00000)]
  0x00000212edc8a140 JavaThread "Service Thread" daemon [_thread_blocked, id=16532, stack(0x000000c1edf00000,0x000000c1ee000000)]
  0x00000212edc8cb00 JavaThread "Monitor Deflation Thread" daemon [_thread_blocked, id=18236, stack(0x000000c1ee000000,0x000000c1ee100000)]
  0x00000212edc8ddf0 JavaThread "C2 CompilerThread0" daemon [_thread_blocked, id=8436, stack(0x000000c1ee100000,0x000000c1ee200000)]
  0x00000212edc8e7e0 JavaThread "C1 CompilerThread0" daemon [_thread_blocked, id=19656, stack(0x000000c1ee200000,0x000000c1ee300000)]
  0x00000212edc8f1d0 JavaThread "Sweeper thread" daemon [_thread_blocked, id=12488, stack(0x000000c1ee300000,0x000000c1ee400000)]
  0x00000212eddd2080 JavaThread "Common-Cleaner" daemon [_thread_blocked, id=1928, stack(0x000000c1ee400000,0x000000c1ee500000)]
  0x00000212edf08220 JavaThread "Notification Thread" daemon [_thread_blocked, id=2832, stack(0x000000c1ee500000,0x000000c1ee600000)]
  0x00000212ef5c63c0 JavaThread "Daemon health stats" [_thread_blocked, id=11080, stack(0x000000c1eed00000,0x000000c1eee00000)]
  0x00000212f0443530 JavaThread "Incoming local TCP Connector on port 59341" [_thread_in_native, id=16088, stack(0x000000c1eee00000,0x000000c1eef00000)]
  0x00000212f0bb56a0 JavaThread "Daemon periodic checks" [_thread_blocked, id=8592, stack(0x000000c1eef00000,0x000000c1ef000000)]
  0x00000212eed8bd20 JavaThread "Cache worker for journal cache (C:\Users\crima\.gradle\caches\journal-1)" [_thread_blocked, id=9892, stack(0x000000c1efe00000,0x000000c1eff00000)]
  0x00000212eed8c6c0 JavaThread "File lock request listener" [_thread_in_native, id=20060, stack(0x000000c1eff00000,0x000000c1f0000000)]
  0x00000212eed8d060 JavaThread "Cache worker for file hash cache (C:\Users\crima\.gradle\caches\8.1\fileHashes)" [_thread_blocked, id=3528, stack(0x000000c1f0000000,0x000000c1f0100000)]
  0x00000212eed8d530 JavaThread "File watcher server" daemon [_thread_in_native, id=3864, stack(0x000000c1f0100000,0x000000c1f0200000)]
  0x00000212eed8da00 JavaThread "File watcher consumer" daemon [_thread_blocked, id=1628, stack(0x000000c1f0200000,0x000000c1f0300000)]
  0x00000212eed8f210 JavaThread "jar transforms" [_thread_blocked, id=8868, stack(0x000000c1f0300000,0x000000c1f0400000)]
  0x00000212eed8ded0 JavaThread "jar transforms Thread 2" [_thread_blocked, id=19200, stack(0x000000c1f0400000,0x000000c1f0500000)]
  0x00000212eed8e3a0 JavaThread "jar transforms Thread 3" [_thread_blocked, id=1704, stack(0x000000c1f0500000,0x000000c1f0600000)]
  0x00000212eed8e870 JavaThread "jar transforms Thread 4" [_thread_blocked, id=17928, stack(0x000000c1f0600000,0x000000c1f0700000)]
  0x00000212eed8ed40 JavaThread "jar transforms Thread 5" [_thread_blocked, id=19672, stack(0x000000c1f0700000,0x000000c1f0800000)]
  0x00000212f2303640 JavaThread "jar transforms Thread 6" [_thread_blocked, id=11828, stack(0x000000c1f0800000,0x000000c1f0900000)]
  0x00000212f2303b10 JavaThread "jar transforms Thread 7" [_thread_blocked, id=2692, stack(0x000000c1f0900000,0x000000c1f0a00000)]
  0x00000212f2303fe0 JavaThread "jar transforms Thread 8" [_thread_blocked, id=16976, stack(0x000000c1f0a00000,0x000000c1f0b00000)]
  0x00000212f23044b0 JavaThread "jar transforms Thread 9" [_thread_blocked, id=4656, stack(0x000000c1f0b00000,0x000000c1f0c00000)]
  0x00000212f2304980 JavaThread "jar transforms Thread 10" [_thread_blocked, id=19700, stack(0x000000c1f0c00000,0x000000c1f0d00000)]
  0x00000212f2302ca0 JavaThread "jar transforms Thread 11" [_thread_blocked, id=17336, stack(0x000000c1f0d00000,0x000000c1f0e00000)]
  0x00000212f2304e50 JavaThread "jar transforms Thread 12" [_thread_blocked, id=6600, stack(0x000000c1f0e00000,0x000000c1f0f00000)]
  0x00000212f2301960 JavaThread "Cache worker for file content cache (C:\Users\crima\.gradle\caches\8.1\fileContent)" [_thread_blocked, id=2008, stack(0x000000c1f1100000,0x000000c1f1200000)]
  0x00000212f2303170 JavaThread "Cache worker for execution history cache (C:\Users\crima\.gradle\caches\8.1\executionHistory)" [_thread_blocked, id=6828, stack(0x000000c1f1400000,0x000000c1f1500000)]
  0x00000212f1b2e560 JavaThread "Memory manager" [_thread_blocked, id=19232, stack(0x000000c1f2700000,0x000000c1f2800000)]
  0x00000212f23624d0 JavaThread "Daemon Thread 2" [_thread_blocked, id=16272, stack(0x000000c1ed200000,0x000000c1ed300000)]
  0x00000212f2363810 JavaThread "Daemon worker Thread 2" [_thread_blocked, id=18980, stack(0x000000c1ef000000,0x000000c1ef100000)]
  0x0000021280b98ab0 JavaThread "included builds" [_thread_blocked, id=14208, stack(0x000000c1f2600000,0x000000c1f2700000)]
  0x00000212f1b30240 JavaThread "Handler for socket connection from /127.0.0.1:59341 to /127.0.0.1:59445" [_thread_in_native, id=11132, stack(0x000000c1ed300000,0x000000c1ed400000)]
  0x00000212f1b2b070 JavaThread "Cancel handler" [_thread_blocked, id=17616, stack(0x000000c1ee800000,0x000000c1ee900000)]
  0x00000212f1b2f8a0 JavaThread "Asynchronous log dispatcher for DefaultDaemonConnection: socket connection from /127.0.0.1:59341 to /127.0.0.1:59445" [_thread_blocked, id=19248, stack(0x000000c1ef100000,0x000000c1ef200000)]
  0x00000212f1b2aba0 JavaThread "Stdin handler" [_thread_blocked, id=18552, stack(0x000000c1ef200000,0x000000c1ef300000)]
  0x00000212f1b2ef00 JavaThread "Daemon client event forwarder" [_thread_blocked, id=18180, stack(0x000000c1ef300000,0x000000c1ef400000)]
  0x00000212f1736b80 JavaThread "C2 CompilerThread1" daemon [_thread_blocked, id=17620, stack(0x000000c1ef400000,0x000000c1ef500000)]
  0x00000212f1735c50 JavaThread "C2 CompilerThread2" daemon [_thread_blocked, id=18484, stack(0x000000c1ef500000,0x000000c1ef600000)]
  0x00000212f1b2b540 JavaThread "Cache worker for checksums cache (C:\Users\crima\AndroidStudioProjects\talentouco2\.gradle\8.1\checksums)" [_thread_blocked, id=10096, stack(0x000000c1ef600000,0x000000c1ef700000)]
  0x00000212f1b2ba10 JavaThread "Cache worker for cache directory md-rule (C:\Users\crima\.gradle\caches\8.1\md-rule)" [_thread_blocked, id=17464, stack(0x000000c1f0f00000,0x000000c1f1000000)]
  0x00000212f1b2a6d0 JavaThread "Cache worker for file hash cache (C:\Users\crima\AndroidStudioProjects\talentouco2\.gradle\8.1\fileHashes)" [_thread_blocked, id=14800, stack(0x000000c1f1000000,0x000000c1f1100000)]
  0x00000212f1b2fd70 JavaThread "Cache worker for cache directory md-supplier (C:\Users\crima\.gradle\caches\8.1\md-supplier)" [_thread_blocked, id=20360, stack(0x000000c1f1200000,0x000000c1f1300000)]
  0x00000212f1b30710 JavaThread "Cache worker for dependencies-accessors (C:\Users\crima\AndroidStudioProjects\talentouco2\.gradle\8.1\dependencies-accessors)" [_thread_blocked, id=17636, stack(0x000000c1f1300000,0x000000c1f1400000)]
  0x00000212f1b2d220 JavaThread "Cache worker for Build Output Cleanup Cache (C:\Users\crima\AndroidStudioProjects\talentouco2\.gradle\buildOutputCleanup)" [_thread_blocked, id=12708, stack(0x000000c1f1500000,0x000000c1f1600000)]
  0x00000212f1b2bee0 JavaThread "Unconstrained build operations" [_thread_blocked, id=11960, stack(0x000000c1f1600000,0x000000c1f1700000)]
  0x00000212f1b29390 JavaThread "Unconstrained build operations Thread 2" [_thread_blocked, id=20264, stack(0x000000c1f1700000,0x000000c1f1800000)]
  0x00000212f1b2c3b0 JavaThread "Unconstrained build operations Thread 3" [_thread_blocked, id=20108, stack(0x000000c1f1800000,0x000000c1f1900000)]
  0x00000212f1b2d6f0 JavaThread "Unconstrained build operations Thread 4" [_thread_blocked, id=9116, stack(0x000000c1f1900000,0x000000c1f1a00000)]
  0x00000212f1b2cd50 JavaThread "Unconstrained build operations Thread 5" [_thread_blocked, id=5112, stack(0x000000c1f1a00000,0x000000c1f1b00000)]
  0x00000212f1b29860 JavaThread "Unconstrained build operations Thread 6" [_thread_blocked, id=4152, stack(0x000000c1f1b00000,0x000000c1f1c00000)]
  0x00000212f1b2a200 JavaThread "Unconstrained build operations Thread 7" [_thread_blocked, id=8684, stack(0x000000c1f1c00000,0x000000c1f1d00000)]
  0x00000212f235fe50 JavaThread "Unconstrained build operations Thread 8" [_thread_blocked, id=16064, stack(0x000000c1f1d00000,0x000000c1f1e00000)]
  0x00000212f23629a0 JavaThread "Unconstrained build operations Thread 9" [_thread_blocked, id=11532, stack(0x000000c1f1e00000,0x000000c1f1f00000)]
  0x00000212f2363ce0 JavaThread "Unconstrained build operations Thread 10" [_thread_blocked, id=2340, stack(0x000000c1f1f00000,0x000000c1f2000000)]
  0x00000212f23641b0 JavaThread "Unconstrained build operations Thread 11" [_thread_blocked, id=15984, stack(0x000000c1f2000000,0x000000c1f2100000)]
  0x00000212f235d300 JavaThread "Unconstrained build operations Thread 12" [_thread_blocked, id=16124, stack(0x000000c1f2100000,0x000000c1f2200000)]
  0x00000212f235f980 JavaThread "Unconstrained build operations Thread 13" [_thread_blocked, id=10856, stack(0x000000c1f2200000,0x000000c1f2300000)]
  0x00000212f2364680 JavaThread "Unconstrained build operations Thread 14" [_thread_blocked, id=12728, stack(0x000000c1f2300000,0x000000c1f2400000)]
  0x00000212f2362e70 JavaThread "Unconstrained build operations Thread 15" [_thread_blocked, id=3416, stack(0x000000c1f2400000,0x000000c1f2500000)]
  0x00000212f2362000 JavaThread "Unconstrained build operations Thread 16" [_thread_blocked, id=9164, stack(0x000000c1f2500000,0x000000c1f2600000)]
  0x00000212f235dca0 JavaThread "build event listener" [_thread_blocked, id=2876, stack(0x000000c1f2800000,0x000000c1f2900000)]

Other Threads:
=>0x00000212ed2fe4d0 VMThread "VM Thread" [stack: 0x000000c1eda00000,0x000000c1edb00000] [id=19212]
  0x00000212d30d1150 WatcherThread [stack: 0x000000c1ee600000,0x000000c1ee700000] [id=19592]
  0x00000212d30a5fd0 GCTaskThread "GC Thread#0" [stack: 0x000000c1ed500000,0x000000c1ed600000] [id=7040]
  0x00000212ee8cf3c0 GCTaskThread "GC Thread#1" [stack: 0x000000c1ee900000,0x000000c1eea00000] [id=15296]
  0x00000212ee88da90 GCTaskThread "GC Thread#2" [stack: 0x000000c1eea00000,0x000000c1eeb00000] [id=17992]
  0x00000212eef24f40 GCTaskThread "GC Thread#3" [stack: 0x000000c1eeb00000,0x000000c1eec00000] [id=16720]
  0x00000212eef251f0 GCTaskThread "GC Thread#4" [stack: 0x000000c1eec00000,0x000000c1eed00000] [id=20168]
  0x00000212f197fb50 GCTaskThread "GC Thread#5" [stack: 0x000000c1ef700000,0x000000c1ef800000] [id=12112]
  0x00000212f0e0b410 GCTaskThread "GC Thread#6" [stack: 0x000000c1ef800000,0x000000c1ef900000] [id=16004]
  0x00000212f0df7800 GCTaskThread "GC Thread#7" [stack: 0x000000c1ef900000,0x000000c1efa00000] [id=17540]
  0x00000212ef786080 GCTaskThread "GC Thread#8" [stack: 0x000000c1efa00000,0x000000c1efb00000] [id=7116]
  0x00000212f0a532e0 GCTaskThread "GC Thread#9" [stack: 0x000000c1efb00000,0x000000c1efc00000] [id=17676]
  0x00000212d30b6f10 ConcurrentGCThread "G1 Main Marker" [stack: 0x000000c1ed600000,0x000000c1ed700000] [id=2108]
  0x00000212d30b7920 ConcurrentGCThread "G1 Conc#0" [stack: 0x000000c1ed700000,0x000000c1ed800000] [id=19864]
  0x00000212f0a53030 ConcurrentGCThread "G1 Conc#1" [stack: 0x000000c1efc00000,0x000000c1efd00000] [id=19564]
  0x00000212f0a52d80 ConcurrentGCThread "G1 Conc#2" [stack: 0x000000c1efd00000,0x000000c1efe00000] [id=18916]
  0x00000212d310e860 ConcurrentGCThread "G1 Refine#0" [stack: 0x000000c1ed800000,0x000000c1ed900000] [id=14164]
  0x00000212ed1944e0 ConcurrentGCThread "G1 Service" [stack: 0x000000c1ed900000,0x000000c1eda00000] [id=12660]

Threads with active compile tasks:
C2 CompilerThread0   123736 17024  s    4       org.gradle.internal.component.external.model.AbstractLazyModuleComponentResolveMetadata::getConfiguration (44 bytes)
C2 CompilerThread1   123736 17057   !   4       org.gradle.internal.event.DefaultListenerManager$EventBroadcast$ListenerDispatch::dispatch (41 bytes)
C2 CompilerThread2   123736 17077   !   4       org.gradle.internal.instantiation.generator.DependencyInjectingInstantiator::doCreate (64 bytes)

VM state: at safepoint (normal execution)

VM Mutex/Monitor currently owned by a thread:  ([mutex/lock_event])
[0x00000212d30457d0] Threads_lock - owner thread: 0x00000212ed2fe4d0
[0x00000212d3045110] Heap_lock - owner thread: 0x00000212d30b6f10

Heap address: 0x0000000080000000, size: 2048 MB, Compressed Oops mode: 32-bit

CDS archive(s) not mapped
Compressed class space mapped at: 0x0000000100000000-0x0000000140000000, reserved size: 1073741824
Narrow klass base: 0x0000000000000000, Narrow klass shift: 3, Narrow klass range: 0x140000000

GC Precious Log:
 CPUs: 12 total, 12 available
 Memory: 15791M
 Large Page Support: Disabled
 NUMA Support: Disabled
 Compressed Oops: Enabled (32-bit)
 Heap Region Size: 1M
 Heap Min Capacity: 8M
 Heap Initial Capacity: 248M
 Heap Max Capacity: 2G
 Pre-touch: Disabled
 Parallel Workers: 10
 Concurrent Workers: 3
 Concurrent Refinement Workers: 10
 Periodic GC: Disabled

Heap:
 garbage-first heap   total 307200K, used 213719K [0x0000000080000000, 0x0000000100000000)
  region size 1024K, 16 young (16384K), 5 survivors (5120K)
 Metaspace       used 128005K, committed 129216K, reserved 1163264K
  class space    used 17190K, committed 17728K, reserved 1048576K

Heap Regions: E=young(eden), S=young(survivor), O=old, HS=humongous(starts), HC=humongous(continues), CS=collection set, F=free, OA=open archive, CA=closed archive, TAMS=top-at-mark-start (previous, next)
|   0|0x0000000080000000, 0x0000000080100000, 0x0000000080100000|100%|HS|  |TAMS 0x0000000080100000, 0x0000000080000000| Complete 
|   1|0x0000000080100000, 0x0000000080200000, 0x0000000080200000|100%|HC|  |TAMS 0x0000000080200000, 0x0000000080100000| Complete 
|   2|0x0000000080200000, 0x0000000080300000, 0x0000000080300000|100%|HC|  |TAMS 0x0000000080300000, 0x0000000080200000| Complete 
|   3|0x0000000080300000, 0x0000000080400000, 0x0000000080400000|100%|HC|  |TAMS 0x0000000080400000, 0x0000000080300000| Complete 
|   4|0x0000000080400000, 0x0000000080500000, 0x0000000080500000|100%| O|  |TAMS 0x0000000080500000, 0x0000000080400000| Untracked 
|   5|0x0000000080500000, 0x0000000080600000, 0x0000000080600000|100%| O|  |TAMS 0x0000000080600000, 0x0000000080500000| Untracked 
|   6|0x0000000080600000, 0x0000000080700000, 0x0000000080700000|100%| O|  |TAMS 0x0000000080700000, 0x0000000080600000| Untracked 
|   7|0x0000000080700000, 0x0000000080800000, 0x0000000080800000|100%| O|  |TAMS 0x0000000080800000, 0x0000000080700000| Untracked 
|   8|0x0000000080800000, 0x0000000080900000, 0x0000000080900000|100%| O|  |TAMS 0x0000000080900000, 0x0000000080800000| Untracked 
|   9|0x0000000080900000, 0x0000000080a00000, 0x0000000080a00000|100%| O|  |TAMS 0x0000000080a00000, 0x0000000080900000| Untracked 
|  10|0x0000000080a00000, 0x0000000080b00000, 0x0000000080b00000|100%| O|  |TAMS 0x0000000080b00000, 0x0000000080a00000| Untracked 
|  11|0x0000000080b00000, 0x0000000080c00000, 0x0000000080c00000|100%| O|  |TAMS 0x0000000080c00000, 0x0000000080b00000| Untracked 
|  12|0x0000000080c00000, 0x0000000080d00000, 0x0000000080d00000|100%| O|  |TAMS 0x0000000080d00000, 0x0000000080c00000| Untracked 
|  13|0x0000000080d00000, 0x0000000080e00000, 0x0000000080e00000|100%| O|  |TAMS 0x0000000080e00000, 0x0000000080d00000| Untracked 
|  14|0x0000000080e00000, 0x0000000080f00000, 0x0000000080f00000|100%| O|  |TAMS 0x0000000080f00000, 0x0000000080e00000| Untracked 
|  15|0x0000000080f00000, 0x0000000081000000, 0x0000000081000000|100%| O|  |TAMS 0x0000000081000000, 0x0000000080f00000| Untracked 
|  16|0x0000000081000000, 0x0000000081100000, 0x0000000081100000|100%| O|  |TAMS 0x0000000081100000, 0x0000000081000000| Untracked 
|  17|0x0000000081100000, 0x0000000081200000, 0x0000000081200000|100%| O|  |TAMS 0x0000000081200000, 0x0000000081100000| Untracked 
|  18|0x0000000081200000, 0x0000000081300000, 0x0000000081300000|100%|HS|  |TAMS 0x0000000081300000, 0x0000000081200000| Complete 
|  19|0x0000000081300000, 0x0000000081400000, 0x0000000081400000|100%|HC|  |TAMS 0x0000000081400000, 0x0000000081300000| Complete 
|  20|0x0000000081400000, 0x0000000081500000, 0x0000000081500000|100%|HS|  |TAMS 0x0000000081500000, 0x0000000081400000| Complete 
|  21|0x0000000081500000, 0x0000000081600000, 0x0000000081600000|100%|HC|  |TAMS 0x0000000081600000, 0x0000000081500000| Complete 
|  22|0x0000000081600000, 0x0000000081700000, 0x0000000081700000|100%|HC|  |TAMS 0x0000000081700000, 0x0000000081600000| Complete 
|  23|0x0000000081700000, 0x0000000081800000, 0x0000000081800000|100%|HS|  |TAMS 0x0000000081800000, 0x0000000081700000| Complete 
|  24|0x0000000081800000, 0x0000000081900000, 0x0000000081900000|100%|HC|  |TAMS 0x0000000081900000, 0x0000000081800000| Complete 
|  25|0x0000000081900000, 0x0000000081a00000, 0x0000000081a00000|100%|HC|  |TAMS 0x0000000081a00000, 0x0000000081900000| Complete 
|  26|0x0000000081a00000, 0x0000000081b00000, 0x0000000081b00000|100%| O|  |TAMS 0x0000000081b00000, 0x0000000081a00000| Untracked 
|  27|0x0000000081b00000, 0x0000000081c00000, 0x0000000081c00000|100%| O|  |TAMS 0x0000000081c00000, 0x0000000081b00000| Updating 
|  28|0x0000000081c00000, 0x0000000081d00000, 0x0000000081d00000|100%|HS|  |TAMS 0x0000000081d00000, 0x0000000081c00000| Complete 
|  29|0x0000000081d00000, 0x0000000081e00000, 0x0000000081e00000|100%|HC|  |TAMS 0x0000000081e00000, 0x0000000081d00000| Complete 
|  30|0x0000000081e00000, 0x0000000081f00000, 0x0000000081f00000|100%|HC|  |TAMS 0x0000000081f00000, 0x0000000081e00000| Complete 
|  31|0x0000000081f00000, 0x0000000082000000, 0x0000000082000000|100%|HC|  |TAMS 0x0000000082000000, 0x0000000081f00000| Complete 
|  32|0x0000000082000000, 0x0000000082100000, 0x0000000082100000|100%|HC|  |TAMS 0x0000000082100000, 0x0000000082000000| Complete 
|  33|0x0000000082100000, 0x0000000082200000, 0x0000000082200000|100%|HC|  |TAMS 0x0000000082200000, 0x0000000082100000| Complete 
|  34|0x0000000082200000, 0x0000000082300000, 0x0000000082300000|100%|HC|  |TAMS 0x0000000082300000, 0x0000000082200000| Complete 
|  35|0x0000000082300000, 0x0000000082400000, 0x0000000082400000|100%|HC|  |TAMS 0x0000000082400000, 0x0000000082300000| Complete 
|  36|0x0000000082400000, 0x0000000082500000, 0x0000000082500000|100%|HC|  |TAMS 0x0000000082500000, 0x0000000082400000| Complete 
|  37|0x0000000082500000, 0x0000000082600000, 0x0000000082600000|100%|HC|  |TAMS 0x0000000082600000, 0x0000000082500000| Complete 
|  38|0x0000000082600000, 0x0000000082700000, 0x0000000082700000|100%|HC|  |TAMS 0x0000000082700000, 0x0000000082600000| Complete 
|  39|0x0000000082700000, 0x0000000082800000, 0x0000000082800000|100%|HC|  |TAMS 0x0000000082800000, 0x0000000082700000| Complete 
|  40|0x0000000082800000, 0x0000000082900000, 0x0000000082900000|100%| O|  |TAMS 0x0000000082900000, 0x0000000082800000| Untracked 
|  41|0x0000000082900000, 0x0000000082a00000, 0x0000000082a00000|100%| O|  |TAMS 0x0000000082a00000, 0x0000000082900000| Untracked 
|  42|0x0000000082a00000, 0x0000000082b00000, 0x0000000082b00000|100%| O|  |TAMS 0x0000000082b00000, 0x0000000082a00000| Untracked 
|  43|0x0000000082b00000, 0x0000000082c00000, 0x0000000082c00000|100%| O|  |TAMS 0x0000000082c00000, 0x0000000082b00000| Updating 
|  44|0x0000000082c00000, 0x0000000082d00000, 0x0000000082d00000|100%|HS|  |TAMS 0x0000000082d00000, 0x0000000082c00000| Complete 
|  45|0x0000000082d00000, 0x0000000082e00000, 0x0000000082e00000|100%|HC|  |TAMS 0x0000000082e00000, 0x0000000082d00000| Complete 
|  46|0x0000000082e00000, 0x0000000082f00000, 0x0000000082f00000|100%| O|  |TAMS 0x0000000082f00000, 0x0000000082e00000| Updating 
|  47|0x0000000082f00000, 0x0000000083000000, 0x0000000083000000|100%| O|  |TAMS 0x0000000083000000, 0x0000000082f00000| Untracked 
|  48|0x0000000083000000, 0x0000000083100000, 0x0000000083100000|100%| O|  |TAMS 0x0000000083100000, 0x0000000083000000| Updating 
|  49|0x0000000083100000, 0x0000000083200000, 0x0000000083200000|100%| O|  |TAMS 0x0000000083200000, 0x0000000083100000| Updating 
|  50|0x0000000083200000, 0x0000000083300000, 0x0000000083300000|100%| O|  |TAMS 0x0000000083300000, 0x0000000083200000| Updating 
|  51|0x0000000083300000, 0x0000000083400000, 0x0000000083400000|100%|HS|  |TAMS 0x0000000083400000, 0x0000000083300000| Complete 
|  52|0x0000000083400000, 0x0000000083500000, 0x0000000083500000|100%|HC|  |TAMS 0x0000000083500000, 0x0000000083400000| Complete 
|  53|0x0000000083500000, 0x0000000083600000, 0x0000000083600000|100%|HC|  |TAMS 0x0000000083600000, 0x0000000083500000| Complete 
|  54|0x0000000083600000, 0x0000000083700000, 0x0000000083700000|100%| O|  |TAMS 0x0000000083700000, 0x0000000083600000| Untracked 
|  55|0x0000000083700000, 0x0000000083800000, 0x0000000083800000|100%| O|  |TAMS 0x0000000083800000, 0x0000000083700000| Updating 
|  56|0x0000000083800000, 0x0000000083900000, 0x0000000083900000|100%| O|  |TAMS 0x0000000083900000, 0x0000000083800000| Untracked 
|  57|0x0000000083900000, 0x0000000083a00000, 0x0000000083a00000|100%| O|  |TAMS 0x0000000083a00000, 0x0000000083900000| Untracked 
|  58|0x0000000083a00000, 0x0000000083b00000, 0x0000000083b00000|100%| O|  |TAMS 0x0000000083b00000, 0x0000000083a00000| Untracked 
|  59|0x0000000083b00000, 0x0000000083c00000, 0x0000000083c00000|100%| O|  |TAMS 0x0000000083c00000, 0x0000000083b00000| Untracked 
|  60|0x0000000083c00000, 0x0000000083d00000, 0x0000000083d00000|100%| O|  |TAMS 0x0000000083d00000, 0x0000000083c00000| Untracked 
|  61|0x0000000083d00000, 0x0000000083e00000, 0x0000000083e00000|100%| O|  |TAMS 0x0000000083e00000, 0x0000000083d00000| Untracked 
|  62|0x0000000083e00000, 0x0000000083f00000, 0x0000000083f00000|100%| O|  |TAMS 0x0000000083f00000, 0x0000000083e00000| Untracked 
|  63|0x0000000083f00000, 0x0000000084000000, 0x0000000084000000|100%| O|  |TAMS 0x0000000084000000, 0x0000000083f00000| Untracked 
|  64|0x0000000084000000, 0x0000000084100000, 0x0000000084100000|100%| O|  |TAMS 0x0000000084100000, 0x0000000084000000| Untracked 
|  65|0x0000000084100000, 0x0000000084200000, 0x0000000084200000|100%| O|  |TAMS 0x0000000084200000, 0x0000000084100000| Untracked 
|  66|0x0000000084200000, 0x0000000084300000, 0x0000000084300000|100%| O|  |TAMS 0x0000000084300000, 0x0000000084200000| Updating 
|  67|0x0000000084300000, 0x0000000084400000, 0x0000000084400000|100%| O|  |TAMS 0x0000000084400000, 0x0000000084300000| Updating 
|  68|0x0000000084400000, 0x0000000084500000, 0x0000000084500000|100%| O|  |TAMS 0x0000000084500000, 0x0000000084400000| Updating 
|  69|0x0000000084500000, 0x0000000084600000, 0x0000000084600000|100%| O|  |TAMS 0x0000000084600000, 0x0000000084500000| Updating 
|  70|0x0000000084600000, 0x0000000084700000, 0x0000000084700000|100%| O|  |TAMS 0x0000000084700000, 0x0000000084600000| Updating 
|  71|0x0000000084700000, 0x0000000084800000, 0x0000000084800000|100%|HS|  |TAMS 0x0000000084800000, 0x0000000084700000| Complete 
|  72|0x0000000084800000, 0x0000000084900000, 0x0000000084900000|100%|HS|  |TAMS 0x0000000084900000, 0x0000000084800000| Complete 
|  73|0x0000000084900000, 0x0000000084a00000, 0x0000000084a00000|100%|HC|  |TAMS 0x0000000084a00000, 0x0000000084900000| Complete 
|  74|0x0000000084a00000, 0x0000000084b00000, 0x0000000084b00000|100%|HS|  |TAMS 0x0000000084b00000, 0x0000000084a00000| Complete 
|  75|0x0000000084b00000, 0x0000000084c00000, 0x0000000084c00000|100%|HS|  |TAMS 0x0000000084c00000, 0x0000000084b00000| Complete 
|  76|0x0000000084c00000, 0x0000000084d00000, 0x0000000084d00000|100%|HS|  |TAMS 0x0000000084d00000, 0x0000000084c00000| Complete 
|  77|0x0000000084d00000, 0x0000000084e00000, 0x0000000084e00000|100%|HC|  |TAMS 0x0000000084e00000, 0x0000000084d00000| Complete 
|  78|0x0000000084e00000, 0x0000000084f00000, 0x0000000084f00000|100%|HC|  |TAMS 0x0000000084f00000, 0x0000000084e00000| Complete 
|  79|0x0000000084f00000, 0x0000000085000000, 0x0000000085000000|100%|HC|  |TAMS 0x0000000085000000, 0x0000000084f00000| Complete 
|  80|0x0000000085000000, 0x0000000085100000, 0x0000000085100000|100%| O|  |TAMS 0x0000000085100000, 0x0000000085000000| Updating 
|  81|0x0000000085100000, 0x0000000085200000, 0x0000000085200000|100%| O|  |TAMS 0x0000000085200000, 0x0000000085100000| Untracked 
|  82|0x0000000085200000, 0x0000000085300000, 0x0000000085300000|100%| O|  |TAMS 0x0000000085300000, 0x0000000085200000| Untracked 
|  83|0x0000000085300000, 0x0000000085400000, 0x0000000085400000|100%| O|  |TAMS 0x0000000085400000, 0x0000000085300000| Untracked 
|  84|0x0000000085400000, 0x0000000085500000, 0x0000000085500000|100%| O|  |TAMS 0x0000000085500000, 0x0000000085400000| Untracked 
|  85|0x0000000085500000, 0x0000000085600000, 0x0000000085600000|100%| O|  |TAMS 0x0000000085600000, 0x0000000085500000| Untracked 
|  86|0x0000000085600000, 0x0000000085700000, 0x0000000085700000|100%| O|  |TAMS 0x0000000085700000, 0x0000000085600000| Untracked 
|  87|0x0000000085700000, 0x0000000085800000, 0x0000000085800000|100%| O|  |TAMS 0x0000000085800000, 0x0000000085700000| Untracked 
|  88|0x0000000085800000, 0x0000000085900000, 0x0000000085900000|100%|HS|  |TAMS 0x0000000085900000, 0x0000000085800000| Complete 
|  89|0x0000000085900000, 0x0000000085a00000, 0x0000000085a00000|100%|HC|  |TAMS 0x0000000085a00000, 0x0000000085900000| Complete 
|  90|0x0000000085a00000, 0x0000000085b00000, 0x0000000085b00000|100%|HS|  |TAMS 0x0000000085b00000, 0x0000000085a00000| Complete 
|  91|0x0000000085b00000, 0x0000000085c00000, 0x0000000085c00000|100%| O|  |TAMS 0x0000000085c00000, 0x0000000085b00000| Updating 
|  92|0x0000000085c00000, 0x0000000085d00000, 0x0000000085d00000|100%| O|  |TAMS 0x0000000085d00000, 0x0000000085c00000| Untracked 
|  93|0x0000000085d00000, 0x0000000085e00000, 0x0000000085e00000|100%| O|  |TAMS 0x0000000085e00000, 0x0000000085d00000| Updating 
|  94|0x0000000085e00000, 0x0000000085f00000, 0x0000000085f00000|100%| O|  |TAMS 0x0000000085f00000, 0x0000000085e00000| Untracked 
|  95|0x0000000085f00000, 0x0000000086000000, 0x0000000086000000|100%| O|  |TAMS 0x0000000086000000, 0x0000000085f00000| Untracked 
|  96|0x0000000086000000, 0x0000000086100000, 0x0000000086100000|100%| O|  |TAMS 0x0000000086100000, 0x0000000086000000| Updating 
|  97|0x0000000086100000, 0x0000000086200000, 0x0000000086200000|100%| O|  |TAMS 0x0000000086200000, 0x0000000086100000| Updating 
|  98|0x0000000086200000, 0x0000000086300000, 0x0000000086300000|100%| O|  |TAMS 0x0000000086300000, 0x0000000086200000| Untracked 
|  99|0x0000000086300000, 0x0000000086400000, 0x0000000086400000|100%| O|  |TAMS 0x0000000086400000, 0x0000000086300000| Untracked 
| 100|0x0000000086400000, 0x0000000086500000, 0x0000000086500000|100%| O|  |TAMS 0x0000000086500000, 0x0000000086400000| Untracked 
| 101|0x0000000086500000, 0x0000000086600000, 0x0000000086600000|100%| O|  |TAMS 0x0000000086600000, 0x0000000086500000| Updating 
| 102|0x0000000086600000, 0x0000000086700000, 0x0000000086700000|100%|HS|  |TAMS 0x0000000086700000, 0x0000000086600000| Complete 
| 103|0x0000000086700000, 0x0000000086800000, 0x0000000086800000|100%|HC|  |TAMS 0x0000000086800000, 0x0000000086700000| Complete 
| 104|0x0000000086800000, 0x0000000086900000, 0x0000000086900000|100%|HC|  |TAMS 0x0000000086900000, 0x0000000086800000| Complete 
| 105|0x0000000086900000, 0x0000000086a00000, 0x0000000086a00000|100%|HC|  |TAMS 0x0000000086a00000, 0x0000000086900000| Complete 
| 106|0x0000000086a00000, 0x0000000086b00000, 0x0000000086b00000|100%| O|  |TAMS 0x0000000086b00000, 0x0000000086a00000| Untracked 
| 107|0x0000000086b00000, 0x0000000086c00000, 0x0000000086c00000|100%| O|  |TAMS 0x0000000086c00000, 0x0000000086b00000| Updating 
| 108|0x0000000086c00000, 0x0000000086d00000, 0x0000000086d00000|100%| O|  |TAMS 0x0000000086d00000, 0x0000000086c00000| Untracked 
| 109|0x0000000086d00000, 0x0000000086e00000, 0x0000000086e00000|100%| O|  |TAMS 0x0000000086e00000, 0x0000000086d00000| Untracked 
| 110|0x0000000086e00000, 0x0000000086f00000, 0x0000000086f00000|100%| O|  |TAMS 0x0000000086f00000, 0x0000000086e00000| Untracked 
| 111|0x0000000086f00000, 0x0000000087000000, 0x0000000087000000|100%| O|  |TAMS 0x0000000087000000, 0x0000000086f00000| Updating 
| 112|0x0000000087000000, 0x0000000087100000, 0x0000000087100000|100%| O|  |TAMS 0x0000000087100000, 0x0000000087000000| Untracked 
| 113|0x0000000087100000, 0x0000000087200000, 0x0000000087200000|100%| O|  |TAMS 0x0000000087200000, 0x0000000087100000| Updating 
| 114|0x0000000087200000, 0x0000000087300000, 0x0000000087300000|100%|HS|  |TAMS 0x0000000087300000, 0x0000000087200000| Complete 
| 115|0x0000000087300000, 0x0000000087400000, 0x0000000087400000|100%|HC|  |TAMS 0x0000000087400000, 0x0000000087300000| Complete 
| 116|0x0000000087400000, 0x0000000087500000, 0x0000000087500000|100%|HS|  |TAMS 0x0000000087500000, 0x0000000087400000| Complete 
| 117|0x0000000087500000, 0x0000000087600000, 0x0000000087600000|100%|HC|  |TAMS 0x0000000087600000, 0x0000000087500000| Complete 
| 118|0x0000000087600000, 0x0000000087700000, 0x0000000087700000|100%|HC|  |TAMS 0x0000000087700000, 0x0000000087600000| Complete 
| 119|0x0000000087700000, 0x0000000087800000, 0x0000000087800000|100%|HS|  |TAMS 0x0000000087800000, 0x0000000087700000| Complete 
| 120|0x0000000087800000, 0x0000000087900000, 0x0000000087900000|100%|HC|  |TAMS 0x0000000087900000, 0x0000000087800000| Complete 
| 121|0x0000000087900000, 0x0000000087a00000, 0x0000000087a00000|100%|HC|  |TAMS 0x0000000087a00000, 0x0000000087900000| Complete 
| 122|0x0000000087a00000, 0x0000000087b00000, 0x0000000087b00000|100%|HS|  |TAMS 0x0000000087b00000, 0x0000000087a00000| Complete 
| 123|0x0000000087b00000, 0x0000000087c00000, 0x0000000087c00000|100%|HC|  |TAMS 0x0000000087c00000, 0x0000000087b00000| Complete 
| 124|0x0000000087c00000, 0x0000000087d00000, 0x0000000087d00000|100%|HC|  |TAMS 0x0000000087d00000, 0x0000000087c00000| Complete 
| 125|0x0000000087d00000, 0x0000000087e00000, 0x0000000087e00000|100%|HC|  |TAMS 0x0000000087e00000, 0x0000000087d00000| Complete 
| 126|0x0000000087e00000, 0x0000000087f00000, 0x0000000087f00000|100%|HC|  |TAMS 0x0000000087f00000, 0x0000000087e00000| Complete 
| 127|0x0000000087f00000, 0x0000000088000000, 0x0000000088000000|100%|HC|  |TAMS 0x0000000088000000, 0x0000000087f00000| Complete 
| 128|0x0000000088000000, 0x0000000088100000, 0x0000000088100000|100%|HC|  |TAMS 0x0000000088100000, 0x0000000088000000| Complete 
| 129|0x0000000088100000, 0x0000000088200000, 0x0000000088200000|100%|HC|  |TAMS 0x0000000088200000, 0x0000000088100000| Complete 
| 130|0x0000000088200000, 0x0000000088300000, 0x0000000088300000|100%|HC|  |TAMS 0x0000000088300000, 0x0000000088200000| Complete 
| 131|0x0000000088300000, 0x0000000088400000, 0x0000000088400000|100%|HC|  |TAMS 0x0000000088400000, 0x0000000088300000| Complete 
| 132|0x0000000088400000, 0x0000000088500000, 0x0000000088500000|100%|HC|  |TAMS 0x0000000088500000, 0x0000000088400000| Complete 
| 133|0x0000000088500000, 0x0000000088600000, 0x0000000088600000|100%|HC|  |TAMS 0x0000000088600000, 0x0000000088500000| Complete 
| 134|0x0000000088600000, 0x0000000088700000, 0x0000000088700000|100%|HS|  |TAMS 0x0000000088700000, 0x0000000088600000| Complete 
| 135|0x0000000088700000, 0x0000000088800000, 0x0000000088800000|100%|HC|  |TAMS 0x0000000088800000, 0x0000000088700000| Complete 
| 136|0x0000000088800000, 0x0000000088900000, 0x0000000088900000|100%| O|  |TAMS 0x0000000088900000, 0x0000000088800000| Updating 
| 137|0x0000000088900000, 0x0000000088a00000, 0x0000000088a00000|100%| O|  |TAMS 0x0000000088a00000, 0x0000000088900000| Updating 
| 138|0x0000000088a00000, 0x0000000088b00000, 0x0000000088b00000|100%| O|  |TAMS 0x0000000088b00000, 0x0000000088a00000| Untracked 
| 139|0x0000000088b00000, 0x0000000088c00000, 0x0000000088c00000|100%| O|  |TAMS 0x0000000088c00000, 0x0000000088b00000| Untracked 
| 140|0x0000000088c00000, 0x0000000088d00000, 0x0000000088d00000|100%| O|  |TAMS 0x0000000088d00000, 0x0000000088c00000| Untracked 
| 141|0x0000000088d00000, 0x0000000088e00000, 0x0000000088e00000|100%| O|  |TAMS 0x0000000088e00000, 0x0000000088d00000| Untracked 
| 142|0x0000000088e00000, 0x0000000088f00000, 0x0000000088f00000|100%| O|  |TAMS 0x0000000088f00000, 0x0000000088e00000| Updating 
| 143|0x0000000088f00000, 0x0000000089000000, 0x0000000089000000|100%| O|  |TAMS 0x0000000089000000, 0x0000000088f00000| Updating 
| 144|0x0000000089000000, 0x0000000089100000, 0x0000000089100000|100%| O|  |TAMS 0x0000000089100000, 0x0000000089000000| Untracked 
| 145|0x0000000089100000, 0x0000000089200000, 0x0000000089200000|100%| O|  |TAMS 0x0000000089200000, 0x0000000089100000| Updating 
| 146|0x0000000089200000, 0x0000000089300000, 0x0000000089300000|100%| O|  |TAMS 0x0000000089300000, 0x0000000089200000| Updating 
| 147|0x0000000089300000, 0x0000000089400000, 0x0000000089400000|100%| O|  |TAMS 0x0000000089400000, 0x0000000089300000| Updating 
| 148|0x0000000089400000, 0x0000000089500000, 0x0000000089500000|100%| O|  |TAMS 0x0000000089500000, 0x0000000089400000| Updating 
| 149|0x0000000089500000, 0x0000000089600000, 0x0000000089600000|100%| O|  |TAMS 0x0000000089600000, 0x0000000089500000| Untracked 
| 150|0x0000000089600000, 0x0000000089700000, 0x0000000089700000|100%| O|  |TAMS 0x0000000089700000, 0x0000000089600000| Updating 
| 151|0x0000000089700000, 0x0000000089800000, 0x0000000089800000|100%| O|  |TAMS 0x0000000089800000, 0x0000000089700000| Updating 
| 152|0x0000000089800000, 0x0000000089900000, 0x0000000089900000|100%| O|  |TAMS 0x0000000089900000, 0x0000000089800000| Updating 
| 153|0x0000000089900000, 0x0000000089a00000, 0x0000000089a00000|100%| O|  |TAMS 0x0000000089a00000, 0x0000000089900000| Updating 
| 154|0x0000000089a00000, 0x0000000089b00000, 0x0000000089b00000|100%| O|  |TAMS 0x0000000089b00000, 0x0000000089a00000| Updating 
| 155|0x0000000089b00000, 0x0000000089c00000, 0x0000000089c00000|100%| O|  |TAMS 0x0000000089c00000, 0x0000000089b00000| Updating 
| 156|0x0000000089c00000, 0x0000000089d00000, 0x0000000089d00000|100%| O|  |TAMS 0x0000000089d00000, 0x0000000089c00000| Untracked 
| 157|0x0000000089d00000, 0x0000000089e00000, 0x0000000089e00000|100%| O|  |TAMS 0x0000000089e00000, 0x0000000089d00000| Updating 
| 158|0x0000000089e00000, 0x0000000089f00000, 0x0000000089f00000|100%| O|  |TAMS 0x0000000089f00000, 0x0000000089e00000| Updating 
| 159|0x0000000089f00000, 0x000000008a000000, 0x000000008a000000|100%| O|  |TAMS 0x000000008a000000, 0x0000000089f00000| Updating 
| 160|0x000000008a000000, 0x000000008a100000, 0x000000008a100000|100%| O|  |TAMS 0x000000008a100000, 0x000000008a000000| Updating 
| 161|0x000000008a100000, 0x000000008a200000, 0x000000008a200000|100%| O|  |TAMS 0x000000008a200000, 0x000000008a100000| Updating 
| 162|0x000000008a200000, 0x000000008a300000, 0x000000008a300000|100%| O|  |TAMS 0x000000008a300000, 0x000000008a200000| Updating 
| 163|0x000000008a300000, 0x000000008a400000, 0x000000008a400000|100%| O|  |TAMS 0x000000008a400000, 0x000000008a300000| Updating 
| 164|0x000000008a400000, 0x000000008a500000, 0x000000008a500000|100%| O|  |TAMS 0x000000008a500000, 0x000000008a400000| Updating 
| 165|0x000000008a500000, 0x000000008a600000, 0x000000008a600000|100%| O|  |TAMS 0x000000008a600000, 0x000000008a500000| Updating 
| 166|0x000000008a600000, 0x000000008a700000, 0x000000008a700000|100%| O|  |TAMS 0x000000008a700000, 0x000000008a600000| Updating 
| 167|0x000000008a700000, 0x000000008a800000, 0x000000008a800000|100%| O|  |TAMS 0x000000008a800000, 0x000000008a700000| Updating 
| 168|0x000000008a800000, 0x000000008a900000, 0x000000008a900000|100%| O|  |TAMS 0x000000008a900000, 0x000000008a800000| Updating 
| 169|0x000000008a900000, 0x000000008aa00000, 0x000000008aa00000|100%| O|  |TAMS 0x000000008aa00000, 0x000000008a900000| Updating 
| 170|0x000000008aa00000, 0x000000008ab00000, 0x000000008ab00000|100%| O|  |TAMS 0x000000008ab00000, 0x000000008aa00000| Updating 
| 171|0x000000008ab00000, 0x000000008ac00000, 0x000000008ac00000|100%| O|  |TAMS 0x000000008ac00000, 0x000000008ab00000| Updating 
| 172|0x000000008ac00000, 0x000000008ad00000, 0x000000008ad00000|100%| O|  |TAMS 0x000000008ad00000, 0x000000008ac00000| Updating 
| 173|0x000000008ad00000, 0x000000008ae00000, 0x000000008ae00000|100%| O|  |TAMS 0x000000008ae00000, 0x000000008ad00000| Updating 
| 174|0x000000008ae00000, 0x000000008af00000, 0x000000008af00000|100%| O|  |TAMS 0x000000008af00000, 0x000000008ae00000| Updating 
| 175|0x000000008af00000, 0x000000008b000000, 0x000000008b000000|100%| O|  |TAMS 0x000000008b000000, 0x000000008af00000| Updating 
| 176|0x000000008b000000, 0x000000008b100000, 0x000000008b100000|100%| O|  |TAMS 0x000000008b100000, 0x000000008b000000| Untracked 
| 177|0x000000008b100000, 0x000000008b200000, 0x000000008b200000|100%| O|  |TAMS 0x000000008b200000, 0x000000008b100000| Untracked 
| 178|0x000000008b200000, 0x000000008b300000, 0x000000008b300000|100%| O|  |TAMS 0x000000008b300000, 0x000000008b200000| Updating 
| 179|0x000000008b300000, 0x000000008b400000, 0x000000008b400000|100%| O|  |TAMS 0x000000008b400000, 0x000000008b300000| Updating 
| 180|0x000000008b400000, 0x000000008b500000, 0x000000008b500000|100%| O|  |TAMS 0x000000008b500000, 0x000000008b400000| Updating 
| 181|0x000000008b500000, 0x000000008b600000, 0x000000008b600000|100%| O|  |TAMS 0x000000008b600000, 0x000000008b500000| Untracked 
| 182|0x000000008b600000, 0x000000008b700000, 0x000000008b700000|100%| O|  |TAMS 0x000000008b700000, 0x000000008b600000| Untracked 
| 183|0x000000008b700000, 0x000000008b800000, 0x000000008b800000|100%| O|  |TAMS 0x000000008b800000, 0x000000008b700000| Untracked 
| 184|0x000000008b800000, 0x000000008b900000, 0x000000008b900000|100%| O|  |TAMS 0x000000008b900000, 0x000000008b800000| Untracked 
| 185|0x000000008b900000, 0x000000008ba00000, 0x000000008ba00000|100%| O|  |TAMS 0x000000008ba00000, 0x000000008b900000| Untracked 
| 186|0x000000008ba00000, 0x000000008bb00000, 0x000000008bb00000|100%| O|  |TAMS 0x000000008ba66600, 0x000000008ba00000| Updating 
| 187|0x000000008bb00000, 0x000000008bc00000, 0x000000008bc00000|100%| O|  |TAMS 0x000000008bb00000, 0x000000008bb00000| Untracked 
| 188|0x000000008bc00000, 0x000000008bd00000, 0x000000008bd00000|100%| O|  |TAMS 0x000000008bc00000, 0x000000008bc00000| Untracked 
| 189|0x000000008bd00000, 0x000000008be00000, 0x000000008be00000|100%| O|  |TAMS 0x000000008bd00000, 0x000000008bd00000| Untracked 
| 190|0x000000008be00000, 0x000000008bf00000, 0x000000008bf00000|100%| O|  |TAMS 0x000000008be00000, 0x000000008be00000| Untracked 
| 191|0x000000008bf00000, 0x000000008c000000, 0x000000008c000000|100%| O|  |TAMS 0x000000008bf00000, 0x000000008bf00000| Untracked 
| 192|0x000000008c000000, 0x000000008c100000, 0x000000008c100000|100%| O|  |TAMS 0x000000008c000000, 0x000000008c000000| Untracked 
| 193|0x000000008c100000, 0x000000008c200000, 0x000000008c200000|100%| O|  |TAMS 0x000000008c100000, 0x000000008c100000| Untracked 
| 194|0x000000008c200000, 0x000000008c2b5c00, 0x000000008c300000| 70%| O|  |TAMS 0x000000008c200000, 0x000000008c200000| Updating 
| 195|0x000000008c300000, 0x000000008c300000, 0x000000008c400000|  0%| F|  |TAMS 0x000000008c300000, 0x000000008c300000| Untracked 
| 196|0x000000008c400000, 0x000000008c400000, 0x000000008c500000|  0%| F|  |TAMS 0x000000008c400000, 0x000000008c400000| Untracked 
| 197|0x000000008c500000, 0x000000008c500000, 0x000000008c600000|  0%| F|  |TAMS 0x000000008c500000, 0x000000008c500000| Untracked 
| 198|0x000000008c600000, 0x000000008c600000, 0x000000008c700000|  0%| F|  |TAMS 0x000000008c600000, 0x000000008c600000| Untracked 
| 199|0x000000008c700000, 0x000000008c700000, 0x000000008c800000|  0%| F|  |TAMS 0x000000008c700000, 0x000000008c700000| Untracked 
| 200|0x000000008c800000, 0x000000008c800000, 0x000000008c900000|  0%| F|  |TAMS 0x000000008c800000, 0x000000008c800000| Untracked 
| 201|0x000000008c900000, 0x000000008c900000, 0x000000008ca00000|  0%| F|  |TAMS 0x000000008c900000, 0x000000008c900000| Untracked 
| 202|0x000000008ca00000, 0x000000008ca00000, 0x000000008cb00000|  0%| F|  |TAMS 0x000000008ca00000, 0x000000008ca00000| Untracked 
| 203|0x000000008cb00000, 0x000000008cb00000, 0x000000008cc00000|  0%| F|  |TAMS 0x000000008cb00000, 0x000000008cb00000| Untracked 
| 204|0x000000008cc00000, 0x000000008cc00000, 0x000000008cd00000|  0%| F|  |TAMS 0x000000008cc00000, 0x000000008cc00000| Untracked 
| 205|0x000000008cd00000, 0x000000008cd00000, 0x000000008ce00000|  0%| F|  |TAMS 0x000000008cd00000, 0x000000008cd00000| Untracked 
| 206|0x000000008ce00000, 0x000000008ce00000, 0x000000008cf00000|  0%| F|  |TAMS 0x000000008ce00000, 0x000000008ce00000| Untracked 
| 207|0x000000008cf00000, 0x000000008cf00000, 0x000000008d000000|  0%| F|  |TAMS 0x000000008cf00000, 0x000000008cf00000| Untracked 
| 208|0x000000008d000000, 0x000000008d000000, 0x000000008d100000|  0%| F|  |TAMS 0x000000008d000000, 0x000000008d000000| Untracked 
| 209|0x000000008d100000, 0x000000008d100000, 0x000000008d200000|  0%| F|  |TAMS 0x000000008d100000, 0x000000008d100000| Untracked 
| 210|0x000000008d200000, 0x000000008d200000, 0x000000008d300000|  0%| F|  |TAMS 0x000000008d200000, 0x000000008d200000| Untracked 
| 211|0x000000008d300000, 0x000000008d300000, 0x000000008d400000|  0%| F|  |TAMS 0x000000008d300000, 0x000000008d300000| Untracked 
| 212|0x000000008d400000, 0x000000008d400000, 0x000000008d500000|  0%| F|  |TAMS 0x000000008d400000, 0x000000008d400000| Untracked 
| 213|0x000000008d500000, 0x000000008d500000, 0x000000008d600000|  0%| F|  |TAMS 0x000000008d500000, 0x000000008d500000| Untracked 
| 214|0x000000008d600000, 0x000000008d600000, 0x000000008d700000|  0%| F|  |TAMS 0x000000008d600000, 0x000000008d600000| Untracked 
| 215|0x000000008d700000, 0x000000008d700000, 0x000000008d800000|  0%| F|  |TAMS 0x000000008d700000, 0x000000008d700000| Untracked 
| 216|0x000000008d800000, 0x000000008d800000, 0x000000008d900000|  0%| F|  |TAMS 0x000000008d800000, 0x000000008d800000| Untracked 
| 217|0x000000008d900000, 0x000000008d900000, 0x000000008da00000|  0%| F|  |TAMS 0x000000008d900000, 0x000000008d900000| Untracked 
| 218|0x000000008da00000, 0x000000008da00000, 0x000000008db00000|  0%| F|  |TAMS 0x000000008da00000, 0x000000008da00000| Untracked 
| 219|0x000000008db00000, 0x000000008db00000, 0x000000008dc00000|  0%| F|  |TAMS 0x000000008db00000, 0x000000008db00000| Untracked 
| 220|0x000000008dc00000, 0x000000008dc00000, 0x000000008dd00000|  0%| F|  |TAMS 0x000000008dc00000, 0x000000008dc00000| Untracked 
| 221|0x000000008dd00000, 0x000000008dd00000, 0x000000008de00000|  0%| F|  |TAMS 0x000000008dd00000, 0x000000008dd00000| Untracked 
| 222|0x000000008de00000, 0x000000008de00000, 0x000000008df00000|  0%| F|  |TAMS 0x000000008de00000, 0x000000008de00000| Untracked 
| 223|0x000000008df00000, 0x000000008df00000, 0x000000008e000000|  0%| F|  |TAMS 0x000000008df00000, 0x000000008df00000| Untracked 
| 224|0x000000008e000000, 0x000000008e000000, 0x000000008e100000|  0%| F|  |TAMS 0x000000008e000000, 0x000000008e000000| Untracked 
| 225|0x000000008e100000, 0x000000008e100000, 0x000000008e200000|  0%| F|  |TAMS 0x000000008e100000, 0x000000008e100000| Untracked 
| 226|0x000000008e200000, 0x000000008e200000, 0x000000008e300000|  0%| F|  |TAMS 0x000000008e200000, 0x000000008e200000| Untracked 
| 227|0x000000008e300000, 0x000000008e300000, 0x000000008e400000|  0%| F|  |TAMS 0x000000008e300000, 0x000000008e300000| Untracked 
| 228|0x000000008e400000, 0x000000008e400000, 0x000000008e500000|  0%| F|  |TAMS 0x000000008e400000, 0x000000008e400000| Untracked 
| 229|0x000000008e500000, 0x000000008e500000, 0x000000008e600000|  0%| F|  |TAMS 0x000000008e500000, 0x000000008e500000| Untracked 
| 230|0x000000008e600000, 0x000000008e600000, 0x000000008e700000|  0%| F|  |TAMS 0x000000008e600000, 0x000000008e600000| Untracked 
| 231|0x000000008e700000, 0x000000008e700000, 0x000000008e800000|  0%| F|  |TAMS 0x000000008e700000, 0x000000008e700000| Untracked 
| 232|0x000000008e800000, 0x000000008e800000, 0x000000008e900000|  0%| F|  |TAMS 0x000000008e800000, 0x000000008e800000| Untracked 
| 233|0x000000008e900000, 0x000000008e900000, 0x000000008ea00000|  0%| F|  |TAMS 0x000000008e900000, 0x000000008e900000| Untracked 
| 234|0x000000008ea00000, 0x000000008ea00000, 0x000000008eb00000|  0%| F|  |TAMS 0x000000008ea00000, 0x000000008ea00000| Untracked 
| 235|0x000000008eb00000, 0x000000008eb00000, 0x000000008ec00000|  0%| F|  |TAMS 0x000000008eb00000, 0x000000008eb00000| Untracked 
| 236|0x000000008ec00000, 0x000000008ec00000, 0x000000008ed00000|  0%| F|  |TAMS 0x000000008ec00000, 0x000000008ec00000| Untracked 
| 237|0x000000008ed00000, 0x000000008ed00000, 0x000000008ee00000|  0%| F|  |TAMS 0x000000008ed00000, 0x000000008ed00000| Untracked 
| 238|0x000000008ee00000, 0x000000008ee00000, 0x000000008ef00000|  0%| F|  |TAMS 0x000000008ee00000, 0x000000008ee00000| Untracked 
| 239|0x000000008ef00000, 0x000000008f000000, 0x000000008f000000|100%| S|CS|TAMS 0x000000008ef00000, 0x000000008ef00000| Complete 
| 240|0x000000008f000000, 0x000000008f100000, 0x000000008f100000|100%| S|CS|TAMS 0x000000008f000000, 0x000000008f000000| Complete 
| 241|0x000000008f100000, 0x000000008f200000, 0x000000008f200000|100%| S|CS|TAMS 0x000000008f100000, 0x000000008f100000| Complete 
| 242|0x000000008f200000, 0x000000008f300000, 0x000000008f300000|100%| S|CS|TAMS 0x000000008f200000, 0x000000008f200000| Complete 
| 243|0x000000008f300000, 0x000000008f400000, 0x000000008f400000|100%| S|CS|TAMS 0x000000008f300000, 0x000000008f300000| Complete 
| 244|0x000000008f400000, 0x000000008f400000, 0x000000008f500000|  0%| F|  |TAMS 0x000000008f400000, 0x000000008f400000| Untracked 
| 245|0x000000008f500000, 0x000000008f500000, 0x000000008f600000|  0%| F|  |TAMS 0x000000008f500000, 0x000000008f500000| Untracked 
| 246|0x000000008f600000, 0x000000008f600000, 0x000000008f700000|  0%| F|  |TAMS 0x000000008f600000, 0x000000008f600000| Untracked 
| 247|0x000000008f700000, 0x000000008f700000, 0x000000008f800000|  0%| F|  |TAMS 0x000000008f700000, 0x000000008f700000| Untracked 
| 248|0x000000008f800000, 0x000000008f800000, 0x000000008f900000|  0%| F|  |TAMS 0x000000008f800000, 0x000000008f800000| Untracked 
| 249|0x000000008f900000, 0x000000008f900000, 0x000000008fa00000|  0%| F|  |TAMS 0x000000008f900000, 0x000000008f900000| Untracked 
| 250|0x000000008fa00000, 0x000000008fa00000, 0x000000008fb00000|  0%| F|  |TAMS 0x000000008fa00000, 0x000000008fa00000| Untracked 
| 251|0x000000008fb00000, 0x000000008fb00000, 0x000000008fc00000|  0%| F|  |TAMS 0x000000008fb00000, 0x000000008fb00000| Untracked 
| 252|0x000000008fc00000, 0x000000008fc00000, 0x000000008fd00000|  0%| F|  |TAMS 0x000000008fc00000, 0x000000008fc00000| Untracked 
| 253|0x000000008fd00000, 0x000000008fd00000, 0x000000008fe00000|  0%| F|  |TAMS 0x000000008fd00000, 0x000000008fd00000| Untracked 
| 254|0x000000008fe00000, 0x000000008fe00000, 0x000000008ff00000|  0%| F|  |TAMS 0x000000008fe00000, 0x000000008fe00000| Untracked 
| 255|0x000000008ff00000, 0x000000008ff00000, 0x0000000090000000|  0%| F|  |TAMS 0x000000008ff00000, 0x000000008ff00000| Untracked 
| 256|0x0000000090000000, 0x0000000090000000, 0x0000000090100000|  0%| F|  |TAMS 0x0000000090000000, 0x0000000090000000| Untracked 
| 257|0x0000000090100000, 0x0000000090100000, 0x0000000090200000|  0%| F|  |TAMS 0x0000000090100000, 0x0000000090100000| Untracked 
| 258|0x0000000090200000, 0x0000000090200000, 0x0000000090300000|  0%| F|  |TAMS 0x0000000090200000, 0x0000000090200000| Untracked 
| 259|0x0000000090300000, 0x0000000090300000, 0x0000000090400000|  0%| F|  |TAMS 0x0000000090300000, 0x0000000090300000| Untracked 
| 260|0x0000000090400000, 0x0000000090400000, 0x0000000090500000|  0%| F|  |TAMS 0x0000000090400000, 0x0000000090400000| Untracked 
| 261|0x0000000090500000, 0x0000000090500000, 0x0000000090600000|  0%| F|  |TAMS 0x0000000090500000, 0x0000000090500000| Untracked 
| 262|0x0000000090600000, 0x0000000090600000, 0x0000000090700000|  0%| F|  |TAMS 0x0000000090600000, 0x0000000090600000| Untracked 
| 263|0x0000000090700000, 0x0000000090700000, 0x0000000090800000|  0%| F|  |TAMS 0x0000000090700000, 0x0000000090700000| Untracked 
| 264|0x0000000090800000, 0x0000000090800000, 0x0000000090900000|  0%| F|  |TAMS 0x0000000090800000, 0x0000000090800000| Untracked 
| 265|0x0000000090900000, 0x0000000090900000, 0x0000000090a00000|  0%| F|  |TAMS 0x0000000090900000, 0x0000000090900000| Untracked 
| 266|0x0000000090a00000, 0x0000000090a00000, 0x0000000090b00000|  0%| F|  |TAMS 0x0000000090a00000, 0x0000000090a00000| Untracked 
| 267|0x0000000090b00000, 0x0000000090b00000, 0x0000000090c00000|  0%| F|  |TAMS 0x0000000090b00000, 0x0000000090b00000| Untracked 
| 268|0x0000000090c00000, 0x0000000090c00000, 0x0000000090d00000|  0%| F|  |TAMS 0x0000000090c00000, 0x0000000090c00000| Untracked 
| 269|0x0000000090d00000, 0x0000000090d00000, 0x0000000090e00000|  0%| F|  |TAMS 0x0000000090d00000, 0x0000000090d00000| Untracked 
| 270|0x0000000090e00000, 0x0000000090e00000, 0x0000000090f00000|  0%| F|  |TAMS 0x0000000090e00000, 0x0000000090e00000| Untracked 
| 271|0x0000000090f00000, 0x0000000090f00000, 0x0000000091000000|  0%| F|  |TAMS 0x0000000090f00000, 0x0000000090f00000| Untracked 
| 272|0x0000000091000000, 0x0000000091000000, 0x0000000091100000|  0%| F|  |TAMS 0x0000000091000000, 0x0000000091000000| Untracked 
| 273|0x0000000091100000, 0x0000000091100000, 0x0000000091200000|  0%| F|  |TAMS 0x0000000091100000, 0x0000000091100000| Untracked 
| 274|0x0000000091200000, 0x0000000091200000, 0x0000000091300000|  0%| F|  |TAMS 0x0000000091200000, 0x0000000091200000| Untracked 
| 275|0x0000000091300000, 0x0000000091300000, 0x0000000091400000|  0%| F|  |TAMS 0x0000000091300000, 0x0000000091300000| Untracked 
| 276|0x0000000091400000, 0x0000000091400000, 0x0000000091500000|  0%| F|  |TAMS 0x0000000091400000, 0x0000000091400000| Untracked 
| 277|0x0000000091500000, 0x0000000091500000, 0x0000000091600000|  0%| F|  |TAMS 0x0000000091500000, 0x0000000091500000| Untracked 
| 278|0x0000000091600000, 0x0000000091600000, 0x0000000091700000|  0%| F|  |TAMS 0x0000000091600000, 0x0000000091600000| Untracked 
| 279|0x0000000091700000, 0x0000000091700000, 0x0000000091800000|  0%| F|  |TAMS 0x0000000091700000, 0x0000000091700000| Untracked 
| 280|0x0000000091800000, 0x0000000091800000, 0x0000000091900000|  0%| F|  |TAMS 0x0000000091800000, 0x0000000091800000| Untracked 
| 281|0x0000000091900000, 0x0000000091900000, 0x0000000091a00000|  0%| F|  |TAMS 0x0000000091900000, 0x0000000091900000| Untracked 
| 282|0x0000000091a00000, 0x0000000091a00000, 0x0000000091b00000|  0%| F|  |TAMS 0x0000000091a00000, 0x0000000091a00000| Untracked 
| 283|0x0000000091b00000, 0x0000000091b00000, 0x0000000091c00000|  0%| F|  |TAMS 0x0000000091b00000, 0x0000000091b00000| Untracked 
| 284|0x0000000091c00000, 0x0000000091c00000, 0x0000000091d00000|  0%| F|  |TAMS 0x0000000091c00000, 0x0000000091c00000| Untracked 
| 285|0x0000000091d00000, 0x0000000091d00000, 0x0000000091e00000|  0%| F|  |TAMS 0x0000000091d00000, 0x0000000091d00000| Untracked 
| 286|0x0000000091e00000, 0x0000000091e00000, 0x0000000091f00000|  0%| F|  |TAMS 0x0000000091e00000, 0x0000000091e00000| Untracked 
| 287|0x0000000091f00000, 0x0000000091f00000, 0x0000000092000000|  0%| F|  |TAMS 0x0000000091f00000, 0x0000000091f00000| Untracked 
| 288|0x0000000092000000, 0x0000000092000000, 0x0000000092100000|  0%| F|  |TAMS 0x0000000092000000, 0x0000000092000000| Untracked 
| 289|0x0000000092100000, 0x0000000092180800, 0x0000000092200000| 50%| E|  |TAMS 0x0000000092100000, 0x0000000092100000| Complete 
| 290|0x0000000092200000, 0x0000000092300000, 0x0000000092300000|100%| E|CS|TAMS 0x0000000092200000, 0x0000000092200000| Complete 
| 291|0x0000000092300000, 0x0000000092400000, 0x0000000092400000|100%| E|CS|TAMS 0x0000000092300000, 0x0000000092300000| Complete 
| 292|0x0000000092400000, 0x0000000092500000, 0x0000000092500000|100%| E|  |TAMS 0x0000000092400000, 0x0000000092400000| Complete 
| 293|0x0000000092500000, 0x0000000092600000, 0x0000000092600000|100%| E|CS|TAMS 0x0000000092500000, 0x0000000092500000| Complete 
| 294|0x0000000092600000, 0x0000000092700000, 0x0000000092700000|100%| E|CS|TAMS 0x0000000092600000, 0x0000000092600000| Complete 
| 295|0x0000000092700000, 0x0000000092800000, 0x0000000092800000|100%| E|CS|TAMS 0x0000000092700000, 0x0000000092700000| Complete 
| 296|0x0000000092800000, 0x0000000092900000, 0x0000000092900000|100%| E|CS|TAMS 0x0000000092800000, 0x0000000092800000| Complete 
| 297|0x0000000092900000, 0x0000000092a00000, 0x0000000092a00000|100%| E|CS|TAMS 0x0000000092900000, 0x0000000092900000| Complete 
| 298|0x0000000092a00000, 0x0000000092b00000, 0x0000000092b00000|100%| E|CS|TAMS 0x0000000092a00000, 0x0000000092a00000| Complete 
| 299|0x0000000092b00000, 0x0000000092c00000, 0x0000000092c00000|100%| E|CS|TAMS 0x0000000092b00000, 0x0000000092b00000| Complete 

Card table byte_map: [0x00000212e5e60000,0x00000212e6260000] _byte_map_base: 0x00000212e5a60000

Marking Bits (Prev, Next): (CMBitMap*) 0x00000212d30a6620, (CMBitMap*) 0x00000212d30a65e0
 Prev Bits: [0x00000212e8660000, 0x00000212ea660000)
 Next Bits: [0x00000212e6660000, 0x00000212e8660000)

Polling page: 0x00000212d2810000

Metaspace:

Usage:
  Non-class:    108.22 MB used.
      Class:     16.79 MB used.
       Both:    125.00 MB used.

Virtual space:
  Non-class space:      112.00 MB reserved,     108.88 MB ( 97%) committed,  14 nodes.
      Class space:        1.00 GB reserved,      17.31 MB (  2%) committed,  1 nodes.
             Both:        1.11 GB reserved,     126.19 MB ( 11%) committed. 

Chunk freelists:
   Non-Class:  2.77 MB
       Class:  2.59 MB
        Both:  5.37 MB

MaxMetaspaceSize: unlimited
CompressedClassSpaceSize: 1.00 GB
Initial GC threshold: 21.00 MB
Current GC threshold: 195.00 MB
CDS: off
MetaspaceReclaimPolicy: balanced
 - commit_granule_bytes: 65536.
 - commit_granule_words: 8192.
 - virtual_space_node_default_size: 1048576.
 - enlarge_chunks_in_place: 1.
 - new_chunks_are_fully_committed: 0.
 - uncommit_free_chunks: 1.
 - use_allocation_guard: 0.
 - handle_deallocations: 1.


Internal statistics:

num_allocs_failed_limit: 3.
num_arena_births: 1882.
num_arena_deaths: 12.
num_vsnodes_births: 15.
num_vsnodes_deaths: 0.
num_space_committed: 2018.
num_space_uncommitted: 0.
num_chunks_returned_to_freelist: 26.
num_chunks_taken_from_freelist: 7006.
num_chunk_merges: 6.
num_chunk_splits: 4401.
num_chunks_enlarged: 2645.
num_purges: 10.
num_inconsistent_stats: 0.

CodeHeap 'non-profiled nmethods': size=120000Kb used=10006Kb max_used=10006Kb free=109993Kb
 bounds [0x00000212ddfe0000, 0x00000212de9b0000, 0x00000212e5510000]
CodeHeap 'profiled nmethods': size=120000Kb used=29421Kb max_used=29421Kb free=90578Kb
 bounds [0x00000212d6510000, 0x00000212d81d0000, 0x00000212dda40000]
CodeHeap 'non-nmethods': size=5760Kb used=2501Kb max_used=2642Kb free=3259Kb
 bounds [0x00000212dda40000, 0x00000212ddd00000, 0x00000212ddfe0000]
 total_blobs=15715 nmethods=14670 adapters=957
 compilation: enabled
              stopped_count=0, restarted_count=0
 full_count=0

Compilation events (20 events):
Event: 123.709 Thread 0x00000212edc8e7e0 17087       3       org.gradle.api.internal.provider.DefaultValueSourceProviderFactory::instantiateValueSourceProvider (20 bytes)
Event: 123.709 Thread 0x00000212edc8e7e0 nmethod 17087 0x00000212d81c5510 code [0x00000212d81c56e0, 0x00000212d81c5a88]
Event: 123.709 Thread 0x00000212edc8e7e0 17088       3       org.gradle.api.internal.provider.sources.GradlePropertyValueSource$Inject$$Lambda$930/0x0000000100884000::run (8 bytes)
Event: 123.709 Thread 0x00000212edc8e7e0 nmethod 17088 0x00000212d81c5c10 code [0x00000212d81c5e00, 0x00000212d81c6498]
Event: 123.709 Thread 0x00000212edc8e7e0 17089       3       org.gradle.api.internal.provider.sources.GradlePropertyValueSource$Inject::$gradleInitWork (15 bytes)
Event: 123.710 Thread 0x00000212edc8e7e0 nmethod 17089 0x00000212d81c6690 code [0x00000212d81c6880, 0x00000212d81c6e98]
Event: 123.710 Thread 0x00000212edc8e7e0 17090       3       org.gradle.api.internal.provider.sources.GradlePropertyValueSource::obtain (5 bytes)
Event: 123.710 Thread 0x00000212edc8e7e0 nmethod 17090 0x00000212d81c7010 code [0x00000212d81c72a0, 0x00000212d81c8288]
Event: 123.710 Thread 0x00000212edc8e7e0 17091       3       org.gradle.api.internal.provider.sources.GradlePropertyValueSource::obtain (25 bytes)
Event: 123.711 Thread 0x00000212edc8e7e0 nmethod 17091 0x00000212d81c8690 code [0x00000212d81c8960, 0x00000212d81c9db8]
Event: 123.711 Thread 0x00000212edc8e7e0 17094       3       org.gradle.api.internal.provider.AbstractMinimalProvider::getFactoryId (4 bytes)
Event: 123.711 Thread 0x00000212edc8e7e0 nmethod 17094 0x00000212d81ca290 code [0x00000212d81ca420, 0x00000212d81ca538]
Event: 123.711 Thread 0x00000212edc8e7e0 17092       3       org.gradle.api.internal.provider.sources.GradlePropertyValueSource$Inject::getParameters (31 bytes)
Event: 123.711 Thread 0x00000212edc8e7e0 nmethod 17092 0x00000212d81ca610 code [0x00000212d81ca800, 0x00000212d81cae18]
Event: 123.711 Thread 0x00000212edc8e7e0 17093       3       org.gradle.api.internal.provider.sources.GradlePropertyValueSource$Parameters$Inject::getPropertyName (34 bytes)
Event: 123.711 Thread 0x00000212edc8e7e0 nmethod 17093 0x00000212d81caf90 code [0x00000212d81cb160, 0x00000212d81cb558]
Event: 123.711 Thread 0x00000212edc8e7e0 17084       3       org.gradle.api.internal.provider.Providers$NoValueProvider::calculateValue (5 bytes)
Event: 123.711 Thread 0x00000212edc8e7e0 nmethod 17084 0x00000212d81cb690 code [0x00000212d81cb820, 0x00000212d81cb938]
Event: 123.711 Thread 0x00000212edc8e7e0 17085       1       org.gradle.api.services.internal.DefaultBuildServicesRegistry$DefaultServiceSpec::getParameters (5 bytes)
Event: 123.711 Thread 0x00000212edc8e7e0 nmethod 17085 0x00000212de9a5590 code [0x00000212de9a5720, 0x00000212de9a57f8]

GC Heap History (20 events):
Event: 9.675 GC heap before
{Heap before GC invocations=61 (full 0):
 garbage-first heap   total 270336K, used 225649K [0x0000000080000000, 0x0000000100000000)
  region size 1024K, 67 young (68608K), 4 survivors (4096K)
 Metaspace       used 112626K, committed 113472K, reserved 1146880K
  class space    used 15274K, committed 15680K, reserved 1048576K
}
Event: 9.680 GC heap after
{Heap after GC invocations=62 (full 0):
 garbage-first heap   total 270336K, used 163044K [0x0000000080000000, 0x0000000100000000)
  region size 1024K, 9 young (9216K), 9 survivors (9216K)
 Metaspace       used 112626K, committed 113472K, reserved 1146880K
  class space    used 15274K, committed 15680K, reserved 1048576K
}
Event: 9.702 GC heap before
{Heap before GC invocations=62 (full 0):
 garbage-first heap   total 270336K, used 166116K [0x0000000080000000, 0x0000000100000000)
  region size 1024K, 13 young (13312K), 9 survivors (9216K)
 Metaspace       used 112793K, committed 113600K, reserved 1146880K
  class space    used 15309K, committed 15680K, reserved 1048576K
}
Event: 9.707 GC heap after
{Heap after GC invocations=63 (full 0):
 garbage-first heap   total 270336K, used 164172K [0x0000000080000000, 0x0000000100000000)
  region size 1024K, 2 young (2048K), 2 survivors (2048K)
 Metaspace       used 112793K, committed 113600K, reserved 1146880K
  class space    used 15309K, committed 15680K, reserved 1048576K
}
Event: 10.091 GC heap before
{Heap before GC invocations=63 (full 0):
 garbage-first heap   total 270336K, used 226636K [0x0000000080000000, 0x0000000100000000)
  region size 1024K, 64 young (65536K), 2 survivors (2048K)
 Metaspace       used 113738K, committed 114560K, reserved 1155072K
  class space    used 15424K, committed 15808K, reserved 1048576K
}
Event: 10.094 GC heap after
{Heap after GC invocations=64 (full 0):
 garbage-first heap   total 270336K, used 167188K [0x0000000080000000, 0x0000000100000000)
  region size 1024K, 5 young (5120K), 5 survivors (5120K)
 Metaspace       used 113738K, committed 114560K, reserved 1155072K
  class space    used 15424K, committed 15808K, reserved 1048576K
}
Event: 10.572 GC heap before
{Heap before GC invocations=65 (full 0):
 garbage-first heap   total 293888K, used 226580K [0x0000000080000000, 0x0000000100000000)
  region size 1024K, 64 young (65536K), 5 survivors (5120K)
 Metaspace       used 115239K, committed 116096K, reserved 1155072K
  class space    used 15588K, committed 16000K, reserved 1048576K
}
Event: 10.576 GC heap after
{Heap after GC invocations=66 (full 0):
 garbage-first heap   total 293888K, used 172882K [0x0000000080000000, 0x0000000100000000)
  region size 1024K, 8 young (8192K), 8 survivors (8192K)
 Metaspace       used 115239K, committed 116096K, reserved 1155072K
  class space    used 15588K, committed 16000K, reserved 1048576K
}
Event: 10.967 GC heap before
{Heap before GC invocations=66 (full 0):
 garbage-first heap   total 293888K, used 245586K [0x0000000080000000, 0x0000000100000000)
  region size 1024K, 80 young (81920K), 8 survivors (8192K)
 Metaspace       used 118175K, committed 119104K, reserved 1155072K
  class space    used 15980K, committed 16384K, reserved 1048576K
}
Event: 10.972 GC heap after
{Heap after GC invocations=67 (full 0):
 garbage-first heap   total 293888K, used 177239K [0x0000000080000000, 0x0000000100000000)
  region size 1024K, 5 young (5120K), 5 survivors (5120K)
 Metaspace       used 118175K, committed 119104K, reserved 1155072K
  class space    used 15980K, committed 16384K, reserved 1048576K
}
Event: 12.669 GC heap before
{Heap before GC invocations=68 (full 0):
 garbage-first heap   total 307200K, used 244823K [0x0000000080000000, 0x0000000100000000)
  region size 1024K, 72 young (73728K), 5 survivors (5120K)
 Metaspace       used 124227K, committed 125120K, reserved 1163264K
  class space    used 16744K, committed 17152K, reserved 1048576K
}
Event: 12.675 GC heap after
{Heap after GC invocations=69 (full 0):
 garbage-first heap   total 307200K, used 183041K [0x0000000080000000, 0x0000000100000000)
  region size 1024K, 9 young (9216K), 9 survivors (9216K)
 Metaspace       used 124227K, committed 125120K, reserved 1163264K
  class space    used 16744K, committed 17152K, reserved 1048576K
}
Event: 12.743 GC heap before
{Heap before GC invocations=69 (full 0):
 garbage-first heap   total 307200K, used 188161K [0x0000000080000000, 0x0000000100000000)
  region size 1024K, 15 young (15360K), 9 survivors (9216K)
 Metaspace       used 125500K, committed 126400K, reserved 1163264K
  class space    used 16915K, committed 17344K, reserved 1048576K
}
Event: 12.747 GC heap after
{Heap after GC invocations=70 (full 0):
 garbage-first heap   total 307200K, used 184867K [0x0000000080000000, 0x0000000100000000)
  region size 1024K, 2 young (2048K), 2 survivors (2048K)
 Metaspace       used 125500K, committed 126400K, reserved 1163264K
  class space    used 16915K, committed 17344K, reserved 1048576K
}
Event: 114.959 GC heap before
{Heap before GC invocations=70 (full 0):
 garbage-first heap   total 307200K, used 256547K [0x0000000080000000, 0x0000000100000000)
  region size 1024K, 73 young (74752K), 2 survivors (2048K)
 Metaspace       used 127006K, committed 128000K, reserved 1163264K
  class space    used 17070K, committed 17536K, reserved 1048576K
}
Event: 114.964 GC heap after
{Heap after GC invocations=71 (full 0):
 garbage-first heap   total 307200K, used 191076K [0x0000000080000000, 0x0000000100000000)
  region size 1024K, 8 young (8192K), 8 survivors (8192K)
 Metaspace       used 127006K, committed 128000K, reserved 1163264K
  class space    used 17070K, committed 17536K, reserved 1048576K
}
Event: 115.372 GC heap before
{Heap before GC invocations=71 (full 0):
 garbage-first heap   total 307200K, used 257636K [0x0000000080000000, 0x0000000100000000)
  region size 1024K, 74 young (75776K), 8 survivors (8192K)
 Metaspace       used 127257K, committed 128256K, reserved 1163264K
  class space    used 17080K, committed 17536K, reserved 1048576K
}
Event: 115.379 GC heap after
{Heap after GC invocations=72 (full 0):
 garbage-first heap   total 307200K, used 199320K [0x0000000080000000, 0x0000000100000000)
  region size 1024K, 9 young (9216K), 9 survivors (9216K)
 Metaspace       used 127257K, committed 128256K, reserved 1163264K
  class space    used 17080K, committed 17536K, reserved 1048576K
}
Event: 123.648 GC heap before
{Heap before GC invocations=72 (full 0):
 garbage-first heap   total 307200K, used 255640K [0x0000000080000000, 0x0000000100000000)
  region size 1024K, 65 young (66560K), 9 survivors (9216K)
 Metaspace       used 127889K, committed 129024K, reserved 1163264K
  class space    used 17179K, committed 17728K, reserved 1048576K
}
Event: 123.655 GC heap after
{Heap after GC invocations=73 (full 0):
 garbage-first heap   total 307200K, used 204503K [0x0000000080000000, 0x0000000100000000)
  region size 1024K, 5 young (5120K), 5 survivors (5120K)
 Metaspace       used 127889K, committed 129024K, reserved 1163264K
  class space    used 17179K, committed 17728K, reserved 1048576K
}

Dll operation events (3 events):
Event: 0.006 Loaded shared library C:\Program Files\Android\Android Studio\jbr\bin\java.dll
Event: 0.094 Loaded shared library C:\Program Files\Android\Android Studio\jbr\bin\zip.dll
Event: 0.297 Loaded shared library C:\Program Files\Android\Android Studio\jbr\bin\verify.dll

Deoptimization events (20 events):
Event: 123.647 Thread 0x00000212f235fe50 DEOPT PACKING pc=0x00000212d7778242 sp=0x000000c1f1dfddd0
Event: 123.647 Thread 0x00000212f235fe50 DEOPT UNPACKING pc=0x00000212dda97143 sp=0x000000c1f1dfd2e0 mode 0
Event: 123.657 Thread 0x00000212f2363810 Uncommon trap: trap_request=0xffffff45 fr.pc=0x00000212de90aee8 relative=0x0000000000000048
Event: 123.657 Thread 0x00000212f2363810 Uncommon trap: reason=unstable_if action=reinterpret pc=0x00000212de90aee8 method=java.util.concurrent.locks.LockSupport.unpark(Ljava/lang/Thread;)V @ 1 c2
Event: 123.657 Thread 0x00000212f2363810 DEOPT PACKING pc=0x00000212de90aee8 sp=0x000000c1ef0f7ae0
Event: 123.657 Thread 0x00000212f2363810 DEOPT UNPACKING pc=0x00000212dda969a3 sp=0x000000c1ef0f7a78 mode 2
Event: 123.662 Thread 0x00000212f2303fe0 Uncommon trap: trap_request=0xffffff45 fr.pc=0x00000212de17d46c relative=0x00000000000003cc
Event: 123.662 Thread 0x00000212f2303fe0 Uncommon trap: reason=unstable_if action=reinterpret pc=0x00000212de17d46c method=java.util.concurrent.ConcurrentLinkedQueue.offer(Ljava/lang/Object;)Z @ 96 c2
Event: 123.662 Thread 0x00000212f2303fe0 DEOPT PACKING pc=0x00000212de17d46c sp=0x000000c1f0afea20
Event: 123.662 Thread 0x00000212f2303fe0 DEOPT UNPACKING pc=0x00000212dda969a3 sp=0x000000c1f0afe9b8 mode 2
Event: 123.669 Thread 0x00000212f2363810 Uncommon trap: trap_request=0xffffffc6 fr.pc=0x00000212de739b88 relative=0x0000000000000a28
Event: 123.669 Thread 0x00000212f2363810 Uncommon trap: reason=bimorphic_or_optimized_type_check action=maybe_recompile pc=0x00000212de739b88 method=org.gradle.tooling.internal.provider.runner.ClientBuildEventGenerator$Enabled.accept(Lorg/gradle/internal/operations/BuildOperationDescriptor;)Lorg
Event: 123.669 Thread 0x00000212f2363810 DEOPT PACKING pc=0x00000212de739b88 sp=0x000000c1ef0fafb0
Event: 123.669 Thread 0x00000212f2363810 DEOPT UNPACKING pc=0x00000212dda969a3 sp=0x000000c1ef0faed8 mode 2
Event: 123.672 Thread 0x00000212f1b2ef00 Uncommon trap: trap_request=0xffffff45 fr.pc=0x00000212de8614b8 relative=0x0000000000006378
Event: 123.672 Thread 0x00000212f1b2ef00 Uncommon trap: reason=unstable_if action=reinterpret pc=0x00000212de8614b8 method=java.io.ObjectOutputStream.writeOrdinaryObject(Ljava/lang/Object;Ljava/io/ObjectStreamClass;Z)V @ 134 c2
Event: 123.672 Thread 0x00000212f1b2ef00 DEOPT PACKING pc=0x00000212de8614b8 sp=0x000000c1ef3fe250
Event: 123.672 Thread 0x00000212f1b2ef00 DEOPT UNPACKING pc=0x00000212dda969a3 sp=0x000000c1ef3fe240 mode 2
Event: 123.675 Thread 0x00000212f2363810 DEOPT PACKING pc=0x00000212d6bb7fce sp=0x000000c1ef0f94d0
Event: 123.675 Thread 0x00000212f2363810 DEOPT UNPACKING pc=0x00000212dda97143 sp=0x000000c1ef0f8998 mode 0

Classes unloaded (20 events):
Event: 7.267 Thread 0x00000212ed2fe4d0 Unloading class 0x0000000100a91040 '_BuildScript_$_run_closure2'
Event: 7.267 Thread 0x00000212ed2fe4d0 Unloading class 0x0000000100a90c30 '_BuildScript_$_run_closure1$_closure7'
Event: 7.267 Thread 0x00000212ed2fe4d0 Unloading class 0x0000000100a90820 '_BuildScript_$_run_closure1$_closure6'
Event: 7.267 Thread 0x00000212ed2fe4d0 Unloading class 0x0000000100a90410 '_BuildScript_$_run_closure1$_closure5'
Event: 7.267 Thread 0x00000212ed2fe4d0 Unloading class 0x0000000100a90000 '_BuildScript_$_run_closure1$_closure4$_closure8'
Event: 7.267 Thread 0x00000212ed2fe4d0 Unloading class 0x0000000100a8d820 '_BuildScript_$_run_closure1$_closure4'
Event: 7.267 Thread 0x00000212ed2fe4d0 Unloading class 0x0000000100a8d410 '_BuildScript_$_run_closure1$_closure3'
Event: 7.267 Thread 0x00000212ed2fe4d0 Unloading class 0x0000000100a8d000 '_BuildScript_$_run_closure1'
Event: 7.267 Thread 0x00000212ed2fe4d0 Unloading class 0x0000000100a8c800 '_BuildScript_'
Event: 123.712 Thread 0x00000212ed2fe4d0 Unloading class 0x0000000101134820 '_BuildScript_$_run_closure2'
Event: 123.712 Thread 0x00000212ed2fe4d0 Unloading class 0x0000000101134410 '_BuildScript_$_run_closure1$_closure7'
Event: 123.712 Thread 0x00000212ed2fe4d0 Unloading class 0x0000000101134000 '_BuildScript_$_run_closure1$_closure6'
Event: 123.712 Thread 0x00000212ed2fe4d0 Unloading class 0x0000000101133820 '_BuildScript_$_run_closure1$_closure5'
Event: 123.712 Thread 0x00000212ed2fe4d0 Unloading class 0x0000000101133410 '_BuildScript_$_run_closure1$_closure4$_closure8'
Event: 123.712 Thread 0x00000212ed2fe4d0 Unloading class 0x0000000101133000 '_BuildScript_$_run_closure1$_closure4'
Event: 123.712 Thread 0x00000212ed2fe4d0 Unloading class 0x0000000101132970 '_BuildScript_$_run_closure1$_closure3'
Event: 123.712 Thread 0x00000212ed2fe4d0 Unloading class 0x0000000101132560 '_BuildScript_$_run_closure1'
Event: 123.712 Thread 0x00000212ed2fe4d0 Unloading class 0x0000000101132000 '_BuildScript_'
Event: 123.712 Thread 0x00000212ed2fe4d0 Unloading class 0x000000010112f000 '_BuildScript_$_run_closure1'
Event: 123.712 Thread 0x00000212ed2fe4d0 Unloading class 0x000000010112e800 '_BuildScript_'

Classes redefined (0 events):
No events

Internal exceptions (20 events):
Event: 114.787 Thread 0x00000212f2363810 Exception <a 'java/lang/ClassNotFoundException'{0x000000008f2b2a88}: build_3ghagi2t1j2094r5nn25cv59c$_run_closure1BeanInfo> (0x000000008f2b2a88) 
thrown [s\src\hotspot\share\classfile\systemDictionary.cpp, line 256]
Event: 114.788 Thread 0x00000212f2363810 Exception <a 'java/lang/ClassNotFoundException'{0x000000008f2bbf28}: build_3ghagi2t1j2094r5nn25cv59c$_run_closure1Customizer> (0x000000008f2bbf28) 
thrown [s\src\hotspot\share\classfile\systemDictionary.cpp, line 256]
Event: 115.045 Thread 0x00000212f2363810 Exception <a 'sun/nio/fs/WindowsException'{0x0000000091c52608}> (0x0000000091c52608) 
thrown [s\src\hotspot\share\prims\jni.cpp, line 517]
Event: 115.053 Thread 0x00000212f2363810 Exception <a 'sun/nio/fs/WindowsException'{0x0000000091cef080}> (0x0000000091cef080) 
thrown [s\src\hotspot\share\prims\jni.cpp, line 517]
Event: 115.053 Thread 0x00000212f2363810 Exception <a 'sun/nio/fs/WindowsException'{0x0000000091cf0418}> (0x0000000091cf0418) 
thrown [s\src\hotspot\share\prims\jni.cpp, line 517]
Event: 115.053 Thread 0x00000212f2363810 Exception <a 'sun/nio/fs/WindowsException'{0x0000000091cf1800}> (0x0000000091cf1800) 
thrown [s\src\hotspot\share\prims\jni.cpp, line 517]
Event: 115.053 Thread 0x00000212f2363810 Exception <a 'sun/nio/fs/WindowsException'{0x0000000091cf2be8}> (0x0000000091cf2be8) 
thrown [s\src\hotspot\share\prims\jni.cpp, line 517]
Event: 116.727 Thread 0x00000212f1b2d220 Exception <a 'java/lang/NoSuchMethodError'{0x0000000090455db0}: static Lorg/gradle/launcher/daemon/protocol/Command;.<clinit>()V> (0x0000000090455db0) 
thrown [s\src\hotspot\share\prims\jni.cpp, line 1108]
Event: 116.727 Thread 0x00000212f1b2d220 Exception <a 'java/lang/NoSuchMethodError'{0x00000000904607e8}: static Lorg/gradle/launcher/daemon/protocol/InvalidateVirtualFileSystem;.<clinit>()V> (0x00000000904607e8) 
thrown [s\src\hotspot\share\prims\jni.cpp, line 1108]
Event: 123.562 Thread 0x00000212f2363810 Exception <a 'sun/nio/fs/WindowsException'{0x000000009023f418}> (0x000000009023f418) 
thrown [s\src\hotspot\share\prims\jni.cpp, line 517]
Event: 123.562 Thread 0x00000212f2363810 Exception <a 'sun/nio/fs/WindowsException'{0x00000000902409a0}> (0x00000000902409a0) 
thrown [s\src\hotspot\share\prims\jni.cpp, line 517]
Event: 123.563 Thread 0x00000212f2363810 Exception <a 'sun/nio/fs/WindowsException'{0x0000000090241f28}> (0x0000000090241f28) 
thrown [s\src\hotspot\share\prims\jni.cpp, line 517]
Event: 123.563 Thread 0x00000212f2363810 Exception <a 'sun/nio/fs/WindowsException'{0x0000000090243490}> (0x0000000090243490) 
thrown [s\src\hotspot\share\prims\jni.cpp, line 517]
Event: 123.573 Thread 0x00000212f1b2ef00 Exception <a 'java/lang/NoSuchMethodError'{0x0000000090102668}: static Lorg/gradle/internal/build/event/types/DefaultProjectConfigurationDescriptor;.<clinit>()V> (0x0000000090102668) 
thrown [s\src\hotspot\share\prims\jni.cpp, line 1108]
Event: 123.668 Thread 0x00000212f2363810 Exception <a 'java/lang/NoSuchMethodError'{0x00000000929f5608}: 'long java.lang.invoke.DirectMethodHandle$Holder.invokeVirtual(java.lang.Object, java.lang.Object)'> (0x00000000929f5608) 
thrown [s\src\hotspot\share\interpreter\linkResolver.cpp, line 771]
Event: 123.670 Thread 0x00000212f1b2ef00 Exception <a 'java/lang/NoSuchMethodError'{0x0000000092508060}: static Lorg/gradle/internal/build/event/types/DefaultProjectConfigurationSuccessResult;.<clinit>()V> (0x0000000092508060) 
thrown [s\src\hotspot\share\prims\jni.cpp, line 1108]
Event: 123.670 Thread 0x00000212f1b2ef00 Exception <a 'java/lang/NoSuchMethodError'{0x0000000092509118}: static Lorg/gradle/internal/build/event/types/AbstractProjectConfigurationResult;.<clinit>()V> (0x0000000092509118) 
thrown [s\src\hotspot\share\prims\jni.cpp, line 1108]
Event: 123.670 Thread 0x00000212f1b2ef00 Exception <a 'java/lang/NoSuchMethodError'{0x00000000925134c0}: static Lorg/gradle/internal/build/event/types/DefaultPluginApplicationResult;.<clinit>()V> (0x00000000925134c0) 
thrown [s\src\hotspot\share\prims\jni.cpp, line 1108]
Event: 123.671 Thread 0x00000212f1b2ef00 Exception <a 'java/lang/NoSuchMethodError'{0x000000009251e388}: static Lorg/gradle/internal/build/event/types/DefaultBinaryPluginIdentifier;.<clinit>()V> (0x000000009251e388) 
thrown [s\src\hotspot\share\prims\jni.cpp, line 1108]
Event: 123.673 Thread 0x00000212f1b2ef00 Exception <a 'java/lang/NoSuchMethodError'{0x0000000092534128}: static Lorg/gradle/internal/build/event/types/DefaultScriptPluginIdentifier;.<clinit>()V> (0x0000000092534128) 
thrown [s\src\hotspot\share\prims\jni.cpp, line 1108]

VM Operations (20 events):
Event: 111.645 Executing VM operation: Cleanup done
Event: 114.319 Executing VM operation: ICBufferFull
Event: 114.320 Executing VM operation: ICBufferFull done
Event: 114.629 Executing VM operation: ICBufferFull
Event: 114.629 Executing VM operation: ICBufferFull done
Event: 114.798 Executing VM operation: ICBufferFull
Event: 114.798 Executing VM operation: ICBufferFull done
Event: 114.959 Executing VM operation: G1CollectForAllocation
Event: 114.964 Executing VM operation: G1CollectForAllocation done
Event: 115.114 Executing VM operation: ICBufferFull
Event: 115.114 Executing VM operation: ICBufferFull done
Event: 115.372 Executing VM operation: G1CollectForAllocation
Event: 115.379 Executing VM operation: G1CollectForAllocation done
Event: 116.386 Executing VM operation: Cleanup
Event: 116.386 Executing VM operation: Cleanup done
Event: 117.400 Executing VM operation: Cleanup
Event: 117.400 Executing VM operation: Cleanup done
Event: 123.648 Executing VM operation: G1CollectForAllocation
Event: 123.655 Executing VM operation: G1CollectForAllocation done
Event: 123.712 Executing VM operation: G1Concurrent

Events (20 events):
Event: 123.590 Thread 0x00000212f1b2d220 Thread added: 0x00000212f1b2d220
Event: 123.638 Thread 0x00000212f1b2bee0 Thread added: 0x00000212f1b2bee0
Event: 123.638 Thread 0x00000212f1b29390 Thread added: 0x00000212f1b29390
Event: 123.638 Thread 0x00000212f1b2c3b0 Thread added: 0x00000212f1b2c3b0
Event: 123.638 Thread 0x00000212f1b2d6f0 Thread added: 0x00000212f1b2d6f0
Event: 123.639 Thread 0x00000212f1b2cd50 Thread added: 0x00000212f1b2cd50
Event: 123.639 Thread 0x00000212f1b29860 Thread added: 0x00000212f1b29860
Event: 123.639 Thread 0x00000212f1b2a200 Thread added: 0x00000212f1b2a200
Event: 123.639 Thread 0x00000212f235fe50 Thread added: 0x00000212f235fe50
Event: 123.639 Thread 0x00000212f23629a0 Thread added: 0x00000212f23629a0
Event: 123.639 Thread 0x00000212f2363ce0 Thread added: 0x00000212f2363ce0
Event: 123.639 Thread 0x00000212f23641b0 Thread added: 0x00000212f23641b0
Event: 123.672 loading class java/time/Ser
Event: 123.672 loading class java/time/Ser done
Event: 123.684 Thread 0x00000212f235d300 Thread added: 0x00000212f235d300
Event: 123.684 Thread 0x00000212f235f980 Thread added: 0x00000212f235f980
Event: 123.684 Thread 0x00000212f2364680 Thread added: 0x00000212f2364680
Event: 123.684 Thread 0x00000212f2362e70 Thread added: 0x00000212f2362e70
Event: 123.684 Thread 0x00000212f2362000 Thread added: 0x00000212f2362000
Event: 123.706 Thread 0x00000212f235dca0 Thread added: 0x00000212f235dca0


Dynamic libraries:
0x00007ff7ada60000 - 0x00007ff7ada6a000 	C:\Program Files\Android\Android Studio\jbr\bin\java.exe
0x00007ffe9d070000 - 0x00007ffe9d284000 	C:\Windows\SYSTEM32\ntdll.dll
0x00007ffe9bde0000 - 0x00007ffe9bea4000 	C:\Windows\System32\KERNEL32.DLL
0x00007ffe9a4a0000 - 0x00007ffe9a844000 	C:\Windows\System32\KERNELBASE.dll
0x00007ffe9ace0000 - 0x00007ffe9adf1000 	C:\Windows\System32\ucrtbase.dll
0x00007ffe5ebd0000 - 0x00007ffe5ebe7000 	C:\Program Files\Android\Android Studio\jbr\bin\jli.dll
0x00007ffe5cf20000 - 0x00007ffe5cf3b000 	C:\Program Files\Android\Android Studio\jbr\bin\VCRUNTIME140.dll
0x00007ffe9c0d0000 - 0x00007ffe9c27e000 	C:\Windows\System32\USER32.dll
0x00007ffe9ab50000 - 0x00007ffe9ab76000 	C:\Windows\System32\win32u.dll
0x00007ffe8d190000 - 0x00007ffe8d423000 	C:\Windows\WinSxS\amd64_microsoft.windows.common-controls_6595b64144ccf1df_6.0.22621.2215_none_270d72677387dfc3\COMCTL32.dll
0x00007ffe9c440000 - 0x00007ffe9c469000 	C:\Windows\System32\GDI32.dll
0x00007ffe9cf80000 - 0x00007ffe9d027000 	C:\Windows\System32\msvcrt.dll
0x00007ffe9aa30000 - 0x00007ffe9ab48000 	C:\Windows\System32\gdi32full.dll
0x00007ffe9ab80000 - 0x00007ffe9ac1a000 	C:\Windows\System32\msvcp_win.dll
0x00007ffe9c3a0000 - 0x00007ffe9c3d1000 	C:\Windows\System32\IMM32.DLL
0x00007ffe8f950000 - 0x00007ffe8f95c000 	C:\Program Files\Android\Android Studio\jbr\bin\vcruntime140_1.dll
0x00007ffe4af90000 - 0x00007ffe4b01d000 	C:\Program Files\Android\Android Studio\jbr\bin\msvcp140.dll
0x00007ffdc5ea0000 - 0x00007ffdc6b0e000 	C:\Program Files\Android\Android Studio\jbr\bin\server\jvm.dll
0x00007ffe9c2f0000 - 0x00007ffe9c3a0000 	C:\Windows\System32\ADVAPI32.dll
0x00007ffe9b2e0000 - 0x00007ffe9b386000 	C:\Windows\System32\sechost.dll
0x00007ffe9cca0000 - 0x00007ffe9cdb7000 	C:\Windows\System32\RPCRT4.dll
0x00007ffe93e90000 - 0x00007ffe93ec4000 	C:\Windows\SYSTEM32\WINMM.dll
0x00007ffe713e0000 - 0x00007ffe713e9000 	C:\Windows\SYSTEM32\WSOCK32.dll
0x00007ffe94a60000 - 0x00007ffe94a6a000 	C:\Windows\SYSTEM32\VERSION.dll
0x00007ffe9bce0000 - 0x00007ffe9bd51000 	C:\Windows\System32\WS2_32.dll
0x00007ffe99510000 - 0x00007ffe99528000 	C:\Windows\SYSTEM32\kernel.appcore.dll
0x00007ffe97740000 - 0x00007ffe9774a000 	C:\Program Files\Android\Android Studio\jbr\bin\jimage.dll
0x00007ffe8e280000 - 0x00007ffe8e4ae000 	C:\Windows\SYSTEM32\DBGHELP.DLL
0x00007ffe9aee0000 - 0x00007ffe9b26a000 	C:\Windows\System32\combase.dll
0x00007ffe9ae00000 - 0x00007ffe9aed7000 	C:\Windows\System32\OLEAUT32.dll
0x00007ffe7ae60000 - 0x00007ffe7ae92000 	C:\Windows\SYSTEM32\dbgcore.DLL
0x00007ffe9a420000 - 0x00007ffe9a49a000 	C:\Windows\System32\bcryptPrimitives.dll
0x00007ffe73dc0000 - 0x00007ffe73dce000 	C:\Program Files\Android\Android Studio\jbr\bin\instrument.dll
0x00007ffe61c70000 - 0x00007ffe61c95000 	C:\Program Files\Android\Android Studio\jbr\bin\java.dll
0x00007ffe61c50000 - 0x00007ffe61c68000 	C:\Program Files\Android\Android Studio\jbr\bin\zip.dll
0x00007ffe9c470000 - 0x00007ffe9cc93000 	C:\Windows\System32\SHELL32.dll
0x00007ffe983b0000 - 0x00007ffe98c9a000 	C:\Windows\SYSTEM32\windows.storage.dll
0x00007ffe98270000 - 0x00007ffe983ae000 	C:\Windows\SYSTEM32\wintypes.dll
0x00007ffe9b990000 - 0x00007ffe9ba83000 	C:\Windows\System32\SHCORE.dll
0x00007ffe9b280000 - 0x00007ffe9b2de000 	C:\Windows\System32\shlwapi.dll
0x00007ffe9a350000 - 0x00007ffe9a376000 	C:\Windows\SYSTEM32\profapi.dll
0x00007ffe609b0000 - 0x00007ffe609c9000 	C:\Program Files\Android\Android Studio\jbr\bin\net.dll
0x00007ffe94110000 - 0x00007ffe94247000 	C:\Windows\SYSTEM32\WINHTTP.dll
0x00007ffe999e0000 - 0x00007ffe99a49000 	C:\Windows\system32\mswsock.dll
0x00007ffe5f7f0000 - 0x00007ffe5f806000 	C:\Program Files\Android\Android Studio\jbr\bin\nio.dll
0x00007ffe82d40000 - 0x00007ffe82d50000 	C:\Program Files\Android\Android Studio\jbr\bin\verify.dll
0x00007ffe527e0000 - 0x00007ffe52807000 	C:\Users\crima\.gradle\native\68d5fa5c4cc2d200863cafc0d521ce42e7d3e7ee720ec0a83991735586a16f82\windows-amd64\native-platform.dll
0x00007ffdf1d60000 - 0x00007ffdf1ea4000 	C:\Users\crima\.gradle\native\e376f236ea51e6404a007f0833ffe2c6e607c4080706a723a18a27aeea778392\windows-amd64\native-platform-file-events.dll
0x00007ffe80100000 - 0x00007ffe80109000 	C:\Program Files\Android\Android Studio\jbr\bin\management.dll
0x00007ffe7b030000 - 0x00007ffe7b03b000 	C:\Program Files\Android\Android Studio\jbr\bin\management_ext.dll
0x00007ffe9b4e0000 - 0x00007ffe9b4e8000 	C:\Windows\System32\PSAPI.DLL
0x00007ffe99c30000 - 0x00007ffe99c4b000 	C:\Windows\SYSTEM32\CRYPTSP.dll
0x00007ffe994d0000 - 0x00007ffe99505000 	C:\Windows\system32\rsaenh.dll
0x00007ffe99ad0000 - 0x00007ffe99afc000 	C:\Windows\SYSTEM32\USERENV.dll
0x00007ffe99dd0000 - 0x00007ffe99df8000 	C:\Windows\SYSTEM32\bcrypt.dll
0x00007ffe99c50000 - 0x00007ffe99c5c000 	C:\Windows\SYSTEM32\CRYPTBASE.dll
0x00007ffe98f70000 - 0x00007ffe98f9d000 	C:\Windows\SYSTEM32\IPHLPAPI.DLL
0x00007ffe9c050000 - 0x00007ffe9c059000 	C:\Windows\System32\NSI.dll
0x00007ffe93e10000 - 0x00007ffe93e29000 	C:\Windows\SYSTEM32\dhcpcsvc6.DLL
0x00007ffe93df0000 - 0x00007ffe93e0f000 	C:\Windows\SYSTEM32\dhcpcsvc.DLL
0x00007ffe98fe0000 - 0x00007ffe990d2000 	C:\Windows\SYSTEM32\DNSAPI.dll
0x00007ffe0c850000 - 0x00007ffe0c858000 	C:\Windows\system32\wshunix.dll
0x00007ffe5aed0000 - 0x00007ffe5aee7000 	C:\Windows\system32\napinsp.dll
0x00007ffe5aeb0000 - 0x00007ffe5aecb000 	C:\Windows\system32\pnrpnsp.dll
0x00007ffe5ae90000 - 0x00007ffe5aea1000 	C:\Windows\System32\winrnr.dll
0x00007ffe6de40000 - 0x00007ffe6de55000 	C:\Windows\system32\wshbth.dll
0x00007ffe5ae60000 - 0x00007ffe5ae81000 	C:\Windows\system32\nlansp_c.dll
0x00007ffe92060000 - 0x00007ffe9206a000 	C:\Windows\System32\rasadhlp.dll
0x00007ffe93710000 - 0x00007ffe93794000 	C:\Windows\System32\fwpuclnt.dll

dbghelp: loaded successfully - version: 4.0.5 - missing functions: none
symbol engine: initialized successfully - sym options: 0x614 - pdb path: .;C:\Program Files\Android\Android Studio\jbr\bin;C:\Windows\SYSTEM32;C:\Windows\WinSxS\amd64_microsoft.windows.common-controls_6595b64144ccf1df_6.0.22621.2215_none_270d72677387dfc3;C:\Program Files\Android\Android Studio\jbr\bin\server;C:\Users\crima\.gradle\native\68d5fa5c4cc2d200863cafc0d521ce42e7d3e7ee720ec0a83991735586a16f82\windows-amd64;C:\Users\crima\.gradle\native\e376f236ea51e6404a007f0833ffe2c6e607c4080706a723a18a27aeea778392\windows-amd64

VM Arguments:
jvm_args: --add-opens=java.base/java.util=ALL-UNNAMED --add-opens=java.base/java.lang=ALL-UNNAMED --add-opens=java.base/java.lang.invoke=ALL-UNNAMED --add-opens=java.prefs/java.util.prefs=ALL-UNNAMED --add-opens=java.base/java.nio.charset=ALL-UNNAMED --add-opens=java.base/java.net=ALL-UNNAMED --add-opens=java.base/java.util.concurrent.atomic=ALL-UNNAMED -Xmx2048m -Dfile.encoding=UTF-8 -Duser.country=ES -Duser.language=es -Duser.variant -javaagent:C:\Users\crima\.gradle\wrapper\dists\gradle-8.1-bin\2eyty4r6kz6fpakefpk52nbbm\gradle-8.1\lib\agents\gradle-instrumentation-agent-8.1.jar 
java_command: org.gradle.launcher.daemon.bootstrap.GradleDaemon 8.1
java_class_path (initial): C:\Users\crima\.gradle\wrapper\dists\gradle-8.1-bin\2eyty4r6kz6fpakefpk52nbbm\gradle-8.1\lib\gradle-launcher-8.1.jar
Launcher Type: SUN_STANDARD

[Global flags]
     intx CICompilerCount                          = 4                                         {product} {ergonomic}
     uint ConcGCThreads                            = 3                                         {product} {ergonomic}
     uint G1ConcRefinementThreads                  = 10                                        {product} {ergonomic}
   size_t G1HeapRegionSize                         = 1048576                                   {product} {ergonomic}
    uintx GCDrainStackTargetSize                   = 64                                        {product} {ergonomic}
   size_t InitialHeapSize                          = 260046848                                 {product} {ergonomic}
   size_t MarkStackSize                            = 4194304                                   {product} {ergonomic}
   size_t MaxHeapSize                              = 2147483648                                {product} {command line}
   size_t MaxNewSize                               = 1287651328                                {product} {ergonomic}
   size_t MinHeapDeltaBytes                        = 1048576                                   {product} {ergonomic}
   size_t MinHeapSize                              = 8388608                                   {product} {ergonomic}
    uintx NonNMethodCodeHeapSize                   = 5839372                                {pd product} {ergonomic}
    uintx NonProfiledCodeHeapSize                  = 122909434                              {pd product} {ergonomic}
    uintx ProfiledCodeHeapSize                     = 122909434                              {pd product} {ergonomic}
    uintx ReservedCodeCacheSize                    = 251658240                              {pd product} {ergonomic}
     bool SegmentedCodeCache                       = true                                      {product} {ergonomic}
   size_t SoftMaxHeapSize                          = 2147483648                             {manageable} {ergonomic}
     bool UseCompressedClassPointers               = true                           {product lp64_product} {ergonomic}
     bool UseCompressedOops                        = true                           {product lp64_product} {ergonomic}
     bool UseG1GC                                  = true                                      {product} {ergonomic}
     bool UseLargePagesIndividualAllocation        = false                                  {pd product} {ergonomic}

Logging:
Log output configuration:
 #0: stdout all=warning uptime,level,tags
 #1: stderr all=off uptime,level,tags

Environment Variables:
PATH=C:\Program Files\Python311\Scripts\;C:\Program Files\Python311\;C:\Program Files\Common Files\Oracle\Java\javapath;C:\Windows\system32;C:\Windows;C:\Windows\System32\Wbem;C:\Windows\System32\WindowsPowerShell\v1.0\;C:\Windows\System32\OpenSSH\;C:\Program Files (x86)\NVIDIA Corporation\PhysX\Common;C:\Program Files\Git\cmd;C:\Program Files\NVIDIA Corporation\NVIDIA NvDLISR;C:\sqlite3;C:\Users\crima\AppData\Local\Microsoft\WindowsApps;C:\Users\crima\AppData\Local\Programs\Microsoft VS Code\bin;C:\Users\crima\AppData\Roaming\Python\Python311;C:\Users\crima\AppData\Roaming\Python\Python311\Scripts;C:\Program Files\JetBrains\IntelliJ IDEA Community Edition 2023.2\bin;
USERNAME=crima
OS=Windows_NT
PROCESSOR_IDENTIFIER=Intel64 Family 6 Model 165 Stepping 3, GenuineIntel
TMP=C:\Users\crima\AppData\Local\Temp
TEMP=C:\Users\crima\AppData\Local\Temp


JNI global refs:
JNI global refs: 29, weak refs: 8

JNI global refs memory usage: 843, weak refs: 841


---------------  S Y S T E M  ---------------

OS:
 Windows 11 , 64 bit Build 22621 (10.0.22621.2215)
OS uptime: 0 days 5:38 hours

CPU: total 12 (initial active 12) (6 cores per cpu, 2 threads per core) family 6 model 165 stepping 3 microcode 0xe0, cx8, cmov, fxsr, ht, mmx, 3dnowpref, sse, sse2, sse3, ssse3, sse4.1, sse4.2, popcnt, lzcnt, tsc, tscinvbit, avx, avx2, aes, erms, clmul, bmi1, bmi2, adx, fma, vzeroupper, clflush, clflushopt

Memory: 4k page, system-wide physical 15791M (709M free)
TotalPageFile size 27791M (AvailPageFile size 35M)
current process WorkingSet (physical memory assigned to process): 635M, peak: 690M
current process commit charge ("private bytes"): 681M, peak: 733M

vm_info: OpenJDK 64-Bit Server VM (17.0.6+0-b2043.56-10027231) for windows-amd64 JRE (17.0.6+0-b2043.56-10027231), built on Apr 28 2023 00:43:19 by "androidbuild" with MS VC++ 16.10 / 16.11 (VS2019)

END.
