#
# There is insufficient memory for the Java Runtime Environment to continue.
# Native memory allocation (malloc) failed to allocate 1682576 bytes for Chunk::new
# Possible reasons:
#   The system is out of physical RAM or swap space
#   The process is running with CompressedOops enabled, and the Java Heap may be blocking the growth of the native heap
# Possible solutions:
#   Reduce memory load on the system
#   Increase physical memory or swap space
#   Check if swap backing store is full
#   Decrease Java heap size (-Xmx/-Xms)
#   Decrease number of Java threads
#   Decrease Java thread stack sizes (-Xss)
#   Set larger code cache with -XX:ReservedCodeCacheSize=
#   JVM is running with Unscaled Compressed Oops mode in which the Java heap is
#     placed in the first 4GB address space. The Java Heap base address is the
#     maximum limit for the native heap growth. Please use -XX:HeapBaseMinAddress
#     to set the Java Heap base and to place the Java Heap above 4GB virtual address.
# This output file may be truncated or incomplete.
#
#  Out of Memory Error (arena.cpp:189), pid=7108, tid=19536
#
# JRE version: OpenJDK Runtime Environment (17.0.6) (build 17.0.6+0-b2043.56-10027231)
# Java VM: OpenJDK 64-Bit Server VM (17.0.6+0-b2043.56-10027231, mixed mode, tiered, compressed oops, compressed class ptrs, g1 gc, windows-amd64)
# No core dump will be written. Minidumps are not enabled by default on client versions of Windows
#

---------------  S U M M A R Y ------------

Command Line: --add-opens=java.base/java.util=ALL-UNNAMED --add-opens=java.base/java.lang=ALL-UNNAMED --add-opens=java.base/java.lang.invoke=ALL-UNNAMED --add-opens=java.prefs/java.util.prefs=ALL-UNNAMED --add-opens=java.base/java.nio.charset=ALL-UNNAMED --add-opens=java.base/java.net=ALL-UNNAMED --add-opens=java.base/java.util.concurrent.atomic=ALL-UNNAMED -Xmx2048m -Dfile.encoding=UTF-8 -Duser.country=ES -Duser.language=es -Duser.variant -javaagent:C:\Users\crima\.gradle\wrapper\dists\gradle-8.1-bin\2eyty4r6kz6fpakefpk52nbbm\gradle-8.1\lib\agents\gradle-instrumentation-agent-8.1.jar org.gradle.launcher.daemon.bootstrap.GradleDaemon 8.1

Host: Intel(R) Core(TM) i5-10400 CPU @ 2.90GHz, 12 cores, 15G,  Windows 11 , 64 bit Build 22621 (10.0.22621.2215)
Time: Wed Oct  4 18:05:51 2023 Hora est. Pacífico, Sudamérica elapsed time: 6.000766 seconds (0d 0h 0m 6s)

---------------  T H R E A D  ---------------

Current thread (0x000002931c967680):  JavaThread "C2 CompilerThread1" daemon [_thread_in_native, id=19536, stack(0x000000ab5e600000,0x000000ab5e700000)]


Current CompileTask:
C2:   6000 7624       4       com.sun.beans.TypeResolver::resolve (37 bytes)

Stack: [0x000000ab5e600000,0x000000ab5e700000]
Native frames: (J=compiled Java code, j=interpreted, Vv=VM code, C=native code)
V  [jvm.dll+0x683c9a]
V  [jvm.dll+0x8427a4]
V  [jvm.dll+0x843f9e]
V  [jvm.dll+0x844603]
V  [jvm.dll+0x249b75]
V  [jvm.dll+0xabcac]
V  [jvm.dll+0xac27c]
V  [jvm.dll+0x368802]
V  [jvm.dll+0x1bced2]
V  [jvm.dll+0x21c359]
V  [jvm.dll+0x21b621]
V  [jvm.dll+0x1a4fdd]
V  [jvm.dll+0x22b098]
V  [jvm.dll+0x229159]
V  [jvm.dll+0x7f81ec]
V  [jvm.dll+0x7f274a]
V  [jvm.dll+0x682ad5]
C  [ucrtbase.dll+0x29363]
C  [KERNEL32.DLL+0x1257d]
C  [ntdll.dll+0x5aa68]


---------------  P R O C E S S  ---------------

Threads class SMR info:
_java_thread_list=0x0000029325e80c70, length=66, elements={
0x000002937fbc0460, 0x000002931c440040, 0x000002931c441360, 0x000002931baddfc0,
0x000002931bade880, 0x000002931c44bd00, 0x000002931c44c5c0, 0x000002931c48ced0,
0x000002931c48e890, 0x000002931c48fed0, 0x000002931c571810, 0x000002931c732b40,
0x000002931c967680, 0x000002931cb3f0a0, 0x000002931ecd7030, 0x000002931f39fc70,
0x000002931dceb940, 0x000002931f3e8030, 0x000002931fa32430, 0x000002931dcad6a0,
0x000002931dcac900, 0x000002931e010b10, 0x000002931e00daf0, 0x000002931e010fe0,
0x000002931e00f7d0, 0x000002931e00fca0, 0x000002931e010640, 0x000002931e00e490,
0x000002931e00d620, 0x000002931e00e960, 0x000002931e00ee30, 0x000002931e00dfc0,
0x000002931e00f300, 0x000002931e010170, 0x0000029321a68c80, 0x0000029321a69620,
0x0000029321a63ab0, 0x0000029321a62770, 0x0000029321a63f80, 0x0000029321a64450,
0x0000029321a69150, 0x0000029321a622a0, 0x0000029321a69af0, 0x0000029321a64920,
0x0000029321a62c40, 0x0000029321a66fa0, 0x0000029321a63110, 0x0000029321a65c60,
0x0000029321a652c0, 0x0000029321a66130, 0x0000029321a66600, 0x0000029321a66ad0,
0x0000029321a67470, 0x0000029321a687b0, 0x0000029321a67940, 0x0000029323795530,
0x00000293237911d0, 0x0000029323796870, 0x0000029323792510, 0x00000293237946c0,
0x0000029323796d40, 0x00000293237941f0, 0x00000293237929e0, 0x0000029323795a00,
0x0000029323792eb0, 0x0000029323795ed0
}

Java Threads: ( => current thread )
  0x000002937fbc0460 JavaThread "main" [_thread_blocked, id=17388, stack(0x000000ab5d300000,0x000000ab5d400000)]
  0x000002931c440040 JavaThread "Reference Handler" daemon [_thread_blocked, id=16624, stack(0x000000ab5da00000,0x000000ab5db00000)]
  0x000002931c441360 JavaThread "Finalizer" daemon [_thread_blocked, id=12444, stack(0x000000ab5db00000,0x000000ab5dc00000)]
  0x000002931baddfc0 JavaThread "Signal Dispatcher" daemon [_thread_blocked, id=19292, stack(0x000000ab5dc00000,0x000000ab5dd00000)]
  0x000002931bade880 JavaThread "Attach Listener" daemon [_thread_blocked, id=4052, stack(0x000000ab5dd00000,0x000000ab5de00000)]
  0x000002931c44bd00 JavaThread "Service Thread" daemon [_thread_blocked, id=12332, stack(0x000000ab5de00000,0x000000ab5df00000)]
  0x000002931c44c5c0 JavaThread "Monitor Deflation Thread" daemon [_thread_blocked, id=10784, stack(0x000000ab5df00000,0x000000ab5e000000)]
  0x000002931c48ced0 JavaThread "C2 CompilerThread0" daemon [_thread_in_native, id=8108, stack(0x000000ab5e000000,0x000000ab5e100000)]
  0x000002931c48e890 JavaThread "C1 CompilerThread0" daemon [_thread_blocked, id=5164, stack(0x000000ab5e100000,0x000000ab5e200000)]
  0x000002931c48fed0 JavaThread "Sweeper thread" daemon [_thread_blocked, id=16240, stack(0x000000ab5e200000,0x000000ab5e300000)]
  0x000002931c571810 JavaThread "Common-Cleaner" daemon [_thread_blocked, id=19808, stack(0x000000ab5e300000,0x000000ab5e400000)]
  0x000002931c732b40 JavaThread "Notification Thread" daemon [_thread_blocked, id=17168, stack(0x000000ab5e400000,0x000000ab5e500000)]
=>0x000002931c967680 JavaThread "C2 CompilerThread1" daemon [_thread_in_native, id=19536, stack(0x000000ab5e600000,0x000000ab5e700000)]
  0x000002931cb3f0a0 JavaThread "C2 CompilerThread2" daemon [_thread_in_native, id=16592, stack(0x000000ab5e700000,0x000000ab5e800000)]
  0x000002931ecd7030 JavaThread "Daemon health stats" [_thread_blocked, id=19984, stack(0x000000ab5ec00000,0x000000ab5ed00000)]
  0x000002931f39fc70 JavaThread "Incoming local TCP Connector on port 59556" [_thread_in_native, id=20008, stack(0x000000ab5ed00000,0x000000ab5ee00000)]
  0x000002931dceb940 JavaThread "Daemon periodic checks" [_thread_blocked, id=11568, stack(0x000000ab5ee00000,0x000000ab5ef00000)]
  0x000002931f3e8030 JavaThread "Daemon" [_thread_blocked, id=20276, stack(0x000000ab5ef00000,0x000000ab5f000000)]
  0x000002931fa32430 JavaThread "Handler for socket connection from /127.0.0.1:59556 to /127.0.0.1:59557" [_thread_in_native, id=19240, stack(0x000000ab5f000000,0x000000ab5f100000)]
  0x000002931dcad6a0 JavaThread "Cancel handler" [_thread_blocked, id=1888, stack(0x000000ab5f100000,0x000000ab5f200000)]
  0x000002931dcac900 JavaThread "Daemon worker" [_thread_in_native, id=17628, stack(0x000000ab5f200000,0x000000ab5f300000)]
  0x000002931e010b10 JavaThread "Asynchronous log dispatcher for DefaultDaemonConnection: socket connection from /127.0.0.1:59556 to /127.0.0.1:59557" [_thread_blocked, id=12128, stack(0x000000ab5f300000,0x000000ab5f400000)]
  0x000002931e00daf0 JavaThread "Stdin handler" [_thread_blocked, id=8544, stack(0x000000ab5f400000,0x000000ab5f500000)]
  0x000002931e010fe0 JavaThread "Daemon client event forwarder" [_thread_blocked, id=3432, stack(0x000000ab5f500000,0x000000ab5f600000)]
  0x000002931e00f7d0 JavaThread "Cache worker for journal cache (C:\Users\crima\.gradle\caches\journal-1)" [_thread_blocked, id=16108, stack(0x000000ab5fd00000,0x000000ab5fe00000)]
  0x000002931e00fca0 JavaThread "File lock request listener" [_thread_in_native, id=16784, stack(0x000000ab5fe00000,0x000000ab5ff00000)]
  0x000002931e010640 JavaThread "Cache worker for file hash cache (C:\Users\crima\.gradle\caches\8.1\fileHashes)" [_thread_blocked, id=13840, stack(0x000000ab5ff00000,0x000000ab60000000)]
  0x000002931e00e490 JavaThread "File watcher server" daemon [_thread_in_native, id=17620, stack(0x000000ab60000000,0x000000ab60100000)]
  0x000002931e00d620 JavaThread "File watcher consumer" daemon [_thread_blocked, id=11028, stack(0x000000ab60100000,0x000000ab60200000)]
  0x000002931e00e960 JavaThread "jar transforms" [_thread_blocked, id=8592, stack(0x000000ab60200000,0x000000ab60300000)]
  0x000002931e00ee30 JavaThread "jar transforms Thread 2" [_thread_blocked, id=15204, stack(0x000000ab60300000,0x000000ab60400000)]
  0x000002931e00dfc0 JavaThread "jar transforms Thread 3" [_thread_blocked, id=3920, stack(0x000000ab60400000,0x000000ab60500000)]
  0x000002931e00f300 JavaThread "jar transforms Thread 4" [_thread_blocked, id=14428, stack(0x000000ab60500000,0x000000ab60600000)]
  0x000002931e010170 JavaThread "jar transforms Thread 5" [_thread_blocked, id=11080, stack(0x000000ab60600000,0x000000ab60700000)]
  0x0000029321a68c80 JavaThread "jar transforms Thread 6" [_thread_blocked, id=17992, stack(0x000000ab60700000,0x000000ab60800000)]
  0x0000029321a69620 JavaThread "jar transforms Thread 7" [_thread_blocked, id=17180, stack(0x000000ab60800000,0x000000ab60900000)]
  0x0000029321a63ab0 JavaThread "jar transforms Thread 8" [_thread_blocked, id=2876, stack(0x000000ab60900000,0x000000ab60a00000)]
  0x0000029321a62770 JavaThread "jar transforms Thread 9" [_thread_blocked, id=12488, stack(0x000000ab60a00000,0x000000ab60b00000)]
  0x0000029321a63f80 JavaThread "jar transforms Thread 10" [_thread_blocked, id=15296, stack(0x000000ab60b00000,0x000000ab60c00000)]
  0x0000029321a64450 JavaThread "jar transforms Thread 11" [_thread_blocked, id=20020, stack(0x000000ab60c00000,0x000000ab60d00000)]
  0x0000029321a69150 JavaThread "jar transforms Thread 12" [_thread_blocked, id=20392, stack(0x000000ab60d00000,0x000000ab60e00000)]
  0x0000029321a622a0 JavaThread "Cache worker for checksums cache (C:\Users\crima\AndroidStudioProjects\talentouco2\.gradle\8.1\checksums)" [_thread_blocked, id=20384, stack(0x000000ab60e00000,0x000000ab60f00000)]
  0x0000029321a69af0 JavaThread "Cache worker for cache directory md-rule (C:\Users\crima\.gradle\caches\8.1\md-rule)" [_thread_blocked, id=20408, stack(0x000000ab60f00000,0x000000ab61000000)]
  0x0000029321a64920 JavaThread "Cache worker for file content cache (C:\Users\crima\.gradle\caches\8.1\fileContent)" [_thread_blocked, id=19432, stack(0x000000ab61000000,0x000000ab61100000)]
  0x0000029321a62c40 JavaThread "Cache worker for file hash cache (C:\Users\crima\AndroidStudioProjects\talentouco2\.gradle\8.1\fileHashes)" [_thread_blocked, id=10712, stack(0x000000ab61100000,0x000000ab61200000)]
  0x0000029321a66fa0 JavaThread "Cache worker for cache directory md-supplier (C:\Users\crima\.gradle\caches\8.1\md-supplier)" [_thread_blocked, id=4412, stack(0x000000ab61200000,0x000000ab61300000)]
  0x0000029321a63110 JavaThread "Cache worker for execution history cache (C:\Users\crima\.gradle\caches\8.1\executionHistory)" [_thread_blocked, id=19328, stack(0x000000ab61300000,0x000000ab61400000)]
  0x0000029321a65c60 JavaThread "Cache worker for dependencies-accessors (C:\Users\crima\AndroidStudioProjects\talentouco2\.gradle\8.1\dependencies-accessors)" [_thread_blocked, id=16216, stack(0x000000ab61400000,0x000000ab61500000)]
  0x0000029321a652c0 JavaThread "Cache worker for Build Output Cleanup Cache (C:\Users\crima\AndroidStudioProjects\talentouco2\.gradle\buildOutputCleanup)" [_thread_blocked, id=18208, stack(0x000000ab61500000,0x000000ab61600000)]
  0x0000029321a66130 JavaThread "Unconstrained build operations" [_thread_blocked, id=19672, stack(0x000000ab61600000,0x000000ab61700000)]
  0x0000029321a66600 JavaThread "Unconstrained build operations Thread 2" [_thread_blocked, id=18948, stack(0x000000ab61700000,0x000000ab61800000)]
  0x0000029321a66ad0 JavaThread "Unconstrained build operations Thread 3" [_thread_blocked, id=2356, stack(0x000000ab61800000,0x000000ab61900000)]
  0x0000029321a67470 JavaThread "Unconstrained build operations Thread 4" [_thread_blocked, id=14512, stack(0x000000ab61900000,0x000000ab61a00000)]
  0x0000029321a687b0 JavaThread "Unconstrained build operations Thread 5" [_thread_blocked, id=16004, stack(0x000000ab61a00000,0x000000ab61b00000)]
  0x0000029321a67940 JavaThread "Unconstrained build operations Thread 6" [_thread_blocked, id=5408, stack(0x000000ab61b00000,0x000000ab61c00000)]
  0x0000029323795530 JavaThread "Unconstrained build operations Thread 7" [_thread_blocked, id=9232, stack(0x000000ab61c00000,0x000000ab61d00000)]
  0x00000293237911d0 JavaThread "Unconstrained build operations Thread 8" [_thread_blocked, id=12564, stack(0x000000ab61d00000,0x000000ab61e00000)]
  0x0000029323796870 JavaThread "Unconstrained build operations Thread 9" [_thread_blocked, id=15184, stack(0x000000ab61e00000,0x000000ab61f00000)]
  0x0000029323792510 JavaThread "Unconstrained build operations Thread 10" [_thread_blocked, id=18976, stack(0x000000ab61f00000,0x000000ab62000000)]
  0x00000293237946c0 JavaThread "Unconstrained build operations Thread 11" [_thread_blocked, id=9596, stack(0x000000ab62000000,0x000000ab62100000)]
  0x0000029323796d40 JavaThread "Unconstrained build operations Thread 12" [_thread_blocked, id=19088, stack(0x000000ab62100000,0x000000ab62200000)]
  0x00000293237941f0 JavaThread "Unconstrained build operations Thread 13" [_thread_blocked, id=19148, stack(0x000000ab62200000,0x000000ab62300000)]
  0x00000293237929e0 JavaThread "Unconstrained build operations Thread 14" [_thread_blocked, id=9600, stack(0x000000ab62300000,0x000000ab62400000)]
  0x0000029323795a00 JavaThread "Unconstrained build operations Thread 15" [_thread_blocked, id=20372, stack(0x000000ab62400000,0x000000ab62500000)]
  0x0000029323792eb0 JavaThread "Unconstrained build operations Thread 16" [_thread_blocked, id=9152, stack(0x000000ab62500000,0x000000ab62600000)]
  0x0000029323795ed0 JavaThread "Memory manager" [_thread_blocked, id=20124, stack(0x000000ab62600000,0x000000ab62700000)]

Other Threads:
  0x000002931babb350 VMThread "VM Thread" [stack: 0x000000ab5d900000,0x000000ab5da00000] [id=17724]
  0x000002937fc32a40 WatcherThread [stack: 0x000000ab5e500000,0x000000ab5e600000] [id=11644]
  0x000002937f6cec60 GCTaskThread "GC Thread#0" [stack: 0x000000ab5d400000,0x000000ab5d500000] [id=20140]
  0x000002931cae4cc0 GCTaskThread "GC Thread#1" [stack: 0x000000ab5e800000,0x000000ab5e900000] [id=6916]
  0x000002931cae39f0 GCTaskThread "GC Thread#2" [stack: 0x000000ab5e900000,0x000000ab5ea00000] [id=4960]
  0x000002931cae4760 GCTaskThread "GC Thread#3" [stack: 0x000000ab5ea00000,0x000000ab5eb00000] [id=17604]
  0x000002931cae44b0 GCTaskThread "GC Thread#4" [stack: 0x000000ab5eb00000,0x000000ab5ec00000] [id=19848]
  0x000002931cae3f50 GCTaskThread "GC Thread#5" [stack: 0x000000ab5f600000,0x000000ab5f700000] [id=14164]
  0x000002931ee2e680 GCTaskThread "GC Thread#6" [stack: 0x000000ab5f700000,0x000000ab5f800000] [id=16720]
  0x000002931ee2e930 GCTaskThread "GC Thread#7" [stack: 0x000000ab5f800000,0x000000ab5f900000] [id=6064]
  0x000002931ee31430 GCTaskThread "GC Thread#8" [stack: 0x000000ab5f900000,0x000000ab5fa00000] [id=14916]
  0x000002931ee306c0 GCTaskThread "GC Thread#9" [stack: 0x000000ab5fa00000,0x000000ab5fb00000] [id=20432]
  0x000002937fc28270 ConcurrentGCThread "G1 Main Marker" [stack: 0x000000ab5d500000,0x000000ab5d600000] [id=10252]
  0x000002937fc2b330 ConcurrentGCThread "G1 Conc#0" [stack: 0x000000ab5d600000,0x000000ab5d700000] [id=11676]
  0x000002931ee316e0 ConcurrentGCThread "G1 Conc#1" [stack: 0x000000ab5fb00000,0x000000ab5fc00000] [id=1020]
  0x000002931ee30160 ConcurrentGCThread "G1 Conc#2" [stack: 0x000000ab5fc00000,0x000000ab5fd00000] [id=2720]
  0x000002931b972980 ConcurrentGCThread "G1 Refine#0" [stack: 0x000000ab5d700000,0x000000ab5d800000] [id=19980]
  0x000002931b9732a0 ConcurrentGCThread "G1 Service" [stack: 0x000000ab5d800000,0x000000ab5d900000] [id=8012]

Threads with active compile tasks:
C2 CompilerThread0     6013 7603   !   4       com.sun.beans.TypeResolver::resolve (261 bytes)
C2 CompilerThread1     6013 7624       4       com.sun.beans.TypeResolver::resolve (37 bytes)
C2 CompilerThread2     6013 7695       4       org.gradle.internal.instantiation.generator.AbstractClassGenerator::inspectType (560 bytes)

VM state: not at safepoint (normal execution)

VM Mutex/Monitor currently owned by a thread: None

Heap address: 0x0000000080000000, size: 2048 MB, Compressed Oops mode: 32-bit

CDS archive(s) not mapped
Compressed class space mapped at: 0x0000000100000000-0x0000000140000000, reserved size: 1073741824
Narrow klass base: 0x0000000000000000, Narrow klass shift: 3, Narrow klass range: 0x140000000

GC Precious Log:
 CPUs: 12 total, 12 available
 Memory: 15791M
 Large Page Support: Disabled
 NUMA Support: Disabled
 Compressed Oops: Enabled (32-bit)
 Heap Region Size: 1M
 Heap Min Capacity: 8M
 Heap Initial Capacity: 248M
 Heap Max Capacity: 2G
 Pre-touch: Disabled
 Parallel Workers: 10
 Concurrent Workers: 3
 Concurrent Refinement Workers: 10
 Periodic GC: Disabled

Heap:
 garbage-first heap   total 352256K, used 207198K [0x0000000080000000, 0x0000000100000000)
  region size 1024K, 104 young (106496K), 3 survivors (3072K)
 Metaspace       used 76542K, committed 77248K, reserved 1122304K
  class space    used 10257K, committed 10560K, reserved 1048576K

Heap Regions: E=young(eden), S=young(survivor), O=old, HS=humongous(starts), HC=humongous(continues), CS=collection set, F=free, OA=open archive, CA=closed archive, TAMS=top-at-mark-start (previous, next)
|   0|0x0000000080000000, 0x0000000080100000, 0x0000000080100000|100%|HS|  |TAMS 0x0000000080100000, 0x0000000080000000| Complete 
|   1|0x0000000080100000, 0x0000000080200000, 0x0000000080200000|100%|HC|  |TAMS 0x0000000080200000, 0x0000000080100000| Complete 
|   2|0x0000000080200000, 0x0000000080300000, 0x0000000080300000|100%|HC|  |TAMS 0x0000000080300000, 0x0000000080200000| Complete 
|   3|0x0000000080300000, 0x0000000080400000, 0x0000000080400000|100%|HC|  |TAMS 0x0000000080400000, 0x0000000080300000| Complete 
|   4|0x0000000080400000, 0x0000000080500000, 0x0000000080500000|100%| O|  |TAMS 0x0000000080500000, 0x0000000080400000| Untracked 
|   5|0x0000000080500000, 0x0000000080600000, 0x0000000080600000|100%| O|  |TAMS 0x0000000080600000, 0x0000000080500000| Untracked 
|   6|0x0000000080600000, 0x0000000080700000, 0x0000000080700000|100%| O|  |TAMS 0x0000000080700000, 0x0000000080600000| Untracked 
|   7|0x0000000080700000, 0x0000000080800000, 0x0000000080800000|100%| O|  |TAMS 0x0000000080800000, 0x0000000080700000| Untracked 
|   8|0x0000000080800000, 0x0000000080900000, 0x0000000080900000|100%| O|  |TAMS 0x0000000080900000, 0x0000000080800000| Untracked 
|   9|0x0000000080900000, 0x0000000080a00000, 0x0000000080a00000|100%| O|  |TAMS 0x0000000080a00000, 0x0000000080900000| Untracked 
|  10|0x0000000080a00000, 0x0000000080b00000, 0x0000000080b00000|100%| O|  |TAMS 0x0000000080b00000, 0x0000000080a00000| Untracked 
|  11|0x0000000080b00000, 0x0000000080c00000, 0x0000000080c00000|100%| O|  |TAMS 0x0000000080c00000, 0x0000000080b00000| Untracked 
|  12|0x0000000080c00000, 0x0000000080d00000, 0x0000000080d00000|100%| O|  |TAMS 0x0000000080d00000, 0x0000000080c00000| Untracked 
|  13|0x0000000080d00000, 0x0000000080e00000, 0x0000000080e00000|100%| O|  |TAMS 0x0000000080e00000, 0x0000000080d00000| Untracked 
|  14|0x0000000080e00000, 0x0000000080f00000, 0x0000000080f00000|100%| O|  |TAMS 0x0000000080f00000, 0x0000000080e00000| Untracked 
|  15|0x0000000080f00000, 0x0000000081000000, 0x0000000081000000|100%| O|  |TAMS 0x0000000081000000, 0x0000000080f00000| Untracked 
|  16|0x0000000081000000, 0x0000000081100000, 0x0000000081100000|100%| O|  |TAMS 0x0000000081100000, 0x0000000081000000| Untracked 
|  17|0x0000000081100000, 0x0000000081200000, 0x0000000081200000|100%| O|  |TAMS 0x0000000081200000, 0x0000000081100000| Untracked 
|  18|0x0000000081200000, 0x0000000081300000, 0x0000000081300000|100%| O|  |TAMS 0x0000000081300000, 0x0000000081200000| Untracked 
|  19|0x0000000081300000, 0x0000000081400000, 0x0000000081400000|100%|HS|  |TAMS 0x0000000081400000, 0x0000000081300000| Complete 
|  20|0x0000000081400000, 0x0000000081500000, 0x0000000081500000|100%|HC|  |TAMS 0x0000000081500000, 0x0000000081400000| Complete 
|  21|0x0000000081500000, 0x0000000081600000, 0x0000000081600000|100%|HS|  |TAMS 0x0000000081600000, 0x0000000081500000| Complete 
|  22|0x0000000081600000, 0x0000000081700000, 0x0000000081700000|100%|HC|  |TAMS 0x0000000081700000, 0x0000000081600000| Complete 
|  23|0x0000000081700000, 0x0000000081800000, 0x0000000081800000|100%|HC|  |TAMS 0x0000000081800000, 0x0000000081700000| Complete 
|  24|0x0000000081800000, 0x0000000081900000, 0x0000000081900000|100%|HS|  |TAMS 0x0000000081900000, 0x0000000081800000| Complete 
|  25|0x0000000081900000, 0x0000000081a00000, 0x0000000081a00000|100%|HC|  |TAMS 0x0000000081a00000, 0x0000000081900000| Complete 
|  26|0x0000000081a00000, 0x0000000081b00000, 0x0000000081b00000|100%|HC|  |TAMS 0x0000000081b00000, 0x0000000081a00000| Complete 
|  27|0x0000000081b00000, 0x0000000081c00000, 0x0000000081c00000|100%| O|  |TAMS 0x0000000081c00000, 0x0000000081b00000| Untracked 
|  28|0x0000000081c00000, 0x0000000081d00000, 0x0000000081d00000|100%| O|  |TAMS 0x0000000081d00000, 0x0000000081c00000| Untracked 
|  29|0x0000000081d00000, 0x0000000081e00000, 0x0000000081e00000|100%|HS|  |TAMS 0x0000000081e00000, 0x0000000081d00000| Complete 
|  30|0x0000000081e00000, 0x0000000081f00000, 0x0000000081f00000|100%|HC|  |TAMS 0x0000000081f00000, 0x0000000081e00000| Complete 
|  31|0x0000000081f00000, 0x0000000082000000, 0x0000000082000000|100%|HC|  |TAMS 0x0000000082000000, 0x0000000081f00000| Complete 
|  32|0x0000000082000000, 0x0000000082100000, 0x0000000082100000|100%|HC|  |TAMS 0x0000000082100000, 0x0000000082000000| Complete 
|  33|0x0000000082100000, 0x0000000082200000, 0x0000000082200000|100%|HC|  |TAMS 0x0000000082200000, 0x0000000082100000| Complete 
|  34|0x0000000082200000, 0x0000000082300000, 0x0000000082300000|100%|HC|  |TAMS 0x0000000082300000, 0x0000000082200000| Complete 
|  35|0x0000000082300000, 0x0000000082400000, 0x0000000082400000|100%|HC|  |TAMS 0x0000000082400000, 0x0000000082300000| Complete 
|  36|0x0000000082400000, 0x0000000082500000, 0x0000000082500000|100%|HC|  |TAMS 0x0000000082500000, 0x0000000082400000| Complete 
|  37|0x0000000082500000, 0x0000000082600000, 0x0000000082600000|100%|HC|  |TAMS 0x0000000082600000, 0x0000000082500000| Complete 
|  38|0x0000000082600000, 0x0000000082700000, 0x0000000082700000|100%|HC|  |TAMS 0x0000000082700000, 0x0000000082600000| Complete 
|  39|0x0000000082700000, 0x0000000082800000, 0x0000000082800000|100%|HC|  |TAMS 0x0000000082800000, 0x0000000082700000| Complete 
|  40|0x0000000082800000, 0x0000000082900000, 0x0000000082900000|100%|HC|  |TAMS 0x0000000082900000, 0x0000000082800000| Complete 
|  41|0x0000000082900000, 0x0000000082a00000, 0x0000000082a00000|100%| O|  |TAMS 0x0000000082a00000, 0x0000000082900000| Untracked 
|  42|0x0000000082a00000, 0x0000000082b00000, 0x0000000082b00000|100%| O|  |TAMS 0x0000000082b00000, 0x0000000082a00000| Untracked 
|  43|0x0000000082b00000, 0x0000000082c00000, 0x0000000082c00000|100%| O|  |TAMS 0x0000000082c00000, 0x0000000082b00000| Untracked 
|  44|0x0000000082c00000, 0x0000000082d00000, 0x0000000082d00000|100%| O|  |TAMS 0x0000000082d00000, 0x0000000082c00000| Untracked 
|  45|0x0000000082d00000, 0x0000000082e00000, 0x0000000082e00000|100%|HS|  |TAMS 0x0000000082e00000, 0x0000000082d00000| Complete 
|  46|0x0000000082e00000, 0x0000000082f00000, 0x0000000082f00000|100%|HC|  |TAMS 0x0000000082f00000, 0x0000000082e00000| Complete 
|  47|0x0000000082f00000, 0x0000000083000000, 0x0000000083000000|100%|HS|  |TAMS 0x0000000082f00000, 0x0000000082f00000| Complete 
|  48|0x0000000083000000, 0x0000000083100000, 0x0000000083100000|100%| O|  |TAMS 0x0000000083100000, 0x0000000083000000| Untracked 
|  49|0x0000000083100000, 0x0000000083200000, 0x0000000083200000|100%| O|  |TAMS 0x0000000083200000, 0x0000000083100000| Untracked 
|  50|0x0000000083200000, 0x0000000083300000, 0x0000000083300000|100%| O|  |TAMS 0x0000000083300000, 0x0000000083200000| Untracked 
|  51|0x0000000083300000, 0x0000000083400000, 0x0000000083400000|100%| O|  |TAMS 0x0000000083400000, 0x0000000083300000| Untracked 
|  52|0x0000000083400000, 0x0000000083500000, 0x0000000083500000|100%| O|  |TAMS 0x0000000083500000, 0x0000000083400000| Untracked 
|  53|0x0000000083500000, 0x0000000083600000, 0x0000000083600000|100%| O|  |TAMS 0x0000000083600000, 0x0000000083500000| Untracked 
|  54|0x0000000083600000, 0x0000000083700000, 0x0000000083700000|100%| O|  |TAMS 0x0000000083700000, 0x0000000083600000| Untracked 
|  55|0x0000000083700000, 0x0000000083800000, 0x0000000083800000|100%|HS|  |TAMS 0x0000000083800000, 0x0000000083700000| Complete 
|  56|0x0000000083800000, 0x0000000083900000, 0x0000000083900000|100%|HC|  |TAMS 0x0000000083900000, 0x0000000083800000| Complete 
|  57|0x0000000083900000, 0x0000000083a00000, 0x0000000083a00000|100%|HC|  |TAMS 0x0000000083a00000, 0x0000000083900000| Complete 
|  58|0x0000000083a00000, 0x0000000083b00000, 0x0000000083b00000|100%| O|  |TAMS 0x0000000083b00000, 0x0000000083a00000| Untracked 
|  59|0x0000000083b00000, 0x0000000083c00000, 0x0000000083c00000|100%| O|  |TAMS 0x0000000083c00000, 0x0000000083b00000| Untracked 
|  60|0x0000000083c00000, 0x0000000083d00000, 0x0000000083d00000|100%| O|  |TAMS 0x0000000083d00000, 0x0000000083c00000| Untracked 
|  61|0x0000000083d00000, 0x0000000083e00000, 0x0000000083e00000|100%| O|  |TAMS 0x0000000083e00000, 0x0000000083d00000| Untracked 
|  62|0x0000000083e00000, 0x0000000083f00000, 0x0000000083f00000|100%| O|  |TAMS 0x0000000083f00000, 0x0000000083e00000| Untracked 
|  63|0x0000000083f00000, 0x0000000084000000, 0x0000000084000000|100%| O|  |TAMS 0x0000000084000000, 0x0000000083f00000| Untracked 
|  64|0x0000000084000000, 0x0000000084100000, 0x0000000084100000|100%| O|  |TAMS 0x0000000084100000, 0x0000000084000000| Untracked 
|  65|0x0000000084100000, 0x0000000084200000, 0x0000000084200000|100%| O|  |TAMS 0x0000000084200000, 0x0000000084100000| Complete 
|  66|0x0000000084200000, 0x0000000084300000, 0x0000000084300000|100%| O|  |TAMS 0x0000000084300000, 0x0000000084200000| Untracked 
|  67|0x0000000084300000, 0x0000000084400000, 0x0000000084400000|100%| O|  |TAMS 0x0000000084400000, 0x0000000084300000| Untracked 
|  68|0x0000000084400000, 0x0000000084500000, 0x0000000084500000|100%|HS|  |TAMS 0x0000000084500000, 0x0000000084400000| Complete 
|  69|0x0000000084500000, 0x0000000084600000, 0x0000000084600000|100%|HS|  |TAMS 0x0000000084600000, 0x0000000084500000| Complete 
|  70|0x0000000084600000, 0x0000000084700000, 0x0000000084700000|100%|HC|  |TAMS 0x0000000084700000, 0x0000000084600000| Complete 
|  71|0x0000000084700000, 0x0000000084800000, 0x0000000084800000|100%|HS|  |TAMS 0x0000000084800000, 0x0000000084700000| Complete 
|  72|0x0000000084800000, 0x0000000084900000, 0x0000000084900000|100%|HS|  |TAMS 0x0000000084900000, 0x0000000084800000| Complete 
|  73|0x0000000084900000, 0x0000000084a00000, 0x0000000084a00000|100%|HS|  |TAMS 0x0000000084a00000, 0x0000000084900000| Complete 
|  74|0x0000000084a00000, 0x0000000084b00000, 0x0000000084b00000|100%|HC|  |TAMS 0x0000000084b00000, 0x0000000084a00000| Complete 
|  75|0x0000000084b00000, 0x0000000084c00000, 0x0000000084c00000|100%|HC|  |TAMS 0x0000000084c00000, 0x0000000084b00000| Complete 
|  76|0x0000000084c00000, 0x0000000084d00000, 0x0000000084d00000|100%|HC|  |TAMS 0x0000000084d00000, 0x0000000084c00000| Complete 
|  77|0x0000000084d00000, 0x0000000084e00000, 0x0000000084e00000|100%| O|  |TAMS 0x0000000084e00000, 0x0000000084d00000| Untracked 
|  78|0x0000000084e00000, 0x0000000084f00000, 0x0000000084f00000|100%|HS|  |TAMS 0x0000000084f00000, 0x0000000084e00000| Complete 
|  79|0x0000000084f00000, 0x0000000085000000, 0x0000000085000000|100%|HC|  |TAMS 0x0000000085000000, 0x0000000084f00000| Complete 
|  80|0x0000000085000000, 0x0000000085100000, 0x0000000085100000|100%|HS|  |TAMS 0x0000000085100000, 0x0000000085000000| Complete 
|  81|0x0000000085100000, 0x0000000085200000, 0x0000000085200000|100%| O|  |TAMS 0x0000000085200000, 0x0000000085100000| Untracked 
|  82|0x0000000085200000, 0x0000000085300000, 0x0000000085300000|100%| O|  |TAMS 0x0000000085300000, 0x0000000085200000| Untracked 
|  83|0x0000000085300000, 0x0000000085400000, 0x0000000085400000|100%| O|  |TAMS 0x0000000085400000, 0x0000000085300000| Untracked 
|  84|0x0000000085400000, 0x0000000085500000, 0x0000000085500000|100%| O|  |TAMS 0x0000000085500000, 0x0000000085400000| Untracked 
|  85|0x0000000085500000, 0x0000000085600000, 0x0000000085600000|100%| O|  |TAMS 0x0000000085600000, 0x0000000085500000| Untracked 
|  86|0x0000000085600000, 0x0000000085700000, 0x0000000085700000|100%| O|  |TAMS 0x0000000085700000, 0x0000000085600000| Untracked 
|  87|0x0000000085700000, 0x0000000085800000, 0x0000000085800000|100%| O|  |TAMS 0x0000000085800000, 0x0000000085700000| Untracked 
|  88|0x0000000085800000, 0x0000000085900000, 0x0000000085900000|100%| O|  |TAMS 0x0000000085900000, 0x0000000085800000| Untracked 
|  89|0x0000000085900000, 0x0000000085a00000, 0x0000000085a00000|100%| O|  |TAMS 0x0000000085a00000, 0x0000000085900000| Untracked 
|  90|0x0000000085a00000, 0x0000000085b00000, 0x0000000085b00000|100%| O|  |TAMS 0x0000000085b00000, 0x0000000085a00000| Untracked 
|  91|0x0000000085b00000, 0x0000000085c00000, 0x0000000085c00000|100%| O|  |TAMS 0x0000000085c00000, 0x0000000085b00000| Untracked 
|  92|0x0000000085c00000, 0x0000000085d00000, 0x0000000085d00000|100%| O|  |TAMS 0x0000000085d00000, 0x0000000085c00000| Untracked 
|  93|0x0000000085d00000, 0x0000000085e00000, 0x0000000085e00000|100%| O|  |TAMS 0x0000000085e00000, 0x0000000085d00000| Untracked 
|  94|0x0000000085e00000, 0x0000000085f00000, 0x0000000085f00000|100%| O|  |TAMS 0x0000000085f00000, 0x0000000085e00000| Untracked 
|  95|0x0000000085f00000, 0x0000000086000000, 0x0000000086000000|100%| O|  |TAMS 0x0000000086000000, 0x0000000085f00000| Untracked 
|  96|0x0000000086000000, 0x0000000086100000, 0x0000000086100000|100%| O|  |TAMS 0x0000000086100000, 0x0000000086000000| Untracked 
|  97|0x0000000086100000, 0x0000000086107600, 0x0000000086200000|  2%| O|  |TAMS 0x0000000086107600, 0x0000000086100000| Untracked 
|  98|0x0000000086200000, 0x0000000086300000, 0x0000000086300000|100%|HS|  |TAMS 0x0000000086200000, 0x0000000086200000| Complete 
|  99|0x0000000086300000, 0x0000000086400000, 0x0000000086400000|100%|HC|  |TAMS 0x0000000086300000, 0x0000000086300000| Complete 
| 100|0x0000000086400000, 0x0000000086500000, 0x0000000086500000|100%|HC|  |TAMS 0x0000000086400000, 0x0000000086400000| Complete 
| 101|0x0000000086500000, 0x0000000086600000, 0x0000000086600000|100%|HC|  |TAMS 0x0000000086500000, 0x0000000086500000| Complete 
| 102|0x0000000086600000, 0x0000000086600000, 0x0000000086700000|  0%| F|  |TAMS 0x0000000086600000, 0x0000000086600000| Untracked 
| 103|0x0000000086700000, 0x0000000086700000, 0x0000000086800000|  0%| F|  |TAMS 0x0000000086700000, 0x0000000086700000| Untracked 
| 104|0x0000000086800000, 0x0000000086800000, 0x0000000086900000|  0%| F|  |TAMS 0x0000000086800000, 0x0000000086800000| Untracked 
| 105|0x0000000086900000, 0x0000000086900000, 0x0000000086a00000|  0%| F|  |TAMS 0x0000000086900000, 0x0000000086900000| Untracked 
| 106|0x0000000086a00000, 0x0000000086a00000, 0x0000000086b00000|  0%| F|  |TAMS 0x0000000086a00000, 0x0000000086a00000| Untracked 
| 107|0x0000000086b00000, 0x0000000086b00000, 0x0000000086c00000|  0%| F|  |TAMS 0x0000000086b00000, 0x0000000086b00000| Untracked 
| 108|0x0000000086c00000, 0x0000000086c00000, 0x0000000086d00000|  0%| F|  |TAMS 0x0000000086c00000, 0x0000000086c00000| Untracked 
| 109|0x0000000086d00000, 0x0000000086d00000, 0x0000000086e00000|  0%| F|  |TAMS 0x0000000086d00000, 0x0000000086d00000| Untracked 
| 110|0x0000000086e00000, 0x0000000086e00000, 0x0000000086f00000|  0%| F|  |TAMS 0x0000000086e00000, 0x0000000086e00000| Untracked 
| 111|0x0000000086f00000, 0x0000000086f00000, 0x0000000087000000|  0%| F|  |TAMS 0x0000000086f00000, 0x0000000086f00000| Untracked 
| 112|0x0000000087000000, 0x0000000087000000, 0x0000000087100000|  0%| F|  |TAMS 0x0000000087000000, 0x0000000087000000| Untracked 
| 113|0x0000000087100000, 0x0000000087100000, 0x0000000087200000|  0%| F|  |TAMS 0x0000000087100000, 0x0000000087100000| Untracked 
| 114|0x0000000087200000, 0x0000000087200000, 0x0000000087300000|  0%| F|  |TAMS 0x0000000087200000, 0x0000000087200000| Untracked 
| 115|0x0000000087300000, 0x0000000087300000, 0x0000000087400000|  0%| F|  |TAMS 0x0000000087300000, 0x0000000087300000| Untracked 
| 116|0x0000000087400000, 0x0000000087400000, 0x0000000087500000|  0%| F|  |TAMS 0x0000000087400000, 0x0000000087400000| Untracked 
| 117|0x0000000087500000, 0x0000000087500000, 0x0000000087600000|  0%| F|  |TAMS 0x0000000087500000, 0x0000000087500000| Untracked 
| 118|0x0000000087600000, 0x0000000087600000, 0x0000000087700000|  0%| F|  |TAMS 0x0000000087600000, 0x0000000087600000| Untracked 
| 119|0x0000000087700000, 0x0000000087700000, 0x0000000087800000|  0%| F|  |TAMS 0x0000000087700000, 0x0000000087700000| Untracked 
| 120|0x0000000087800000, 0x0000000087800000, 0x0000000087900000|  0%| F|  |TAMS 0x0000000087800000, 0x0000000087800000| Untracked 
| 121|0x0000000087900000, 0x0000000087900000, 0x0000000087a00000|  0%| F|  |TAMS 0x0000000087900000, 0x0000000087900000| Untracked 
| 122|0x0000000087a00000, 0x0000000087a00000, 0x0000000087b00000|  0%| F|  |TAMS 0x0000000087a00000, 0x0000000087a00000| Untracked 
| 123|0x0000000087b00000, 0x0000000087b00000, 0x0000000087c00000|  0%| F|  |TAMS 0x0000000087b00000, 0x0000000087b00000| Untracked 
| 124|0x0000000087c00000, 0x0000000087c00000, 0x0000000087d00000|  0%| F|  |TAMS 0x0000000087c00000, 0x0000000087c00000| Untracked 
| 125|0x0000000087d00000, 0x0000000087d00000, 0x0000000087e00000|  0%| F|  |TAMS 0x0000000087d00000, 0x0000000087d00000| Untracked 
| 126|0x0000000087e00000, 0x0000000087e00000, 0x0000000087f00000|  0%| F|  |TAMS 0x0000000087e00000, 0x0000000087e00000| Untracked 
| 127|0x0000000087f00000, 0x0000000087f00000, 0x0000000088000000|  0%| F|  |TAMS 0x0000000087f00000, 0x0000000087f00000| Untracked 
| 128|0x0000000088000000, 0x0000000088000000, 0x0000000088100000|  0%| F|  |TAMS 0x0000000088000000, 0x0000000088000000| Untracked 
| 129|0x0000000088100000, 0x0000000088100000, 0x0000000088200000|  0%| F|  |TAMS 0x0000000088100000, 0x0000000088100000| Untracked 
| 130|0x0000000088200000, 0x0000000088200000, 0x0000000088300000|  0%| F|  |TAMS 0x0000000088200000, 0x0000000088200000| Untracked 
| 131|0x0000000088300000, 0x0000000088300000, 0x0000000088400000|  0%| F|  |TAMS 0x0000000088300000, 0x0000000088300000| Untracked 
| 132|0x0000000088400000, 0x00000000884505e0, 0x0000000088500000| 31%| S|CS|TAMS 0x0000000088400000, 0x0000000088400000| Complete 
| 133|0x0000000088500000, 0x0000000088600000, 0x0000000088600000|100%| S|CS|TAMS 0x0000000088500000, 0x0000000088500000| Complete 
| 134|0x0000000088600000, 0x0000000088700000, 0x0000000088700000|100%| S|CS|TAMS 0x0000000088600000, 0x0000000088600000| Complete 
| 135|0x0000000088700000, 0x0000000088700000, 0x0000000088800000|  0%| F|  |TAMS 0x0000000088700000, 0x0000000088700000| Untracked 
| 136|0x0000000088800000, 0x0000000088800000, 0x0000000088900000|  0%| F|  |TAMS 0x0000000088800000, 0x0000000088800000| Untracked 
| 137|0x0000000088900000, 0x0000000088900000, 0x0000000088a00000|  0%| F|  |TAMS 0x0000000088900000, 0x0000000088900000| Untracked 
| 138|0x0000000088a00000, 0x0000000088a00000, 0x0000000088b00000|  0%| F|  |TAMS 0x0000000088a00000, 0x0000000088a00000| Untracked 
| 139|0x0000000088b00000, 0x0000000088b00000, 0x0000000088c00000|  0%| F|  |TAMS 0x0000000088b00000, 0x0000000088b00000| Untracked 
| 140|0x0000000088c00000, 0x0000000088c00000, 0x0000000088d00000|  0%| F|  |TAMS 0x0000000088c00000, 0x0000000088c00000| Untracked 
| 141|0x0000000088d00000, 0x0000000088d00000, 0x0000000088e00000|  0%| F|  |TAMS 0x0000000088d00000, 0x0000000088d00000| Untracked 
| 142|0x0000000088e00000, 0x0000000088e00000, 0x0000000088f00000|  0%| F|  |TAMS 0x0000000088e00000, 0x0000000088e00000| Untracked 
| 143|0x0000000088f00000, 0x0000000088f00000, 0x0000000089000000|  0%| F|  |TAMS 0x0000000088f00000, 0x0000000088f00000| Untracked 
| 144|0x0000000089000000, 0x0000000089000000, 0x0000000089100000|  0%| F|  |TAMS 0x0000000089000000, 0x0000000089000000| Untracked 
| 145|0x0000000089100000, 0x0000000089100000, 0x0000000089200000|  0%| F|  |TAMS 0x0000000089100000, 0x0000000089100000| Untracked 
| 146|0x0000000089200000, 0x0000000089200000, 0x0000000089300000|  0%| F|  |TAMS 0x0000000089200000, 0x0000000089200000| Untracked 
| 147|0x0000000089300000, 0x0000000089300000, 0x0000000089400000|  0%| F|  |TAMS 0x0000000089300000, 0x0000000089300000| Untracked 
| 148|0x0000000089400000, 0x0000000089400000, 0x0000000089500000|  0%| F|  |TAMS 0x0000000089400000, 0x0000000089400000| Untracked 
| 149|0x0000000089500000, 0x0000000089500000, 0x0000000089600000|  0%| F|  |TAMS 0x0000000089500000, 0x0000000089500000| Untracked 
| 150|0x0000000089600000, 0x0000000089600000, 0x0000000089700000|  0%| F|  |TAMS 0x0000000089600000, 0x0000000089600000| Untracked 
| 151|0x0000000089700000, 0x0000000089700000, 0x0000000089800000|  0%| F|  |TAMS 0x0000000089700000, 0x0000000089700000| Untracked 
| 152|0x0000000089800000, 0x0000000089800000, 0x0000000089900000|  0%| F|  |TAMS 0x0000000089800000, 0x0000000089800000| Untracked 
| 153|0x0000000089900000, 0x0000000089900000, 0x0000000089a00000|  0%| F|  |TAMS 0x0000000089900000, 0x0000000089900000| Untracked 
| 154|0x0000000089a00000, 0x0000000089a00000, 0x0000000089b00000|  0%| F|  |TAMS 0x0000000089a00000, 0x0000000089a00000| Untracked 
| 155|0x0000000089b00000, 0x0000000089b00000, 0x0000000089c00000|  0%| F|  |TAMS 0x0000000089b00000, 0x0000000089b00000| Untracked 
| 156|0x0000000089c00000, 0x0000000089c00000, 0x0000000089d00000|  0%| F|  |TAMS 0x0000000089c00000, 0x0000000089c00000| Untracked 
| 157|0x0000000089d00000, 0x0000000089d00000, 0x0000000089e00000|  0%| F|  |TAMS 0x0000000089d00000, 0x0000000089d00000| Untracked 
| 158|0x0000000089e00000, 0x0000000089e00000, 0x0000000089f00000|  0%| F|  |TAMS 0x0000000089e00000, 0x0000000089e00000| Untracked 
| 159|0x0000000089f00000, 0x0000000089f00000, 0x000000008a000000|  0%| F|  |TAMS 0x0000000089f00000, 0x0000000089f00000| Untracked 
| 160|0x000000008a000000, 0x000000008a000000, 0x000000008a100000|  0%| F|  |TAMS 0x000000008a000000, 0x000000008a000000| Untracked 
| 161|0x000000008a100000, 0x000000008a100000, 0x000000008a200000|  0%| F|  |TAMS 0x000000008a100000, 0x000000008a100000| Untracked 
| 162|0x000000008a200000, 0x000000008a200000, 0x000000008a300000|  0%| F|  |TAMS 0x000000008a200000, 0x000000008a200000| Untracked 
| 163|0x000000008a300000, 0x000000008a300000, 0x000000008a400000|  0%| F|  |TAMS 0x000000008a300000, 0x000000008a300000| Untracked 
| 164|0x000000008a400000, 0x000000008a400000, 0x000000008a500000|  0%| F|  |TAMS 0x000000008a400000, 0x000000008a400000| Untracked 
| 165|0x000000008a500000, 0x000000008a500000, 0x000000008a600000|  0%| F|  |TAMS 0x000000008a500000, 0x000000008a500000| Untracked 
| 166|0x000000008a600000, 0x000000008a600000, 0x000000008a700000|  0%| F|  |TAMS 0x000000008a600000, 0x000000008a600000| Untracked 
| 167|0x000000008a700000, 0x000000008a700000, 0x000000008a800000|  0%| F|  |TAMS 0x000000008a700000, 0x000000008a700000| Untracked 
| 168|0x000000008a800000, 0x000000008a800000, 0x000000008a900000|  0%| F|  |TAMS 0x000000008a800000, 0x000000008a800000| Untracked 
| 169|0x000000008a900000, 0x000000008a900000, 0x000000008aa00000|  0%| F|  |TAMS 0x000000008a900000, 0x000000008a900000| Untracked 
| 170|0x000000008aa00000, 0x000000008aa00000, 0x000000008ab00000|  0%| F|  |TAMS 0x000000008aa00000, 0x000000008aa00000| Untracked 
| 171|0x000000008ab00000, 0x000000008ab00000, 0x000000008ac00000|  0%| F|  |TAMS 0x000000008ab00000, 0x000000008ab00000| Untracked 
| 172|0x000000008ac00000, 0x000000008ac00000, 0x000000008ad00000|  0%| F|  |TAMS 0x000000008ac00000, 0x000000008ac00000| Untracked 
| 173|0x000000008ad00000, 0x000000008ad00000, 0x000000008ae00000|  0%| F|  |TAMS 0x000000008ad00000, 0x000000008ad00000| Untracked 
| 174|0x000000008ae00000, 0x000000008ae00000, 0x000000008af00000|  0%| F|  |TAMS 0x000000008ae00000, 0x000000008ae00000| Untracked 
| 175|0x000000008af00000, 0x000000008af00000, 0x000000008b000000|  0%| F|  |TAMS 0x000000008af00000, 0x000000008af00000| Untracked 
| 176|0x000000008b000000, 0x000000008b000000, 0x000000008b100000|  0%| F|  |TAMS 0x000000008b000000, 0x000000008b000000| Untracked 
| 177|0x000000008b100000, 0x000000008b100000, 0x000000008b200000|  0%| F|  |TAMS 0x000000008b100000, 0x000000008b100000| Untracked 
| 178|0x000000008b200000, 0x000000008b200000, 0x000000008b300000|  0%| F|  |TAMS 0x000000008b200000, 0x000000008b200000| Untracked 
| 179|0x000000008b300000, 0x000000008b300000, 0x000000008b400000|  0%| F|  |TAMS 0x000000008b300000, 0x000000008b300000| Untracked 
| 180|0x000000008b400000, 0x000000008b400000, 0x000000008b500000|  0%| F|  |TAMS 0x000000008b400000, 0x000000008b400000| Untracked 
| 181|0x000000008b500000, 0x000000008b500000, 0x000000008b600000|  0%| F|  |TAMS 0x000000008b500000, 0x000000008b500000| Untracked 
| 182|0x000000008b600000, 0x000000008b600000, 0x000000008b700000|  0%| F|  |TAMS 0x000000008b600000, 0x000000008b600000| Untracked 
| 183|0x000000008b700000, 0x000000008b700000, 0x000000008b800000|  0%| F|  |TAMS 0x000000008b700000, 0x000000008b700000| Untracked 
| 184|0x000000008b800000, 0x000000008b800000, 0x000000008b900000|  0%| F|  |TAMS 0x000000008b800000, 0x000000008b800000| Untracked 
| 185|0x000000008b900000, 0x000000008b900000, 0x000000008ba00000|  0%| F|  |TAMS 0x000000008b900000, 0x000000008b900000| Untracked 
| 186|0x000000008ba00000, 0x000000008ba00000, 0x000000008bb00000|  0%| F|  |TAMS 0x000000008ba00000, 0x000000008ba00000| Untracked 
| 187|0x000000008bb00000, 0x000000008bb00000, 0x000000008bc00000|  0%| F|  |TAMS 0x000000008bb00000, 0x000000008bb00000| Untracked 
| 188|0x000000008bc00000, 0x000000008bc00000, 0x000000008bd00000|  0%| F|  |TAMS 0x000000008bc00000, 0x000000008bc00000| Untracked 
| 189|0x000000008bd00000, 0x000000008bd00000, 0x000000008be00000|  0%| F|  |TAMS 0x000000008bd00000, 0x000000008bd00000| Untracked 
| 190|0x000000008be00000, 0x000000008be00000, 0x000000008bf00000|  0%| F|  |TAMS 0x000000008be00000, 0x000000008be00000| Untracked 
| 191|0x000000008bf00000, 0x000000008bf00000, 0x000000008c000000|  0%| F|  |TAMS 0x000000008bf00000, 0x000000008bf00000| Untracked 
| 192|0x000000008c000000, 0x000000008c000000, 0x000000008c100000|  0%| F|  |TAMS 0x000000008c000000, 0x000000008c000000| Untracked 
| 193|0x000000008c100000, 0x000000008c100000, 0x000000008c200000|  0%| F|  |TAMS 0x000000008c100000, 0x000000008c100000| Untracked 
| 194|0x000000008c200000, 0x000000008c200000, 0x000000008c300000|  0%| F|  |TAMS 0x000000008c200000, 0x000000008c200000| Untracked 
| 195|0x000000008c300000, 0x000000008c300000, 0x000000008c400000|  0%| F|  |TAMS 0x000000008c300000, 0x000000008c300000| Untracked 
| 196|0x000000008c400000, 0x000000008c400000, 0x000000008c500000|  0%| F|  |TAMS 0x000000008c400000, 0x000000008c400000| Untracked 
| 197|0x000000008c500000, 0x000000008c500000, 0x000000008c600000|  0%| F|  |TAMS 0x000000008c500000, 0x000000008c500000| Untracked 
| 198|0x000000008c600000, 0x000000008c600000, 0x000000008c700000|  0%| F|  |TAMS 0x000000008c600000, 0x000000008c600000| Untracked 
| 199|0x000000008c700000, 0x000000008c700000, 0x000000008c800000|  0%| F|  |TAMS 0x000000008c700000, 0x000000008c700000| Untracked 
| 200|0x000000008c800000, 0x000000008c800000, 0x000000008c900000|  0%| F|  |TAMS 0x000000008c800000, 0x000000008c800000| Untracked 
| 201|0x000000008c900000, 0x000000008c900000, 0x000000008ca00000|  0%| F|  |TAMS 0x000000008c900000, 0x000000008c900000| Untracked 
| 202|0x000000008ca00000, 0x000000008ca00000, 0x000000008cb00000|  0%| F|  |TAMS 0x000000008ca00000, 0x000000008ca00000| Untracked 
| 203|0x000000008cb00000, 0x000000008cb00000, 0x000000008cc00000|  0%| F|  |TAMS 0x000000008cb00000, 0x000000008cb00000| Untracked 
| 204|0x000000008cc00000, 0x000000008cc00000, 0x000000008cd00000|  0%| F|  |TAMS 0x000000008cc00000, 0x000000008cc00000| Untracked 
| 205|0x000000008cd00000, 0x000000008cd00000, 0x000000008ce00000|  0%| F|  |TAMS 0x000000008cd00000, 0x000000008cd00000| Untracked 
| 206|0x000000008ce00000, 0x000000008ce00000, 0x000000008cf00000|  0%| F|  |TAMS 0x000000008ce00000, 0x000000008ce00000| Untracked 
| 207|0x000000008cf00000, 0x000000008cf00000, 0x000000008d000000|  0%| F|  |TAMS 0x000000008cf00000, 0x000000008cf00000| Untracked 
| 208|0x000000008d000000, 0x000000008d000000, 0x000000008d100000|  0%| F|  |TAMS 0x000000008d000000, 0x000000008d000000| Untracked 
| 209|0x000000008d100000, 0x000000008d100000, 0x000000008d200000|  0%| F|  |TAMS 0x000000008d100000, 0x000000008d100000| Untracked 
| 210|0x000000008d200000, 0x000000008d200000, 0x000000008d300000|  0%| F|  |TAMS 0x000000008d200000, 0x000000008d200000| Untracked 
| 211|0x000000008d300000, 0x000000008d300000, 0x000000008d400000|  0%| F|  |TAMS 0x000000008d300000, 0x000000008d300000| Untracked 
| 212|0x000000008d400000, 0x000000008d400000, 0x000000008d500000|  0%| F|  |TAMS 0x000000008d400000, 0x000000008d400000| Untracked 
| 213|0x000000008d500000, 0x000000008d500000, 0x000000008d600000|  0%| F|  |TAMS 0x000000008d500000, 0x000000008d500000| Untracked 
| 214|0x000000008d600000, 0x000000008d600000, 0x000000008d700000|  0%| F|  |TAMS 0x000000008d600000, 0x000000008d600000| Untracked 
| 215|0x000000008d700000, 0x000000008d700000, 0x000000008d800000|  0%| F|  |TAMS 0x000000008d700000, 0x000000008d700000| Untracked 
| 216|0x000000008d800000, 0x000000008d800000, 0x000000008d900000|  0%| F|  |TAMS 0x000000008d800000, 0x000000008d800000| Untracked 
| 217|0x000000008d900000, 0x000000008d900000, 0x000000008da00000|  0%| F|  |TAMS 0x000000008d900000, 0x000000008d900000| Untracked 
| 218|0x000000008da00000, 0x000000008da00000, 0x000000008db00000|  0%| F|  |TAMS 0x000000008da00000, 0x000000008da00000| Untracked 
| 219|0x000000008db00000, 0x000000008db00000, 0x000000008dc00000|  0%| F|  |TAMS 0x000000008db00000, 0x000000008db00000| Untracked 
| 220|0x000000008dc00000, 0x000000008dc00000, 0x000000008dd00000|  0%| F|  |TAMS 0x000000008dc00000, 0x000000008dc00000| Untracked 
| 221|0x000000008dd00000, 0x000000008dd00000, 0x000000008de00000|  0%| F|  |TAMS 0x000000008dd00000, 0x000000008dd00000| Untracked 
| 222|0x000000008de00000, 0x000000008de00000, 0x000000008df00000|  0%| F|  |TAMS 0x000000008de00000, 0x000000008de00000| Untracked 
| 223|0x000000008df00000, 0x000000008df00000, 0x000000008e000000|  0%| F|  |TAMS 0x000000008df00000, 0x000000008df00000| Untracked 
| 224|0x000000008e000000, 0x000000008e000000, 0x000000008e100000|  0%| F|  |TAMS 0x000000008e000000, 0x000000008e000000| Untracked 
| 225|0x000000008e100000, 0x000000008e100000, 0x000000008e200000|  0%| F|  |TAMS 0x000000008e100000, 0x000000008e100000| Untracked 
| 226|0x000000008e200000, 0x000000008e200000, 0x000000008e300000|  0%| F|  |TAMS 0x000000008e200000, 0x000000008e200000| Untracked 
| 227|0x000000008e300000, 0x000000008e300000, 0x000000008e400000|  0%| F|  |TAMS 0x000000008e300000, 0x000000008e300000| Untracked 
| 228|0x000000008e400000, 0x000000008e400000, 0x000000008e500000|  0%| F|  |TAMS 0x000000008e400000, 0x000000008e400000| Untracked 
| 229|0x000000008e500000, 0x000000008e500000, 0x000000008e600000|  0%| F|  |TAMS 0x000000008e500000, 0x000000008e500000| Untracked 
| 230|0x000000008e600000, 0x000000008e600000, 0x000000008e700000|  0%| F|  |TAMS 0x000000008e600000, 0x000000008e600000| Untracked 
| 231|0x000000008e700000, 0x000000008e700000, 0x000000008e800000|  0%| F|  |TAMS 0x000000008e700000, 0x000000008e700000| Untracked 
| 232|0x000000008e800000, 0x000000008e800000, 0x000000008e900000|  0%| F|  |TAMS 0x000000008e800000, 0x000000008e800000| Untracked 
| 233|0x000000008e900000, 0x000000008e900000, 0x000000008ea00000|  0%| F|  |TAMS 0x000000008e900000, 0x000000008e900000| Untracked 
| 234|0x000000008ea00000, 0x000000008ea00000, 0x000000008eb00000|  0%| F|  |TAMS 0x000000008ea00000, 0x000000008ea00000| Untracked 
| 235|0x000000008eb00000, 0x000000008eb00000, 0x000000008ec00000|  0%| F|  |TAMS 0x000000008eb00000, 0x000000008eb00000| Untracked 
| 236|0x000000008ec00000, 0x000000008ec00000, 0x000000008ed00000|  0%| F|  |TAMS 0x000000008ec00000, 0x000000008ec00000| Untracked 
| 237|0x000000008ed00000, 0x000000008ed00000, 0x000000008ee00000|  0%| F|  |TAMS 0x000000008ed00000, 0x000000008ed00000| Untracked 
| 238|0x000000008ee00000, 0x000000008ee00000, 0x000000008ef00000|  0%| F|  |TAMS 0x000000008ee00000, 0x000000008ee00000| Untracked 
| 239|0x000000008ef00000, 0x000000008ef00000, 0x000000008f000000|  0%| F|  |TAMS 0x000000008ef00000, 0x000000008ef00000| Untracked 
| 240|0x000000008f000000, 0x000000008f000000, 0x000000008f100000|  0%| F|  |TAMS 0x000000008f000000, 0x000000008f000000| Untracked 
| 241|0x000000008f100000, 0x000000008f100000, 0x000000008f200000|  0%| F|  |TAMS 0x000000008f100000, 0x000000008f100000| Untracked 
| 242|0x000000008f200000, 0x000000008f283c10, 0x000000008f300000| 51%| E|  |TAMS 0x000000008f200000, 0x000000008f200000| Complete 
| 243|0x000000008f300000, 0x000000008f400000, 0x000000008f400000|100%| E|CS|TAMS 0x000000008f300000, 0x000000008f300000| Complete 
| 244|0x000000008f400000, 0x000000008f500000, 0x000000008f500000|100%| E|CS|TAMS 0x000000008f400000, 0x000000008f400000| Complete 
| 245|0x000000008f500000, 0x000000008f600000, 0x000000008f600000|100%| E|CS|TAMS 0x000000008f500000, 0x000000008f500000| Complete 
| 246|0x000000008f600000, 0x000000008f700000, 0x000000008f700000|100%| E|CS|TAMS 0x000000008f600000, 0x000000008f600000| Complete 
| 247|0x000000008f700000, 0x000000008f800000, 0x000000008f800000|100%| E|CS|TAMS 0x000000008f700000, 0x000000008f700000| Complete 
| 248|0x000000008f800000, 0x000000008f900000, 0x000000008f900000|100%| E|CS|TAMS 0x000000008f800000, 0x000000008f800000| Complete 
| 249|0x000000008f900000, 0x000000008fa00000, 0x000000008fa00000|100%| E|CS|TAMS 0x000000008f900000, 0x000000008f900000| Complete 
| 250|0x000000008fa00000, 0x000000008fb00000, 0x000000008fb00000|100%| E|CS|TAMS 0x000000008fa00000, 0x000000008fa00000| Complete 
| 251|0x000000008fb00000, 0x000000008fc00000, 0x000000008fc00000|100%| E|CS|TAMS 0x000000008fb00000, 0x000000008fb00000| Complete 
| 252|0x000000008fc00000, 0x000000008fd00000, 0x000000008fd00000|100%| E|CS|TAMS 0x000000008fc00000, 0x000000008fc00000| Complete 
| 253|0x000000008fd00000, 0x000000008fe00000, 0x000000008fe00000|100%| E|CS|TAMS 0x000000008fd00000, 0x000000008fd00000| Complete 
| 254|0x000000008fe00000, 0x000000008ff00000, 0x000000008ff00000|100%| E|CS|TAMS 0x000000008fe00000, 0x000000008fe00000| Complete 
| 255|0x000000008ff00000, 0x0000000090000000, 0x0000000090000000|100%| E|CS|TAMS 0x000000008ff00000, 0x000000008ff00000| Complete 
| 256|0x0000000090000000, 0x0000000090100000, 0x0000000090100000|100%| E|CS|TAMS 0x0000000090000000, 0x0000000090000000| Complete 
| 257|0x0000000090100000, 0x0000000090200000, 0x0000000090200000|100%| E|CS|TAMS 0x0000000090100000, 0x0000000090100000| Complete 
| 258|0x0000000090200000, 0x0000000090300000, 0x0000000090300000|100%| E|CS|TAMS 0x0000000090200000, 0x0000000090200000| Complete 
| 259|0x0000000090300000, 0x0000000090400000, 0x0000000090400000|100%| E|CS|TAMS 0x0000000090300000, 0x0000000090300000| Complete 
| 260|0x0000000090400000, 0x0000000090500000, 0x0000000090500000|100%| E|CS|TAMS 0x0000000090400000, 0x0000000090400000| Complete 
| 261|0x0000000090500000, 0x0000000090600000, 0x0000000090600000|100%| E|CS|TAMS 0x0000000090500000, 0x0000000090500000| Complete 
| 262|0x0000000090600000, 0x0000000090700000, 0x0000000090700000|100%| E|CS|TAMS 0x0000000090600000, 0x0000000090600000| Complete 
| 263|0x0000000090700000, 0x0000000090800000, 0x0000000090800000|100%| E|CS|TAMS 0x0000000090700000, 0x0000000090700000| Complete 
| 264|0x0000000090800000, 0x0000000090900000, 0x0000000090900000|100%| E|CS|TAMS 0x0000000090800000, 0x0000000090800000| Complete 
| 265|0x0000000090900000, 0x0000000090a00000, 0x0000000090a00000|100%| E|CS|TAMS 0x0000000090900000, 0x0000000090900000| Complete 
| 266|0x0000000090a00000, 0x0000000090b00000, 0x0000000090b00000|100%| E|CS|TAMS 0x0000000090a00000, 0x0000000090a00000| Complete 
| 267|0x0000000090b00000, 0x0000000090c00000, 0x0000000090c00000|100%| E|CS|TAMS 0x0000000090b00000, 0x0000000090b00000| Complete 
| 268|0x0000000090c00000, 0x0000000090d00000, 0x0000000090d00000|100%| E|CS|TAMS 0x0000000090c00000, 0x0000000090c00000| Complete 
| 269|0x0000000090d00000, 0x0000000090e00000, 0x0000000090e00000|100%| E|CS|TAMS 0x0000000090d00000, 0x0000000090d00000| Complete 
| 270|0x0000000090e00000, 0x0000000090f00000, 0x0000000090f00000|100%| E|CS|TAMS 0x0000000090e00000, 0x0000000090e00000| Complete 
| 271|0x0000000090f00000, 0x0000000091000000, 0x0000000091000000|100%| E|CS|TAMS 0x0000000090f00000, 0x0000000090f00000| Complete 
| 272|0x0000000091000000, 0x0000000091100000, 0x0000000091100000|100%| E|CS|TAMS 0x0000000091000000, 0x0000000091000000| Complete 
| 273|0x0000000091100000, 0x0000000091200000, 0x0000000091200000|100%| E|CS|TAMS 0x0000000091100000, 0x0000000091100000| Complete 
| 274|0x0000000091200000, 0x0000000091300000, 0x0000000091300000|100%| E|CS|TAMS 0x0000000091200000, 0x0000000091200000| Complete 
| 275|0x0000000091300000, 0x0000000091400000, 0x0000000091400000|100%| E|CS|TAMS 0x0000000091300000, 0x0000000091300000| Complete 
| 276|0x0000000091400000, 0x0000000091500000, 0x0000000091500000|100%| E|CS|TAMS 0x0000000091400000, 0x0000000091400000| Complete 
| 277|0x0000000091500000, 0x0000000091600000, 0x0000000091600000|100%| E|CS|TAMS 0x0000000091500000, 0x0000000091500000| Complete 
| 278|0x0000000091600000, 0x0000000091700000, 0x0000000091700000|100%| E|CS|TAMS 0x0000000091600000, 0x0000000091600000| Complete 
| 279|0x0000000091700000, 0x0000000091800000, 0x0000000091800000|100%| E|CS|TAMS 0x0000000091700000, 0x0000000091700000| Complete 
| 280|0x0000000091800000, 0x0000000091900000, 0x0000000091900000|100%| E|CS|TAMS 0x0000000091800000, 0x0000000091800000| Complete 
| 281|0x0000000091900000, 0x0000000091a00000, 0x0000000091a00000|100%| E|CS|TAMS 0x0000000091900000, 0x0000000091900000| Complete 
| 282|0x0000000091a00000, 0x0000000091b00000, 0x0000000091b00000|100%| E|CS|TAMS 0x0000000091a00000, 0x0000000091a00000| Complete 
| 283|0x0000000091b00000, 0x0000000091c00000, 0x0000000091c00000|100%| E|CS|TAMS 0x0000000091b00000, 0x0000000091b00000| Complete 
| 284|0x0000000091c00000, 0x0000000091d00000, 0x0000000091d00000|100%| E|CS|TAMS 0x0000000091c00000, 0x0000000091c00000| Complete 
| 285|0x0000000091d00000, 0x0000000091e00000, 0x0000000091e00000|100%| E|CS|TAMS 0x0000000091d00000, 0x0000000091d00000| Complete 
| 286|0x0000000091e00000, 0x0000000091f00000, 0x0000000091f00000|100%| E|CS|TAMS 0x0000000091e00000, 0x0000000091e00000| Complete 
| 287|0x0000000091f00000, 0x0000000092000000, 0x0000000092000000|100%| E|CS|TAMS 0x0000000091f00000, 0x0000000091f00000| Complete 
| 288|0x0000000092000000, 0x0000000092100000, 0x0000000092100000|100%| E|CS|TAMS 0x0000000092000000, 0x0000000092000000| Complete 
| 289|0x0000000092100000, 0x0000000092200000, 0x0000000092200000|100%| E|CS|TAMS 0x0000000092100000, 0x0000000092100000| Complete 
| 290|0x0000000092200000, 0x0000000092300000, 0x0000000092300000|100%| E|CS|TAMS 0x0000000092200000, 0x0000000092200000| Complete 
| 291|0x0000000092300000, 0x0000000092400000, 0x0000000092400000|100%| E|CS|TAMS 0x0000000092300000, 0x0000000092300000| Complete 
| 292|0x0000000092400000, 0x0000000092500000, 0x0000000092500000|100%| E|CS|TAMS 0x0000000092400000, 0x0000000092400000| Complete 
| 293|0x0000000092500000, 0x0000000092600000, 0x0000000092600000|100%| E|CS|TAMS 0x0000000092500000, 0x0000000092500000| Complete 
| 294|0x0000000092600000, 0x0000000092700000, 0x0000000092700000|100%| E|CS|TAMS 0x0000000092600000, 0x0000000092600000| Complete 
| 295|0x0000000092700000, 0x0000000092800000, 0x0000000092800000|100%| E|CS|TAMS 0x0000000092700000, 0x0000000092700000| Complete 
| 296|0x0000000092800000, 0x0000000092900000, 0x0000000092900000|100%| E|CS|TAMS 0x0000000092800000, 0x0000000092800000| Complete 
| 297|0x0000000092900000, 0x0000000092a00000, 0x0000000092a00000|100%| E|CS|TAMS 0x0000000092900000, 0x0000000092900000| Complete 
| 298|0x0000000092a00000, 0x0000000092b00000, 0x0000000092b00000|100%| E|CS|TAMS 0x0000000092a00000, 0x0000000092a00000| Complete 
| 299|0x0000000092b00000, 0x0000000092c00000, 0x0000000092c00000|100%| E|CS|TAMS 0x0000000092b00000, 0x0000000092b00000| Complete 
| 300|0x0000000092c00000, 0x0000000092d00000, 0x0000000092d00000|100%| E|CS|TAMS 0x0000000092c00000, 0x0000000092c00000| Complete 
| 301|0x0000000092d00000, 0x0000000092e00000, 0x0000000092e00000|100%| E|CS|TAMS 0x0000000092d00000, 0x0000000092d00000| Complete 
| 302|0x0000000092e00000, 0x0000000092f00000, 0x0000000092f00000|100%| E|CS|TAMS 0x0000000092e00000, 0x0000000092e00000| Complete 
| 303|0x0000000092f00000, 0x0000000093000000, 0x0000000093000000|100%| E|CS|TAMS 0x0000000092f00000, 0x0000000092f00000| Complete 
| 304|0x0000000093000000, 0x0000000093100000, 0x0000000093100000|100%| E|CS|TAMS 0x0000000093000000, 0x0000000093000000| Complete 
| 305|0x0000000093100000, 0x0000000093200000, 0x0000000093200000|100%| E|CS|TAMS 0x0000000093100000, 0x0000000093100000| Complete 
| 306|0x0000000093200000, 0x0000000093300000, 0x0000000093300000|100%| E|CS|TAMS 0x0000000093200000, 0x0000000093200000| Complete 
| 307|0x0000000093300000, 0x0000000093400000, 0x0000000093400000|100%| E|CS|TAMS 0x0000000093300000, 0x0000000093300000| Complete 
| 308|0x0000000093400000, 0x0000000093500000, 0x0000000093500000|100%| E|CS|TAMS 0x0000000093400000, 0x0000000093400000| Complete 
| 309|0x0000000093500000, 0x0000000093600000, 0x0000000093600000|100%| E|CS|TAMS 0x0000000093500000, 0x0000000093500000| Complete 
| 310|0x0000000093600000, 0x0000000093700000, 0x0000000093700000|100%| E|CS|TAMS 0x0000000093600000, 0x0000000093600000| Complete 
| 311|0x0000000093700000, 0x0000000093800000, 0x0000000093800000|100%| E|CS|TAMS 0x0000000093700000, 0x0000000093700000| Complete 
| 312|0x0000000093800000, 0x0000000093900000, 0x0000000093900000|100%| E|CS|TAMS 0x0000000093800000, 0x0000000093800000| Complete 
| 313|0x0000000093900000, 0x0000000093a00000, 0x0000000093a00000|100%| E|CS|TAMS 0x0000000093900000, 0x0000000093900000| Complete 
| 314|0x0000000093a00000, 0x0000000093b00000, 0x0000000093b00000|100%| E|CS|TAMS 0x0000000093a00000, 0x0000000093a00000| Complete 
| 315|0x0000000093b00000, 0x0000000093c00000, 0x0000000093c00000|100%| E|CS|TAMS 0x0000000093b00000, 0x0000000093b00000| Complete 
| 316|0x0000000093c00000, 0x0000000093d00000, 0x0000000093d00000|100%| E|CS|TAMS 0x0000000093c00000, 0x0000000093c00000| Complete 
| 317|0x0000000093d00000, 0x0000000093e00000, 0x0000000093e00000|100%| E|CS|TAMS 0x0000000093d00000, 0x0000000093d00000| Complete 
| 318|0x0000000093e00000, 0x0000000093f00000, 0x0000000093f00000|100%| E|CS|TAMS 0x0000000093e00000, 0x0000000093e00000| Complete 
| 319|0x0000000093f00000, 0x0000000094000000, 0x0000000094000000|100%| E|CS|TAMS 0x0000000093f00000, 0x0000000093f00000| Complete 
| 320|0x0000000094000000, 0x0000000094100000, 0x0000000094100000|100%| E|CS|TAMS 0x0000000094000000, 0x0000000094000000| Complete 
| 321|0x0000000094100000, 0x0000000094200000, 0x0000000094200000|100%| E|CS|TAMS 0x0000000094100000, 0x0000000094100000| Complete 
| 322|0x0000000094200000, 0x0000000094300000, 0x0000000094300000|100%| E|CS|TAMS 0x0000000094200000, 0x0000000094200000| Complete 
| 323|0x0000000094300000, 0x0000000094400000, 0x0000000094400000|100%| E|CS|TAMS 0x0000000094300000, 0x0000000094300000| Complete 
| 324|0x0000000094400000, 0x0000000094500000, 0x0000000094500000|100%| E|CS|TAMS 0x0000000094400000, 0x0000000094400000| Complete 
| 325|0x0000000094500000, 0x0000000094600000, 0x0000000094600000|100%| E|CS|TAMS 0x0000000094500000, 0x0000000094500000| Complete 
| 326|0x0000000094600000, 0x0000000094700000, 0x0000000094700000|100%| E|CS|TAMS 0x0000000094600000, 0x0000000094600000| Complete 
| 327|0x0000000094700000, 0x0000000094800000, 0x0000000094800000|100%| E|CS|TAMS 0x0000000094700000, 0x0000000094700000| Complete 
| 328|0x0000000094800000, 0x0000000094900000, 0x0000000094900000|100%| E|CS|TAMS 0x0000000094800000, 0x0000000094800000| Complete 
| 329|0x0000000094900000, 0x0000000094a00000, 0x0000000094a00000|100%| E|CS|TAMS 0x0000000094900000, 0x0000000094900000| Complete 
| 330|0x0000000094a00000, 0x0000000094b00000, 0x0000000094b00000|100%| E|  |TAMS 0x0000000094a00000, 0x0000000094a00000| Complete 
| 331|0x0000000094b00000, 0x0000000094c00000, 0x0000000094c00000|100%| E|CS|TAMS 0x0000000094b00000, 0x0000000094b00000| Complete 
| 332|0x0000000094c00000, 0x0000000094d00000, 0x0000000094d00000|100%| E|CS|TAMS 0x0000000094c00000, 0x0000000094c00000| Complete 
| 333|0x0000000094d00000, 0x0000000094e00000, 0x0000000094e00000|100%| E|CS|TAMS 0x0000000094d00000, 0x0000000094d00000| Complete 
| 334|0x0000000094e00000, 0x0000000094f00000, 0x0000000094f00000|100%| E|CS|TAMS 0x0000000094e00000, 0x0000000094e00000| Complete 
| 335|0x0000000094f00000, 0x0000000095000000, 0x0000000095000000|100%| E|CS|TAMS 0x0000000094f00000, 0x0000000094f00000| Complete 
| 336|0x0000000095000000, 0x0000000095100000, 0x0000000095100000|100%| E|CS|TAMS 0x0000000095000000, 0x0000000095000000| Complete 
| 337|0x0000000095100000, 0x0000000095200000, 0x0000000095200000|100%| E|CS|TAMS 0x0000000095100000, 0x0000000095100000| Complete 
| 338|0x0000000095200000, 0x0000000095300000, 0x0000000095300000|100%| E|CS|TAMS 0x0000000095200000, 0x0000000095200000| Complete 
| 339|0x0000000095300000, 0x0000000095400000, 0x0000000095400000|100%| E|CS|TAMS 0x0000000095300000, 0x0000000095300000| Complete 
| 340|0x0000000095400000, 0x0000000095500000, 0x0000000095500000|100%| E|CS|TAMS 0x0000000095400000, 0x0000000095400000| Complete 
| 341|0x0000000095500000, 0x0000000095600000, 0x0000000095600000|100%| E|CS|TAMS 0x0000000095500000, 0x0000000095500000| Complete 
| 342|0x0000000095600000, 0x0000000095700000, 0x0000000095700000|100%| E|CS|TAMS 0x0000000095600000, 0x0000000095600000| Complete 
| 343|0x0000000095700000, 0x0000000095800000, 0x0000000095800000|100%| E|CS|TAMS 0x0000000095700000, 0x0000000095700000| Complete 

Card table byte_map: [0x00000293145b0000,0x00000293149b0000] _byte_map_base: 0x00000293141b0000

Marking Bits (Prev, Next): (CMBitMap*) 0x000002937fc17980, (CMBitMap*) 0x000002937fc17940
 Prev Bits: [0x0000029316db0000, 0x0000029318db0000)
 Next Bits: [0x0000029314db0000, 0x0000029316db0000)

Polling page: 0x000002937fc80000

Metaspace:

Usage:
  Non-class:     64.80 MB used.
      Class:     10.03 MB used.
       Both:     74.83 MB used.

Virtual space:
  Non-class space:       72.00 MB reserved,      65.19 MB ( 91%) committed,  9 nodes.
      Class space:        1.00 GB reserved,      10.31 MB (  1%) committed,  1 nodes.
             Both:        1.07 GB reserved,      75.50 MB (  7%) committed. 

Chunk freelists:
   Non-Class:  2.70 MB
       Class:  1.70 MB
        Both:  4.41 MB

MaxMetaspaceSize: unlimited
CompressedClassSpaceSize: 1.00 GB
Initial GC threshold: 21.00 MB
Current GC threshold: 118.88 MB
CDS: off
MetaspaceReclaimPolicy: balanced
 - commit_granule_bytes: 65536.
 - commit_granule_words: 8192.
 - virtual_space_node_default_size: 1048576.
 - enlarge_chunks_in_place: 1.
 - new_chunks_are_fully_committed: 0.
 - uncommit_free_chunks: 1.
 - use_allocation_guard: 0.
 - handle_deallocations: 1.


Internal statistics:

num_allocs_failed_limit: 3.
num_arena_births: 758.
num_arena_deaths: 0.
num_vsnodes_births: 10.
num_vsnodes_deaths: 0.
num_space_committed: 1208.
num_space_uncommitted: 0.
num_chunks_returned_to_freelist: 3.
num_chunks_taken_from_freelist: 3480.
num_chunk_merges: 3.
num_chunk_splits: 2283.
num_chunks_enlarged: 1517.
num_purges: 0.
num_inconsistent_stats: 0.

CodeHeap 'non-profiled nmethods': size=120000Kb used=4595Kb max_used=4595Kb free=115404Kb
 bounds [0x000002930c2e0000, 0x000002930c760000, 0x0000029313810000]
CodeHeap 'profiled nmethods': size=120000Kb used=13912Kb max_used=13912Kb free=106087Kb
 bounds [0x0000029304810000, 0x00000293055b0000, 0x000002930bd40000]
CodeHeap 'non-nmethods': size=5760Kb used=2368Kb max_used=2470Kb free=3391Kb
 bounds [0x000002930bd40000, 0x000002930bfb0000, 0x000002930c2e0000]
 total_blobs=7912 nmethods=7017 adapters=807
 compilation: enabled
              stopped_count=0, restarted_count=0
 full_count=0

Compilation events (20 events):
Event: 5.986 Thread 0x000002931c48e890 7766       3       com.android.tools.build.jetifier.core.type.JavaType::<init> (73 bytes)
Event: 5.987 Thread 0x000002931c48e890 nmethod 7766 0x0000029305595390 code [0x0000029305595680, 0x0000029305596458]
Event: 5.987 Thread 0x000002931c48e890 7763       3       kotlin.text.StringsKt__StringsKt::indexOf (48 bytes)
Event: 5.987 Thread 0x000002931c48e890 nmethod 7763 0x0000029305596990 code [0x0000029305596c00, 0x0000029305597768]
Event: 5.987 Thread 0x000002931c48e890 7767       3       kotlin.text.StringsKt__StringsKt::contains$default (15 bytes)
Event: 5.987 Thread 0x000002931c48e890 nmethod 7767 0x0000029305597a90 code [0x0000029305597c20, 0x0000029305597d88]
Event: 5.987 Thread 0x000002931c48e890 7764       3       kotlin.TuplesKt::to (10 bytes)
Event: 5.987 Thread 0x000002931c48e890 nmethod 7764 0x0000029305597e90 code [0x0000029305598040, 0x00000293055982f8]
Event: 5.987 Thread 0x000002931c48e890 7769       3       kotlin.Pair::<init> (15 bytes)
Event: 5.987 Thread 0x000002931c48e890 nmethod 7769 0x0000029305598410 code [0x00000293055985c0, 0x00000293055987d8]
Event: 5.987 Thread 0x000002931c48e890 7770       1       kotlin.Pair::component1 (5 bytes)
Event: 5.987 Thread 0x000002931c48e890 nmethod 7770 0x000002930c75bd90 code [0x000002930c75bf20, 0x000002930c75bff8]
Event: 5.987 Thread 0x000002931c48e890 7771       1       kotlin.Pair::component2 (5 bytes)
Event: 5.987 Thread 0x000002931c48e890 nmethod 7771 0x000002930c75c090 code [0x000002930c75c220, 0x000002930c75c2f8]
Event: 5.987 Thread 0x000002931c48e890 7772       3       com.android.tools.build.jetifier.core.type.JavaType::hashCode (17 bytes)
Event: 5.988 Thread 0x000002931c48e890 nmethod 7772 0x0000029305598890 code [0x0000029305598a40, 0x0000029305598c08]
Event: 5.988 Thread 0x000002931c48e890 7773       3       com.android.tools.build.jetifier.core.type.JavaType::hasInnerType (16 bytes)
Event: 5.989 Thread 0x000002931c48e890 nmethod 7773 0x0000029305598d10 code [0x0000029305598ec0, 0x0000029305599088]
Event: 5.993 Thread 0x000002931c48e890 7774       1       com.android.tools.build.jetifier.core.pom.PomRewriteRule::getFrom (5 bytes)
Event: 5.993 Thread 0x000002931c48e890 nmethod 7774 0x000002930c75c390 code [0x000002930c75c520, 0x000002930c75c5f8]

GC Heap History (20 events):
Event: 4.038 GC heap before
{Heap before GC invocations=25 (full 0):
 garbage-first heap   total 129024K, used 72122K [0x0000000080000000, 0x0000000100000000)
  region size 1024K, 7 young (7168K), 5 survivors (5120K)
 Metaspace       used 55674K, committed 56256K, reserved 1097728K
  class space    used 7465K, committed 7744K, reserved 1048576K
}
Event: 4.040 GC heap after
{Heap after GC invocations=26 (full 0):
 garbage-first heap   total 129024K, used 71502K [0x0000000080000000, 0x0000000100000000)
  region size 1024K, 3 young (3072K), 3 survivors (3072K)
 Metaspace       used 55674K, committed 56256K, reserved 1097728K
  class space    used 7465K, committed 7744K, reserved 1048576K
}
Event: 4.198 GC heap before
{Heap before GC invocations=27 (full 0):
 garbage-first heap   total 133120K, used 114510K [0x0000000080000000, 0x0000000100000000)
  region size 1024K, 33 young (33792K), 3 survivors (3072K)
 Metaspace       used 57253K, committed 57920K, reserved 1105920K
  class space    used 7666K, committed 7936K, reserved 1048576K
}
Event: 4.201 GC heap after
{Heap after GC invocations=28 (full 0):
 garbage-first heap   total 133120K, used 91732K [0x0000000080000000, 0x0000000100000000)
  region size 1024K, 5 young (5120K), 5 survivors (5120K)
 Metaspace       used 57253K, committed 57920K, reserved 1105920K
  class space    used 7666K, committed 7936K, reserved 1048576K
}
Event: 4.210 GC heap before
{Heap before GC invocations=28 (full 0):
 garbage-first heap   total 133120K, used 92756K [0x0000000080000000, 0x0000000100000000)
  region size 1024K, 6 young (6144K), 5 survivors (5120K)
 Metaspace       used 57346K, committed 57984K, reserved 1105920K
  class space    used 7683K, committed 7936K, reserved 1048576K
}
Event: 4.212 GC heap after
{Heap after GC invocations=29 (full 0):
 garbage-first heap   total 159744K, used 92270K [0x0000000080000000, 0x0000000100000000)
  region size 1024K, 1 young (1024K), 1 survivors (1024K)
 Metaspace       used 57346K, committed 57984K, reserved 1105920K
  class space    used 7683K, committed 7936K, reserved 1048576K
}
Event: 4.446 GC heap before
{Heap before GC invocations=29 (full 0):
 garbage-first heap   total 159744K, used 124014K [0x0000000080000000, 0x0000000100000000)
  region size 1024K, 32 young (32768K), 1 survivors (1024K)
 Metaspace       used 60570K, committed 61184K, reserved 1105920K
  class space    used 8091K, committed 8384K, reserved 1048576K
}
Event: 4.447 GC heap after
{Heap after GC invocations=30 (full 0):
 garbage-first heap   total 159744K, used 92873K [0x0000000080000000, 0x0000000100000000)
  region size 1024K, 1 young (1024K), 1 survivors (1024K)
 Metaspace       used 60570K, committed 61184K, reserved 1105920K
  class space    used 8091K, committed 8384K, reserved 1048576K
}
Event: 4.750 GC heap before
{Heap before GC invocations=31 (full 0):
 garbage-first heap   total 162816K, used 126665K [0x0000000080000000, 0x0000000100000000)
  region size 1024K, 34 young (34816K), 1 survivors (1024K)
 Metaspace       used 65029K, committed 65664K, reserved 1105920K
  class space    used 8735K, committed 9024K, reserved 1048576K
}
Event: 4.752 GC heap after
{Heap after GC invocations=32 (full 0):
 garbage-first heap   total 162816K, used 94243K [0x0000000080000000, 0x0000000100000000)
  region size 1024K, 3 young (3072K), 3 survivors (3072K)
 Metaspace       used 65029K, committed 65664K, reserved 1105920K
  class space    used 8735K, committed 9024K, reserved 1048576K
}
Event: 4.769 GC heap before
{Heap before GC invocations=32 (full 0):
 garbage-first heap   total 162816K, used 97315K [0x0000000080000000, 0x0000000100000000)
  region size 1024K, 7 young (7168K), 3 survivors (3072K)
 Metaspace       used 65321K, committed 65984K, reserved 1105920K
  class space    used 8775K, committed 9088K, reserved 1048576K
}
Event: 4.771 GC heap after
{Heap after GC invocations=33 (full 0):
 garbage-first heap   total 162816K, used 94747K [0x0000000080000000, 0x0000000100000000)
  region size 1024K, 1 young (1024K), 1 survivors (1024K)
 Metaspace       used 65321K, committed 65984K, reserved 1105920K
  class space    used 8775K, committed 9088K, reserved 1048576K
}
Event: 4.830 GC heap before
{Heap before GC invocations=33 (full 0):
 garbage-first heap   total 162816K, used 98843K [0x0000000080000000, 0x0000000100000000)
  region size 1024K, 6 young (6144K), 1 survivors (1024K)
 Metaspace       used 66603K, committed 67264K, reserved 1114112K
  class space    used 8914K, committed 9216K, reserved 1048576K
}
Event: 4.831 GC heap after
{Heap after GC invocations=34 (full 0):
 garbage-first heap   total 162816K, used 95258K [0x0000000080000000, 0x0000000100000000)
  region size 1024K, 2 young (2048K), 2 survivors (2048K)
 Metaspace       used 66603K, committed 67264K, reserved 1114112K
  class space    used 8914K, committed 9216K, reserved 1048576K
}
Event: 5.048 GC heap before
{Heap before GC invocations=35 (full 0):
 garbage-first heap   total 181248K, used 137242K [0x0000000080000000, 0x0000000100000000)
  region size 1024K, 37 young (37888K), 2 survivors (2048K)
 Metaspace       used 68512K, committed 69184K, reserved 1114112K
  class space    used 9178K, committed 9472K, reserved 1048576K
}
Event: 5.050 GC heap after
{Heap after GC invocations=36 (full 0):
 garbage-first heap   total 181248K, used 98558K [0x0000000080000000, 0x0000000100000000)
  region size 1024K, 5 young (5120K), 5 survivors (5120K)
 Metaspace       used 68512K, committed 69184K, reserved 1114112K
  class space    used 9178K, committed 9472K, reserved 1048576K
}
Event: 5.073 GC heap before
{Heap before GC invocations=36 (full 0):
 garbage-first heap   total 181248K, used 101630K [0x0000000080000000, 0x0000000100000000)
  region size 1024K, 8 young (8192K), 5 survivors (5120K)
 Metaspace       used 68749K, committed 69376K, reserved 1114112K
  class space    used 9211K, committed 9472K, reserved 1048576K
}
Event: 5.075 GC heap after
{Heap after GC invocations=37 (full 0):
 garbage-first heap   total 181248K, used 99015K [0x0000000080000000, 0x0000000100000000)
  region size 1024K, 1 young (1024K), 1 survivors (1024K)
 Metaspace       used 68749K, committed 69376K, reserved 1114112K
  class space    used 9211K, committed 9472K, reserved 1048576K
}
Event: 5.381 GC heap before
{Heap before GC invocations=37 (full 0):
 garbage-first heap   total 181248K, used 140999K [0x0000000080000000, 0x0000000100000000)
  region size 1024K, 42 young (43008K), 1 survivors (1024K)
 Metaspace       used 72138K, committed 72768K, reserved 1114112K
  class space    used 9672K, committed 9984K, reserved 1048576K
}
Event: 5.384 GC heap after
{Heap after GC invocations=38 (full 0):
 garbage-first heap   total 352256K, used 100702K [0x0000000080000000, 0x0000000100000000)
  region size 1024K, 3 young (3072K), 3 survivors (3072K)
 Metaspace       used 72138K, committed 72768K, reserved 1114112K
  class space    used 9672K, committed 9984K, reserved 1048576K
}

Dll operation events (3 events):
Event: 0.005 Loaded shared library C:\Program Files\Android\Android Studio\jbr\bin\java.dll
Event: 0.093 Loaded shared library C:\Program Files\Android\Android Studio\jbr\bin\zip.dll
Event: 0.278 Loaded shared library C:\Program Files\Android\Android Studio\jbr\bin\verify.dll

Deoptimization events (20 events):
Event: 5.788 Thread 0x000002931dcac900 DEOPT PACKING pc=0x000002930c562cb0 sp=0x000000ab5f2f6750
Event: 5.788 Thread 0x000002931dcac900 DEOPT UNPACKING pc=0x000002930bd969a3 sp=0x000000ab5f2f66f8 mode 2
Event: 5.788 Thread 0x000002931dcac900 Uncommon trap: trap_request=0xffffffde fr.pc=0x000002930c562cb0 relative=0x0000000000000190
Event: 5.788 Thread 0x000002931dcac900 Uncommon trap: reason=class_check action=maybe_recompile pc=0x000002930c562cb0 method=com.google.common.base.Objects.equal(Ljava/lang/Object;Ljava/lang/Object;)Z @ 11 c2
Event: 5.788 Thread 0x000002931dcac900 DEOPT PACKING pc=0x000002930c562cb0 sp=0x000000ab5f2f67b0
Event: 5.788 Thread 0x000002931dcac900 DEOPT UNPACKING pc=0x000002930bd969a3 sp=0x000000ab5f2f6758 mode 2
Event: 5.788 Thread 0x000002931dcac900 Uncommon trap: trap_request=0xffffffde fr.pc=0x000002930c562cb0 relative=0x0000000000000190
Event: 5.788 Thread 0x000002931dcac900 Uncommon trap: reason=class_check action=maybe_recompile pc=0x000002930c562cb0 method=com.google.common.base.Objects.equal(Ljava/lang/Object;Ljava/lang/Object;)Z @ 11 c2
Event: 5.788 Thread 0x000002931dcac900 DEOPT PACKING pc=0x000002930c562cb0 sp=0x000000ab5f2f6660
Event: 5.788 Thread 0x000002931dcac900 DEOPT UNPACKING pc=0x000002930bd969a3 sp=0x000000ab5f2f6608 mode 2
Event: 5.788 Thread 0x000002931dcac900 Uncommon trap: trap_request=0xffffffde fr.pc=0x000002930c562cb0 relative=0x0000000000000190
Event: 5.788 Thread 0x000002931dcac900 Uncommon trap: reason=class_check action=maybe_recompile pc=0x000002930c562cb0 method=com.google.common.base.Objects.equal(Ljava/lang/Object;Ljava/lang/Object;)Z @ 11 c2
Event: 5.788 Thread 0x000002931dcac900 DEOPT PACKING pc=0x000002930c562cb0 sp=0x000000ab5f2f6750
Event: 5.788 Thread 0x000002931dcac900 DEOPT UNPACKING pc=0x000002930bd969a3 sp=0x000000ab5f2f66f8 mode 2
Event: 5.920 Thread 0x000002931dcac900 DEOPT PACKING pc=0x00000293052b2b1c sp=0x000000ab5f2f7ed0
Event: 5.920 Thread 0x000002931dcac900 DEOPT UNPACKING pc=0x000002930bd97143 sp=0x000000ab5f2f7470 mode 0
Event: 5.993 Thread 0x000002931dcac900 Uncommon trap: trap_request=0xffffff45 fr.pc=0x000002930c55b878 relative=0x00000000000002d8
Event: 5.993 Thread 0x000002931dcac900 Uncommon trap: reason=unstable_if action=reinterpret pc=0x000002930c55b878 method=java.lang.String.indexOf([BBILjava/lang/String;I)I @ 21 c2
Event: 5.993 Thread 0x000002931dcac900 DEOPT PACKING pc=0x000002930c55b878 sp=0x000000ab5f2f7100
Event: 5.993 Thread 0x000002931dcac900 DEOPT UNPACKING pc=0x000002930bd969a3 sp=0x000000ab5f2f6ff8 mode 2

Classes unloaded (0 events):
No events

Classes redefined (0 events):
No events

Internal exceptions (20 events):
Event: 5.764 Thread 0x000002931dcac900 Exception <a 'java/lang/ClassNotFoundException'{0x00000000918e4988}: com/android/build/gradle/internal/CompileOptionsBeanInfo> (0x00000000918e4988) 
thrown [s\src\hotspot\share\classfile\systemDictionary.cpp, line 256]
Event: 5.764 Thread 0x000002931dcac900 Exception <a 'java/lang/ClassNotFoundException'{0x00000000918f2f80}: com/android/build/gradle/internal/CompileOptionsCustomizer> (0x00000000918f2f80) 
thrown [s\src\hotspot\share\classfile\systemDictionary.cpp, line 256]
Event: 5.765 Thread 0x000002931dcac900 Exception <a 'java/lang/ClassNotFoundException'{0x000000009170c960}: com/android/build/gradle/internal/CompileOptions$AgpDecoratedCustomizer> (0x000000009170c960) 
thrown [s\src\hotspot\share\classfile\systemDictionary.cpp, line 256]
Event: 5.765 Thread 0x000002931dcac900 Exception <a 'java/lang/ClassNotFoundException'{0x000000009171e2e0}: com/android/build/gradle/internal/CompileOptions$AgpDecorated_DecoratedCustomizer> (0x000000009171e2e0) 
thrown [s\src\hotspot\share\classfile\systemDictionary.cpp, line 256]
Event: 5.769 Thread 0x000002931dcac900 Exception <a 'java/lang/ClassNotFoundException'{0x000000009177cdd8}: org/jetbrains/kotlin/gradle/plugin/AndroidProjectHandler$configureTarget$kotlinOptions$1BeanInfo> (0x000000009177cdd8) 
thrown [s\src\hotspot\share\classfile\systemDictionary.cpp, line 256]
Event: 5.769 Thread 0x000002931dcac900 Exception <a 'java/lang/ClassNotFoundException'{0x000000009178b760}: org/jetbrains/kotlin/gradle/plugin/AndroidProjectHandler$configureTarget$kotlinOptions$1Customizer> (0x000000009178b760) 
thrown [s\src\hotspot\share\classfile\systemDictionary.cpp, line 256]
Event: 5.773 Thread 0x000002931dcac900 Exception <a 'java/lang/ClassNotFoundException'{0x000000009161bb20}: com/android/build/gradle/internal/dsl/ApplicationBuildFeaturesImpl_DecoratedBeanInfo> (0x000000009161bb20) 
thrown [s\src\hotspot\share\classfile\systemDictionary.cpp, line 256]
Event: 5.774 Thread 0x000002931dcac900 Exception <a 'java/lang/ClassNotFoundException'{0x000000009162a108}: com/android/build/gradle/internal/dsl/ApplicationBuildFeaturesImplBeanInfo> (0x000000009162a108) 
thrown [s\src\hotspot\share\classfile\systemDictionary.cpp, line 256]
Event: 5.774 Thread 0x000002931dcac900 Exception <a 'java/lang/ClassNotFoundException'{0x0000000091639558}: com/android/build/gradle/internal/dsl/BuildFeaturesImplBeanInfo> (0x0000000091639558) 
thrown [s\src\hotspot\share\classfile\systemDictionary.cpp, line 256]
Event: 5.774 Thread 0x000002931dcac900 Exception <a 'java/lang/ClassNotFoundException'{0x0000000091647c80}: com/android/build/gradle/internal/dsl/BuildFeaturesImplCustomizer> (0x0000000091647c80) 
thrown [s\src\hotspot\share\classfile\systemDictionary.cpp, line 256]
Event: 5.775 Thread 0x000002931dcac900 Exception <a 'java/lang/ClassNotFoundException'{0x0000000091661ac8}: com/android/build/gradle/internal/dsl/ApplicationBuildFeaturesImplCustomizer> (0x0000000091661ac8) 
thrown [s\src\hotspot\share\classfile\systemDictionary.cpp, line 256]
Event: 5.775 Thread 0x000002931dcac900 Exception <a 'java/lang/ClassNotFoundException'{0x0000000091675e50}: com/android/build/gradle/internal/dsl/ApplicationBuildFeaturesImpl_DecoratedCustomizer> (0x0000000091675e50) 
thrown [s\src\hotspot\share\classfile\systemDictionary.cpp, line 256]
Event: 5.782 Thread 0x000002931dcac900 Exception <a 'java/lang/ClassNotFoundException'{0x0000000091401db0}: org/gradle/api/internal/file/collections/DefaultConfigurableFileTreeBeanInfo> (0x0000000091401db0) 
thrown [s\src\hotspot\share\classfile\systemDictionary.cpp, line 256]
Event: 5.782 Thread 0x000002931dcac900 Exception <a 'java/lang/ClassNotFoundException'{0x0000000091419908}: org/gradle/api/internal/file/CompositeFileTreeBeanInfo> (0x0000000091419908) 
thrown [s\src\hotspot\share\classfile\systemDictionary.cpp, line 256]
Event: 5.783 Thread 0x000002931dcac900 Exception <a 'java/lang/ClassNotFoundException'{0x0000000091431608}: org/gradle/api/internal/file/CompositeFileCollectionBeanInfo> (0x0000000091431608) 
thrown [s\src\hotspot\share\classfile\systemDictionary.cpp, line 256]
Event: 5.783 Thread 0x000002931dcac900 Exception <a 'java/lang/ClassNotFoundException'{0x0000000091449308}: org/gradle/api/internal/file/AbstractFileCollectionBeanInfo> (0x0000000091449308) 
thrown [s\src\hotspot\share\classfile\systemDictionary.cpp, line 256]
Event: 5.784 Thread 0x000002931dcac900 Exception <a 'java/lang/ClassNotFoundException'{0x0000000091460fd8}: org/gradle/api/internal/file/AbstractFileCollectionCustomizer> (0x0000000091460fd8) 
thrown [s\src\hotspot\share\classfile\systemDictionary.cpp, line 256]
Event: 5.785 Thread 0x000002931dcac900 Exception <a 'java/lang/ClassNotFoundException'{0x000000009148b2d0}: org/gradle/api/internal/file/CompositeFileCollectionCustomizer> (0x000000009148b2d0) 
thrown [s\src\hotspot\share\classfile\systemDictionary.cpp, line 256]
Event: 5.786 Thread 0x000002931dcac900 Exception <a 'java/lang/ClassNotFoundException'{0x00000000914ab7f0}: org/gradle/api/internal/file/CompositeFileTreeCustomizer> (0x00000000914ab7f0) 
thrown [s\src\hotspot\share\classfile\systemDictionary.cpp, line 256]
Event: 5.787 Thread 0x000002931dcac900 Exception <a 'java/lang/ClassNotFoundException'{0x00000000914cf968}: org/gradle/api/internal/file/collections/DefaultConfigurableFileTreeCustomizer> (0x00000000914cf968) 
thrown [s\src\hotspot\share\classfile\systemDictionary.cpp, line 256]

VM Operations (20 events):
Event: 5.073 Executing VM operation: G1CollectForAllocation
Event: 5.075 Executing VM operation: G1CollectForAllocation done
Event: 5.258 Executing VM operation: HandshakeAllThreads
Event: 5.258 Executing VM operation: HandshakeAllThreads done
Event: 5.294 Executing VM operation: HandshakeAllThreads
Event: 5.295 Executing VM operation: HandshakeAllThreads done
Event: 5.364 Executing VM operation: HandshakeAllThreads
Event: 5.364 Executing VM operation: HandshakeAllThreads done
Event: 5.366 Executing VM operation: ICBufferFull
Event: 5.366 Executing VM operation: ICBufferFull done
Event: 5.381 Executing VM operation: G1CollectForAllocation
Event: 5.384 Executing VM operation: G1CollectForAllocation done
Event: 5.406 Executing VM operation: G1Concurrent
Event: 5.408 Executing VM operation: G1Concurrent done
Event: 5.418 Executing VM operation: G1Concurrent
Event: 5.418 Executing VM operation: G1Concurrent done
Event: 5.820 Executing VM operation: HandshakeAllThreads
Event: 5.821 Executing VM operation: HandshakeAllThreads done
Event: 5.852 Executing VM operation: ICBufferFull
Event: 5.852 Executing VM operation: ICBufferFull done

Events (20 events):
Event: 5.583 loading class java/util/ArrayListBeanInfo
Event: 5.583 loading class java/util/ArrayListBeanInfo done
Event: 5.583 loading class java/util/ArrayListBeanInfo
Event: 5.583 loading class java/util/ArrayListBeanInfo done
Event: 5.583 loading class java/util/AbstractListBeanInfo
Event: 5.583 loading class java/util/AbstractListBeanInfo done
Event: 5.583 loading class java/util/AbstractListBeanInfo
Event: 5.583 loading class java/util/AbstractListBeanInfo done
Event: 5.583 loading class java/util/AbstractListCustomizer
Event: 5.583 loading class java/util/AbstractListCustomizer done
Event: 5.583 loading class java/util/AbstractListCustomizer
Event: 5.583 loading class java/util/AbstractListCustomizer done
Event: 5.584 loading class java/util/ArrayListCustomizer
Event: 5.584 loading class java/util/ArrayListCustomizer done
Event: 5.584 loading class java/util/ArrayListCustomizer
Event: 5.584 loading class java/util/ArrayListCustomizer done
Event: 5.700 loading class java/beans/IntrospectionException
Event: 5.700 loading class java/beans/IntrospectionException done
Event: 5.962 loading class sun/reflect/generics/repository/FieldRepository
Event: 5.962 loading class sun/reflect/generics/repository/FieldRepository done


Dynamic libraries:
0x00007ff7ada60000 - 0x00007ff7ada6a000 	C:\Program Files\Android\Android Studio\jbr\bin\java.exe
0x00007ffe9d070000 - 0x00007ffe9d284000 	C:\Windows\SYSTEM32\ntdll.dll
0x00007ffe9bde0000 - 0x00007ffe9bea4000 	C:\Windows\System32\KERNEL32.DLL
0x00007ffe9a4a0000 - 0x00007ffe9a844000 	C:\Windows\System32\KERNELBASE.dll
0x00007ffe9ace0000 - 0x00007ffe9adf1000 	C:\Windows\System32\ucrtbase.dll
0x00007ffe5ebd0000 - 0x00007ffe5ebe7000 	C:\Program Files\Android\Android Studio\jbr\bin\jli.dll
0x00007ffe5cf20000 - 0x00007ffe5cf3b000 	C:\Program Files\Android\Android Studio\jbr\bin\VCRUNTIME140.dll
0x00007ffe9c0d0000 - 0x00007ffe9c27e000 	C:\Windows\System32\USER32.dll
0x00007ffe9ab50000 - 0x00007ffe9ab76000 	C:\Windows\System32\win32u.dll
0x00007ffe8d190000 - 0x00007ffe8d423000 	C:\Windows\WinSxS\amd64_microsoft.windows.common-controls_6595b64144ccf1df_6.0.22621.2215_none_270d72677387dfc3\COMCTL32.dll
0x00007ffe9c440000 - 0x00007ffe9c469000 	C:\Windows\System32\GDI32.dll
0x00007ffe9cf80000 - 0x00007ffe9d027000 	C:\Windows\System32\msvcrt.dll
0x00007ffe9aa30000 - 0x00007ffe9ab48000 	C:\Windows\System32\gdi32full.dll
0x00007ffe9ab80000 - 0x00007ffe9ac1a000 	C:\Windows\System32\msvcp_win.dll
0x00007ffe9c3a0000 - 0x00007ffe9c3d1000 	C:\Windows\System32\IMM32.DLL
0x00007ffe8f950000 - 0x00007ffe8f95c000 	C:\Program Files\Android\Android Studio\jbr\bin\vcruntime140_1.dll
0x00007ffe4af90000 - 0x00007ffe4b01d000 	C:\Program Files\Android\Android Studio\jbr\bin\msvcp140.dll
0x00007ffdc5ea0000 - 0x00007ffdc6b0e000 	C:\Program Files\Android\Android Studio\jbr\bin\server\jvm.dll
0x00007ffe9c2f0000 - 0x00007ffe9c3a0000 	C:\Windows\System32\ADVAPI32.dll
0x00007ffe9b2e0000 - 0x00007ffe9b386000 	C:\Windows\System32\sechost.dll
0x00007ffe9cca0000 - 0x00007ffe9cdb7000 	C:\Windows\System32\RPCRT4.dll
0x00007ffe713e0000 - 0x00007ffe713e9000 	C:\Windows\SYSTEM32\WSOCK32.dll
0x00007ffe93e90000 - 0x00007ffe93ec4000 	C:\Windows\SYSTEM32\WINMM.dll
0x00007ffe94a60000 - 0x00007ffe94a6a000 	C:\Windows\SYSTEM32\VERSION.dll
0x00007ffe9bce0000 - 0x00007ffe9bd51000 	C:\Windows\System32\WS2_32.dll
0x00007ffe99510000 - 0x00007ffe99528000 	C:\Windows\SYSTEM32\kernel.appcore.dll
0x00007ffe97740000 - 0x00007ffe9774a000 	C:\Program Files\Android\Android Studio\jbr\bin\jimage.dll
0x00007ffe8e280000 - 0x00007ffe8e4ae000 	C:\Windows\SYSTEM32\DBGHELP.DLL
0x00007ffe9aee0000 - 0x00007ffe9b26a000 	C:\Windows\System32\combase.dll
0x00007ffe9ae00000 - 0x00007ffe9aed7000 	C:\Windows\System32\OLEAUT32.dll
0x00007ffe7ae60000 - 0x00007ffe7ae92000 	C:\Windows\SYSTEM32\dbgcore.DLL
0x00007ffe9a420000 - 0x00007ffe9a49a000 	C:\Windows\System32\bcryptPrimitives.dll
0x00007ffe73dc0000 - 0x00007ffe73dce000 	C:\Program Files\Android\Android Studio\jbr\bin\instrument.dll
0x00007ffe61c70000 - 0x00007ffe61c95000 	C:\Program Files\Android\Android Studio\jbr\bin\java.dll
0x00007ffe61c50000 - 0x00007ffe61c68000 	C:\Program Files\Android\Android Studio\jbr\bin\zip.dll
0x00007ffe9c470000 - 0x00007ffe9cc93000 	C:\Windows\System32\SHELL32.dll
0x00007ffe983b0000 - 0x00007ffe98c9a000 	C:\Windows\SYSTEM32\windows.storage.dll
0x00007ffe98270000 - 0x00007ffe983ae000 	C:\Windows\SYSTEM32\wintypes.dll
0x00007ffe9b990000 - 0x00007ffe9ba83000 	C:\Windows\System32\SHCORE.dll
0x00007ffe9b280000 - 0x00007ffe9b2de000 	C:\Windows\System32\shlwapi.dll
0x00007ffe9a350000 - 0x00007ffe9a376000 	C:\Windows\SYSTEM32\profapi.dll
0x00007ffe609b0000 - 0x00007ffe609c9000 	C:\Program Files\Android\Android Studio\jbr\bin\net.dll
0x00007ffe94110000 - 0x00007ffe94247000 	C:\Windows\SYSTEM32\WINHTTP.dll
0x00007ffe999e0000 - 0x00007ffe99a49000 	C:\Windows\system32\mswsock.dll
0x00007ffe5f7f0000 - 0x00007ffe5f806000 	C:\Program Files\Android\Android Studio\jbr\bin\nio.dll
0x00007ffe82d40000 - 0x00007ffe82d50000 	C:\Program Files\Android\Android Studio\jbr\bin\verify.dll
0x00007ffe527e0000 - 0x00007ffe52807000 	C:\Users\crima\.gradle\native\68d5fa5c4cc2d200863cafc0d521ce42e7d3e7ee720ec0a83991735586a16f82\windows-amd64\native-platform.dll
0x00007ffdf1d60000 - 0x00007ffdf1ea4000 	C:\Users\crima\.gradle\native\e376f236ea51e6404a007f0833ffe2c6e607c4080706a723a18a27aeea778392\windows-amd64\native-platform-file-events.dll
0x00007ffe80100000 - 0x00007ffe80109000 	C:\Program Files\Android\Android Studio\jbr\bin\management.dll
0x00007ffe7b030000 - 0x00007ffe7b03b000 	C:\Program Files\Android\Android Studio\jbr\bin\management_ext.dll
0x00007ffe9b4e0000 - 0x00007ffe9b4e8000 	C:\Windows\System32\PSAPI.DLL
0x00007ffe99c30000 - 0x00007ffe99c4b000 	C:\Windows\SYSTEM32\CRYPTSP.dll
0x00007ffe994d0000 - 0x00007ffe99505000 	C:\Windows\system32\rsaenh.dll
0x00007ffe99ad0000 - 0x00007ffe99afc000 	C:\Windows\SYSTEM32\USERENV.dll
0x00007ffe99dd0000 - 0x00007ffe99df8000 	C:\Windows\SYSTEM32\bcrypt.dll
0x00007ffe99c50000 - 0x00007ffe99c5c000 	C:\Windows\SYSTEM32\CRYPTBASE.dll
0x00007ffe98f70000 - 0x00007ffe98f9d000 	C:\Windows\SYSTEM32\IPHLPAPI.DLL
0x00007ffe9c050000 - 0x00007ffe9c059000 	C:\Windows\System32\NSI.dll
0x00007ffe93e10000 - 0x00007ffe93e29000 	C:\Windows\SYSTEM32\dhcpcsvc6.DLL
0x00007ffe93df0000 - 0x00007ffe93e0f000 	C:\Windows\SYSTEM32\dhcpcsvc.DLL
0x00007ffe98fe0000 - 0x00007ffe990d2000 	C:\Windows\SYSTEM32\DNSAPI.dll
0x00007ffe0c850000 - 0x00007ffe0c858000 	C:\Windows\system32\wshunix.dll

dbghelp: loaded successfully - version: 4.0.5 - missing functions: none
symbol engine: initialized successfully - sym options: 0x614 - pdb path: .;C:\Program Files\Android\Android Studio\jbr\bin;C:\Windows\SYSTEM32;C:\Windows\WinSxS\amd64_microsoft.windows.common-controls_6595b64144ccf1df_6.0.22621.2215_none_270d72677387dfc3;C:\Program Files\Android\Android Studio\jbr\bin\server;C:\Users\crima\.gradle\native\68d5fa5c4cc2d200863cafc0d521ce42e7d3e7ee720ec0a83991735586a16f82\windows-amd64;C:\Users\crima\.gradle\native\e376f236ea51e6404a007f0833ffe2c6e607c4080706a723a18a27aeea778392\windows-amd64

VM Arguments:
jvm_args: --add-opens=java.base/java.util=ALL-UNNAMED --add-opens=java.base/java.lang=ALL-UNNAMED --add-opens=java.base/java.lang.invoke=ALL-UNNAMED --add-opens=java.prefs/java.util.prefs=ALL-UNNAMED --add-opens=java.base/java.nio.charset=ALL-UNNAMED --add-opens=java.base/java.net=ALL-UNNAMED --add-opens=java.base/java.util.concurrent.atomic=ALL-UNNAMED -Xmx2048m -Dfile.encoding=UTF-8 -Duser.country=ES -Duser.language=es -Duser.variant -javaagent:C:\Users\crima\.gradle\wrapper\dists\gradle-8.1-bin\2eyty4r6kz6fpakefpk52nbbm\gradle-8.1\lib\agents\gradle-instrumentation-agent-8.1.jar 
java_command: org.gradle.launcher.daemon.bootstrap.GradleDaemon 8.1
java_class_path (initial): C:\Users\crima\.gradle\wrapper\dists\gradle-8.1-bin\2eyty4r6kz6fpakefpk52nbbm\gradle-8.1\lib\gradle-launcher-8.1.jar
Launcher Type: SUN_STANDARD

[Global flags]
     intx CICompilerCount                          = 4                                         {product} {ergonomic}
     uint ConcGCThreads                            = 3                                         {product} {ergonomic}
     uint G1ConcRefinementThreads                  = 10                                        {product} {ergonomic}
   size_t G1HeapRegionSize                         = 1048576                                   {product} {ergonomic}
    uintx GCDrainStackTargetSize                   = 64                                        {product} {ergonomic}
   size_t InitialHeapSize                          = 260046848                                 {product} {ergonomic}
   size_t MarkStackSize                            = 4194304                                   {product} {ergonomic}
   size_t MaxHeapSize                              = 2147483648                                {product} {command line}
   size_t MaxNewSize                               = 1287651328                                {product} {ergonomic}
   size_t MinHeapDeltaBytes                        = 1048576                                   {product} {ergonomic}
   size_t MinHeapSize                              = 8388608                                   {product} {ergonomic}
    uintx NonNMethodCodeHeapSize                   = 5839372                                {pd product} {ergonomic}
    uintx NonProfiledCodeHeapSize                  = 122909434                              {pd product} {ergonomic}
    uintx ProfiledCodeHeapSize                     = 122909434                              {pd product} {ergonomic}
    uintx ReservedCodeCacheSize                    = 251658240                              {pd product} {ergonomic}
     bool SegmentedCodeCache                       = true                                      {product} {ergonomic}
   size_t SoftMaxHeapSize                          = 2147483648                             {manageable} {ergonomic}
     bool UseCompressedClassPointers               = true                           {product lp64_product} {ergonomic}
     bool UseCompressedOops                        = true                           {product lp64_product} {ergonomic}
     bool UseG1GC                                  = true                                      {product} {ergonomic}
     bool UseLargePagesIndividualAllocation        = false                                  {pd product} {ergonomic}

Logging:
Log output configuration:
 #0: stdout all=warning uptime,level,tags
 #1: stderr all=off uptime,level,tags

Environment Variables:
PATH=C:\Program Files\Python311\Scripts\;C:\Program Files\Python311\;C:\Program Files\Common Files\Oracle\Java\javapath;C:\Windows\system32;C:\Windows;C:\Windows\System32\Wbem;C:\Windows\System32\WindowsPowerShell\v1.0\;C:\Windows\System32\OpenSSH\;C:\Program Files (x86)\NVIDIA Corporation\PhysX\Common;C:\Program Files\Git\cmd;C:\Program Files\NVIDIA Corporation\NVIDIA NvDLISR;C:\sqlite3;C:\Users\crima\AppData\Local\Microsoft\WindowsApps;C:\Users\crima\AppData\Local\Programs\Microsoft VS Code\bin;C:\Users\crima\AppData\Roaming\Python\Python311;C:\Users\crima\AppData\Roaming\Python\Python311\Scripts;C:\Program Files\JetBrains\IntelliJ IDEA Community Edition 2023.2\bin;
USERNAME=crima
OS=Windows_NT
PROCESSOR_IDENTIFIER=Intel64 Family 6 Model 165 Stepping 3, GenuineIntel
TMP=C:\Users\crima\AppData\Local\Temp
TEMP=C:\Users\crima\AppData\Local\Temp


JNI global refs:
JNI global refs: 27, weak refs: 6

JNI global refs memory usage: 843, weak refs: 841


---------------  S Y S T E M  ---------------

OS:
 Windows 11 , 64 bit Build 22621 (10.0.22621.2215)
OS uptime: 0 days 5:41 hours

CPU: total 12 (initial active 12) (6 cores per cpu, 2 threads per core) family 6 model 165 stepping 3 microcode 0xe0, cx8, cmov, fxsr, ht, mmx, 3dnowpref, sse, sse2, sse3, ssse3, sse4.1, sse4.2, popcnt, lzcnt, tsc, tscinvbit, avx, avx2, aes, erms, clmul, bmi1, bmi2, adx, fma, vzeroupper, clflush, clflushopt

Memory: 4k page, system-wide physical 15791M (785M free)
TotalPageFile size 27791M (AvailPageFile size 6M)
current process WorkingSet (physical memory assigned to process): 527M, peak: 528M
current process commit charge ("private bytes"): 638M, peak: 641M

vm_info: OpenJDK 64-Bit Server VM (17.0.6+0-b2043.56-10027231) for windows-amd64 JRE (17.0.6+0-b2043.56-10027231), built on Apr 28 2023 00:43:19 by "androidbuild" with MS VC++ 16.10 / 16.11 (VS2019)

END.
