#
# There is insufficient memory for the Java Runtime Environment to continue.
# Native memory allocation (malloc) failed to allocate 1677136 bytes for Chunk::new
# Possible reasons:
#   The system is out of physical RAM or swap space
#   The process is running with CompressedOops enabled, and the Java Heap may be blocking the growth of the native heap
# Possible solutions:
#   Reduce memory load on the system
#   Increase physical memory or swap space
#   Check if swap backing store is full
#   Decrease Java heap size (-Xmx/-Xms)
#   Decrease number of Java threads
#   Decrease Java thread stack sizes (-Xss)
#   Set larger code cache with -XX:ReservedCodeCacheSize=
#   JVM is running with Zero Based Compressed Oops mode in which the Java heap is
#     placed in the first 32GB address space. The Java Heap base address is the
#     maximum limit for the native heap growth. Please use -XX:HeapBaseMinAddress
#     to set the Java Heap base and to place the Java Heap above 32GB virtual address.
# This output file may be truncated or incomplete.
#
#  Out of Memory Error (arena.cpp:189), pid=3188, tid=8352
#
# JRE version: OpenJDK Runtime Environment (17.0.6) (build 17.0.6+0-b2043.56-10027231)
# Java VM: OpenJDK 64-Bit Server VM (17.0.6+0-b2043.56-10027231, mixed mode, tiered, compressed oops, compressed class ptrs, g1 gc, windows-amd64)
# No core dump will be written. Minidumps are not enabled by default on client versions of Windows
#

---------------  S U M M A R Y ------------

Command Line: -Dapplication.home=C:\Program Files\Android\Android Studio\jbr --add-modules=ALL-DEFAULT -Xms8m -Djdk.module.main=jdk.jlink jdk.jlink/jdk.tools.jlink.internal.Main --module-path C:\Users\crima\.gradle\caches\transforms-3\05a6c7de5b1dc1769f8b13a93603b548\transformed\output\temp\jmod --add-modules java.base --output C:\Users\crima\.gradle\caches\transforms-3\05a6c7de5b1dc1769f8b13a93603b548\transformed\output\jdkImage --disable-plugin system-modules

Host: Intel(R) Core(TM) i5-10400 CPU @ 2.90GHz, 12 cores, 15G,  Windows 11 , 64 bit Build 22621 (10.0.22621.2215)
Time: Wed Oct  4 18:50:09 2023 Hora est. Pacífico, Sudamérica elapsed time: 0.366672 seconds (0d 0h 0m 0s)

---------------  T H R E A D  ---------------

Current thread (0x000002617f50e110):  JavaThread "C2 CompilerThread2" daemon [_thread_in_native, id=8352, stack(0x000000682ff00000,0x0000006830000000)]


Current CompileTask:
C2:    366  969       4       jdk.internal.org.objectweb.asm.Frame::execute (2305 bytes)

Stack: [0x000000682ff00000,0x0000006830000000]
Native frames: (J=compiled Java code, j=interpreted, Vv=VM code, C=native code)
V  [jvm.dll+0x683c9a]
V  [jvm.dll+0x8427a4]
V  [jvm.dll+0x843f9e]
V  [jvm.dll+0x844603]
V  [jvm.dll+0x249b75]
V  [jvm.dll+0xabcac]
V  [jvm.dll+0xac27c]
V  [jvm.dll+0x368802]
V  [jvm.dll+0x332f31]
V  [jvm.dll+0x3323da]
V  [jvm.dll+0x21c201]
V  [jvm.dll+0x21b621]
V  [jvm.dll+0x1a4fdd]
V  [jvm.dll+0x22b098]
V  [jvm.dll+0x229159]
V  [jvm.dll+0x7f81ec]
V  [jvm.dll+0x7f274a]
V  [jvm.dll+0x682ad5]
C  [ucrtbase.dll+0x29363]
C  [KERNEL32.DLL+0x1257d]
C  [ntdll.dll+0x5aa68]


---------------  P R O C E S S  ---------------

Threads class SMR info:
_java_thread_list=0x000002617f3bdbb0, length=14, elements={
0x000002615fcb7d20, 0x000002617df4da60, 0x000002617df4e5e0, 0x000002617dfa4e40,
0x000002617dfa5700, 0x000002617dfa7fd0, 0x000002617dfa8890, 0x000002617dfa9eb0,
0x000002617dfacbd0, 0x000002617dfad4d0, 0x000002617f161650, 0x000002617f25c450,
0x000002617f501b80, 0x000002617f50e110
}

Java Threads: ( => current thread )
  0x000002615fcb7d20 JavaThread "main" [_thread_in_native, id=2356, stack(0x000000682e700000,0x000000682e800000)]
  0x000002617df4da60 JavaThread "Reference Handler" daemon [_thread_blocked, id=16276, stack(0x000000682ee00000,0x000000682ef00000)]
  0x000002617df4e5e0 JavaThread "Finalizer" daemon [_thread_blocked, id=19752, stack(0x000000682ef00000,0x000000682f000000)]
  0x000002617dfa4e40 JavaThread "Signal Dispatcher" daemon [_thread_blocked, id=11156, stack(0x000000682f000000,0x000000682f100000)]
  0x000002617dfa5700 JavaThread "Attach Listener" daemon [_thread_blocked, id=7820, stack(0x000000682f100000,0x000000682f200000)]
  0x000002617dfa7fd0 JavaThread "Service Thread" daemon [_thread_blocked, id=12140, stack(0x000000682f200000,0x000000682f300000)]
  0x000002617dfa8890 JavaThread "Monitor Deflation Thread" daemon [_thread_blocked, id=8796, stack(0x000000682f300000,0x000000682f400000)]
  0x000002617dfa9eb0 JavaThread "C2 CompilerThread0" daemon [_thread_blocked, id=20348, stack(0x000000682f400000,0x000000682f500000)]
  0x000002617dfacbd0 JavaThread "C1 CompilerThread0" daemon [_thread_in_vm, id=9236, stack(0x000000682f500000,0x000000682f600000)]
  0x000002617dfad4d0 JavaThread "Sweeper thread" daemon [_thread_blocked, id=18752, stack(0x000000682f600000,0x000000682f700000)]
  0x000002617f161650 JavaThread "Common-Cleaner" daemon [_thread_blocked, id=11804, stack(0x000000682f700000,0x000000682f800000)]
  0x000002617f25c450 JavaThread "Notification Thread" daemon [_thread_blocked, id=15564, stack(0x000000682f800000,0x000000682f900000)]
  0x000002617f501b80 JavaThread "C2 CompilerThread1" daemon [_thread_blocked, id=12156, stack(0x000000682fe00000,0x000000682ff00000)]
=>0x000002617f50e110 JavaThread "C2 CompilerThread2" daemon [_thread_in_native, id=8352, stack(0x000000682ff00000,0x0000006830000000)]

Other Threads:
  0x000002617df88a10 VMThread "VM Thread" [stack: 0x000000682ed00000,0x000000682ee00000] [id=8764]
  0x000002615fd48840 WatcherThread [stack: 0x000000682f900000,0x000000682fa00000] [id=17688]
  0x000002615fd253b0 GCTaskThread "GC Thread#0" [stack: 0x000000682e800000,0x000000682e900000] [id=7440]
  0x000002617f2c6380 GCTaskThread "GC Thread#1" [stack: 0x000000682fa00000,0x000000682fb00000] [id=9856]
  0x000002617f2d5c70 GCTaskThread "GC Thread#2" [stack: 0x000000682fb00000,0x000000682fc00000] [id=1956]
  0x000002617f30bdf0 GCTaskThread "GC Thread#3" [stack: 0x000000682fc00000,0x000000682fd00000] [id=19400]
  0x000002615fcb8aa0 GCTaskThread "GC Thread#4" [stack: 0x000000682fd00000,0x000000682fe00000] [id=15092]
  0x000002615fd358c0 ConcurrentGCThread "G1 Main Marker" [stack: 0x000000682e900000,0x000000682ea00000] [id=7924]
  0x000002615fd36980 ConcurrentGCThread "G1 Conc#0" [stack: 0x000000682ea00000,0x000000682eb00000] [id=9552]
  0x000002617ddf3020 ConcurrentGCThread "G1 Refine#0" [stack: 0x000000682eb00000,0x000000682ec00000] [id=1020]
  0x000002617ddf3850 ConcurrentGCThread "G1 Service" [stack: 0x000000682ec00000,0x000000682ed00000] [id=20360]

Threads with active compile tasks:
C2 CompilerThread2      389  969       4       jdk.internal.org.objectweb.asm.Frame::execute (2305 bytes)

VM state: not at safepoint (normal execution)

VM Mutex/Monitor currently owned by a thread: None

Heap address: 0x0000000709400000, size: 3948 MB, Compressed Oops mode: Zero based, Oop shift amount: 3

CDS archive(s) not mapped
Compressed class space mapped at: 0x0000000800000000-0x0000000840000000, reserved size: 1073741824
Narrow klass base: 0x0000000800000000, Narrow klass shift: 0, Narrow klass range: 0x40000000

GC Precious Log:
 CPUs: 12 total, 12 available
 Memory: 15791M
 Large Page Support: Disabled
 NUMA Support: Disabled
 Compressed Oops: Enabled (Zero based)
 Heap Region Size: 2M
 Heap Min Capacity: 8M
 Heap Initial Capacity: 8M
 Heap Max Capacity: 3948M
 Pre-touch: Disabled
 Parallel Workers: 10
 Concurrent Workers: 3
 Concurrent Refinement Workers: 10
 Periodic GC: Disabled

Heap:
 garbage-first heap   total 30720K, used 10823K [0x0000000709400000, 0x0000000800000000)
  region size 2048K, 5 young (10240K), 1 survivors (2048K)
 Metaspace       used 10164K, committed 10432K, reserved 1064960K
  class space    used 1014K, committed 1152K, reserved 1048576K

Heap Regions: E=young(eden), S=young(survivor), O=old, HS=humongous(starts), HC=humongous(continues), CS=collection set, F=free, OA=open archive, CA=closed archive, TAMS=top-at-mark-start (previous, next)
|   0|0x0000000709400000, 0x0000000709600000, 0x0000000709600000|100%| O|  |TAMS 0x0000000709400000, 0x0000000709400000| Untracked 
|   1|0x0000000709600000, 0x0000000709600000, 0x0000000709800000|  0%| F|  |TAMS 0x0000000709600000, 0x0000000709600000| Untracked 
|   2|0x0000000709800000, 0x0000000709800000, 0x0000000709a00000|  0%| F|  |TAMS 0x0000000709800000, 0x0000000709800000| Untracked 
|   3|0x0000000709a00000, 0x0000000709b79c30, 0x0000000709c00000| 73%| S|CS|TAMS 0x0000000709a00000, 0x0000000709a00000| Complete 
|   4|0x0000000709c00000, 0x0000000709c00000, 0x0000000709e00000|  0%| F|  |TAMS 0x0000000709c00000, 0x0000000709c00000| Untracked 
|   5|0x0000000709e00000, 0x0000000709e00000, 0x000000070a000000|  0%| F|  |TAMS 0x0000000709e00000, 0x0000000709e00000| Untracked 
|   6|0x000000070a000000, 0x000000070a000000, 0x000000070a200000|  0%| F|  |TAMS 0x000000070a000000, 0x000000070a000000| Untracked 
|   7|0x000000070a200000, 0x000000070a200000, 0x000000070a400000|  0%| F|  |TAMS 0x000000070a200000, 0x000000070a200000| Untracked 
|   8|0x000000070a400000, 0x000000070a400000, 0x000000070a600000|  0%| F|  |TAMS 0x000000070a400000, 0x000000070a400000| Untracked 
|   9|0x000000070a600000, 0x000000070a600000, 0x000000070a800000|  0%| F|  |TAMS 0x000000070a600000, 0x000000070a600000| Untracked 
|  10|0x000000070a800000, 0x000000070a8d8608, 0x000000070aa00000| 42%| E|  |TAMS 0x000000070a800000, 0x000000070a800000| Complete 
|  11|0x000000070aa00000, 0x000000070ac00000, 0x000000070ac00000|100%| E|CS|TAMS 0x000000070aa00000, 0x000000070aa00000| Complete 
|  12|0x000000070ac00000, 0x000000070ae00000, 0x000000070ae00000|100%| E|CS|TAMS 0x000000070ac00000, 0x000000070ac00000| Complete 
|  13|0x000000070ae00000, 0x000000070b000000, 0x000000070b000000|100%| E|CS|TAMS 0x000000070ae00000, 0x000000070ae00000| Complete 
|1973|0x00000007ffe00000, 0x00000007fff18200, 0x0000000800000000| 54%| O|  |TAMS 0x00000007ffe00000, 0x00000007ffe00000| Untracked 

Card table byte_map: [0x0000026172e90000,0x0000026173650000] _byte_map_base: 0x000002616f646000

Marking Bits (Prev, Next): (CMBitMap*) 0x000002615fd258d0, (CMBitMap*) 0x000002615fd25910
 Prev Bits: [0x0000026173e10000, 0x0000026177bc0000)
 Next Bits: [0x0000026177bc0000, 0x000002617b970000)

Polling page: 0x000002615dc60000

Metaspace:

Usage:
  Non-class:      8.94 MB used.
      Class:   1014.42 KB used.
       Both:      9.93 MB used.

Virtual space:
  Non-class space:       16.00 MB reserved,       9.06 MB ( 57%) committed,  2 nodes.
      Class space:        1.00 GB reserved,       1.12 MB ( <1%) committed,  1 nodes.
             Both:        1.02 GB reserved,      10.19 MB ( <1%) committed. 

Chunk freelists:
   Non-Class:  2.69 MB
       Class:  2.86 MB
        Both:  5.55 MB

MaxMetaspaceSize: unlimited
CompressedClassSpaceSize: 1.00 GB
Initial GC threshold: 21.00 MB
Current GC threshold: 21.00 MB
CDS: off
MetaspaceReclaimPolicy: balanced
 - commit_granule_bytes: 65536.
 - commit_granule_words: 8192.
 - virtual_space_node_default_size: 1048576.
 - enlarge_chunks_in_place: 1.
 - new_chunks_are_fully_committed: 0.
 - uncommit_free_chunks: 1.
 - use_allocation_guard: 0.
 - handle_deallocations: 1.


Internal statistics:

num_allocs_failed_limit: 0.
num_arena_births: 274.
num_arena_deaths: 0.
num_vsnodes_births: 3.
num_vsnodes_deaths: 0.
num_space_committed: 163.
num_space_uncommitted: 0.
num_chunks_returned_to_freelist: 0.
num_chunks_taken_from_freelist: 349.
num_chunk_merges: 0.
num_chunk_splits: 229.
num_chunks_enlarged: 153.
num_purges: 0.
num_inconsistent_stats: 0.

CodeHeap 'non-profiled nmethods': size=120000Kb used=487Kb max_used=487Kb free=119512Kb
 bounds [0x000002616ac50000, 0x000002616aec0000, 0x0000026172180000]
CodeHeap 'profiled nmethods': size=120000Kb used=2189Kb max_used=2189Kb free=117810Kb
 bounds [0x0000026163180000, 0x00000261633f0000, 0x000002616a6b0000]
CodeHeap 'non-nmethods': size=5760Kb used=1131Kb max_used=1166Kb free=4628Kb
 bounds [0x000002616a6b0000, 0x000002616a920000, 0x000002616ac50000]
 total_blobs=1775 nmethods=1359 adapters=329
 compilation: enabled
              stopped_count=0, restarted_count=0
 full_count=0

Compilation events (20 events):
Event: 0.364 Thread 0x000002617f501b80 nmethod 1244 0x000002616acbeb90 code [0x000002616acbed00, 0x000002616acbf098]
Event: 0.364 Thread 0x000002617f501b80 1247       4       jdk.internal.jimage.ImageStringsReader::charsFromMUTF8Length (50 bytes)
Event: 0.364 Thread 0x000002617dfacbd0 nmethod 1256 0x000002616337d010 code [0x000002616337d1e0, 0x000002616337d5f8]
Event: 0.365 Thread 0x000002617dfacbd0 1258       3       jdk.tools.jlink.internal.PerfectHashBuilder$$Lambda$155/0x000000080011d800::test (8 bytes)
Event: 0.365 Thread 0x000002617dfacbd0 nmethod 1258 0x000002616337d790 code [0x000002616337d940, 0x000002616337dbf8]
Event: 0.365 Thread 0x000002617dfacbd0 1259       3       jdk.tools.jlink.internal.PerfectHashBuilder::lambda$createBuckets$1 (10 bytes)
Event: 0.365 Thread 0x000002617dfacbd0 nmethod 1259 0x000002616337dd10 code [0x000002616337dea0, 0x000002616337dff8]
Event: 0.365 Thread 0x000002617dfacbd0 1260       3       java.util.stream.SortedOps$RefSortingSink::accept (10 bytes)
Event: 0.365 Thread 0x000002617dfacbd0 nmethod 1260 0x000002616337e090 code [0x000002616337e260, 0x000002616337e728]
Event: 0.365 Thread 0x000002617dfacbd0 1261       3       jdk.tools.jlink.internal.PerfectHashBuilder$Bucket::getSize (10 bytes)
Event: 0.365 Thread 0x000002617dfacbd0 nmethod 1261 0x000002616337e910 code [0x000002616337eac0, 0x000002616337eca8]
Event: 0.365 Thread 0x000002617dfacbd0 1262       3       java.util.Comparators$NaturalOrderComparator::compare (13 bytes)
Event: 0.365 Thread 0x000002617dfacbd0 nmethod 1262 0x000002616337ed90 code [0x000002616337ef60, 0x000002616337f3c8]
Event: 0.365 Thread 0x000002617dfacbd0 1264       3       jdk.tools.jlink.internal.PerfectHashBuilder$Bucket::compareTo (9 bytes)
Event: 0.365 Thread 0x000002617dfacbd0 nmethod 1264 0x000002616337f510 code [0x000002616337f6e0, 0x000002616337fbd8]
Event: 0.365 Thread 0x000002617dfacbd0 1265       3       jdk.tools.jlink.internal.PerfectHashBuilder$Bucket::compareTo (10 bytes)
Event: 0.365 Thread 0x000002617dfacbd0 nmethod 1265 0x000002616337fd90 code [0x000002616337ff60, 0x00000261633802f8]
Event: 0.365 Thread 0x000002617dfacbd0 1263       3       java.util.Comparators$NaturalOrderComparator::compare (8 bytes)
Event: 0.365 Thread 0x000002617dfacbd0 nmethod 1263 0x0000026163380490 code [0x0000026163380640, 0x0000026163380828]
Event: 0.365 Thread 0x000002617dfacbd0 1266       3       java.util.TimSort::binarySort (223 bytes)

GC Heap History (18 events):
Event: 0.118 GC heap before
{Heap before GC invocations=0 (full 0):
 garbage-first heap   total 8192K, used 2048K [0x0000000709400000, 0x0000000800000000)
  region size 2048K, 1 young (2048K), 0 survivors (0K)
 Metaspace       used 6301K, committed 6464K, reserved 1056768K
  class space    used 554K, committed 640K, reserved 1048576K
}
Event: 0.119 GC heap after
{Heap after GC invocations=1 (full 0):
 garbage-first heap   total 8192K, used 960K [0x0000000709400000, 0x0000000800000000)
  region size 2048K, 1 young (2048K), 1 survivors (2048K)
 Metaspace       used 6301K, committed 6464K, reserved 1056768K
  class space    used 554K, committed 640K, reserved 1048576K
}
Event: 0.165 GC heap before
{Heap before GC invocations=1 (full 0):
 garbage-first heap   total 8192K, used 960K [0x0000000709400000, 0x0000000800000000)
  region size 2048K, 2 young (4096K), 1 survivors (2048K)
 Metaspace       used 7633K, committed 7808K, reserved 1056768K
  class space    used 709K, committed 832K, reserved 1048576K
}
Event: 0.167 GC heap after
{Heap after GC invocations=2 (full 0):
 garbage-first heap   total 8192K, used 1109K [0x0000000709400000, 0x0000000800000000)
  region size 2048K, 1 young (2048K), 1 survivors (2048K)
 Metaspace       used 7633K, committed 7808K, reserved 1056768K
  class space    used 709K, committed 832K, reserved 1048576K
}
Event: 0.211 GC heap before
{Heap before GC invocations=2 (full 0):
 garbage-first heap   total 8192K, used 1109K [0x0000000709400000, 0x0000000800000000)
  region size 2048K, 2 young (4096K), 1 survivors (2048K)
 Metaspace       used 8711K, committed 8896K, reserved 1056768K
  class space    used 834K, committed 896K, reserved 1048576K
}
Event: 0.213 GC heap after
{Heap after GC invocations=3 (full 0):
 garbage-first heap   total 8192K, used 1641K [0x0000000709400000, 0x0000000800000000)
  region size 2048K, 1 young (2048K), 1 survivors (2048K)
 Metaspace       used 8711K, committed 8896K, reserved 1056768K
  class space    used 834K, committed 896K, reserved 1048576K
}
Event: 0.239 GC heap before
{Heap before GC invocations=3 (full 0):
 garbage-first heap   total 8192K, used 1641K [0x0000000709400000, 0x0000000800000000)
  region size 2048K, 2 young (4096K), 1 survivors (2048K)
 Metaspace       used 9090K, committed 9344K, reserved 1064960K
  class space    used 891K, committed 1024K, reserved 1048576K
}
Event: 0.242 GC heap after
{Heap after GC invocations=4 (full 0):
 garbage-first heap   total 8192K, used 2683K [0x0000000709400000, 0x0000000800000000)
  region size 2048K, 1 young (2048K), 1 survivors (2048K)
 Metaspace       used 9090K, committed 9344K, reserved 1064960K
  class space    used 891K, committed 1024K, reserved 1048576K
}
Event: 0.271 GC heap before
{Heap before GC invocations=4 (full 0):
 garbage-first heap   total 8192K, used 2683K [0x0000000709400000, 0x0000000800000000)
  region size 2048K, 2 young (4096K), 1 survivors (2048K)
 Metaspace       used 9363K, committed 9664K, reserved 1064960K
  class space    used 932K, committed 1088K, reserved 1048576K
}
Event: 0.273 GC heap after
{Heap after GC invocations=5 (full 0):
 garbage-first heap   total 16384K, used 3168K [0x0000000709400000, 0x0000000800000000)
  region size 2048K, 1 young (2048K), 1 survivors (2048K)
 Metaspace       used 9363K, committed 9664K, reserved 1064960K
  class space    used 932K, committed 1088K, reserved 1048576K
}
Event: 0.291 GC heap before
{Heap before GC invocations=5 (full 0):
 garbage-first heap   total 16384K, used 5216K [0x0000000709400000, 0x0000000800000000)
  region size 2048K, 2 young (4096K), 1 survivors (2048K)
 Metaspace       used 9552K, committed 9856K, reserved 1064960K
  class space    used 964K, committed 1088K, reserved 1048576K
}
Event: 0.292 GC heap after
{Heap after GC invocations=6 (full 0):
 garbage-first heap   total 16384K, used 3218K [0x0000000709400000, 0x0000000800000000)
  region size 2048K, 1 young (2048K), 1 survivors (2048K)
 Metaspace       used 9552K, committed 9856K, reserved 1064960K
  class space    used 964K, committed 1088K, reserved 1048576K
}
Event: 0.313 GC heap before
{Heap before GC invocations=6 (full 0):
 garbage-first heap   total 16384K, used 5266K [0x0000000709400000, 0x0000000800000000)
  region size 2048K, 2 young (4096K), 1 survivors (2048K)
 Metaspace       used 9880K, committed 10112K, reserved 1064960K
  class space    used 998K, committed 1088K, reserved 1048576K
}
Event: 0.315 GC heap after
{Heap after GC invocations=7 (full 0):
 garbage-first heap   total 16384K, used 3887K [0x0000000709400000, 0x0000000800000000)
  region size 2048K, 1 young (2048K), 1 survivors (2048K)
 Metaspace       used 9880K, committed 10112K, reserved 1064960K
  class space    used 998K, committed 1088K, reserved 1048576K
}
Event: 0.336 GC heap before
{Heap before GC invocations=7 (full 0):
 garbage-first heap   total 16384K, used 5935K [0x0000000709400000, 0x0000000800000000)
  region size 2048K, 2 young (4096K), 1 survivors (2048K)
 Metaspace       used 9978K, committed 10240K, reserved 1064960K
  class space    used 1003K, committed 1088K, reserved 1048576K
}
Event: 0.337 GC heap after
{Heap after GC invocations=8 (full 0):
 garbage-first heap   total 16384K, used 4118K [0x0000000709400000, 0x0000000800000000)
  region size 2048K, 1 young (2048K), 1 survivors (2048K)
 Metaspace       used 9978K, committed 10240K, reserved 1064960K
  class space    used 1003K, committed 1088K, reserved 1048576K
}
Event: 0.358 GC heap before
{Heap before GC invocations=8 (full 0):
 garbage-first heap   total 16384K, used 8214K [0x0000000709400000, 0x0000000800000000)
  region size 2048K, 3 young (6144K), 1 survivors (2048K)
 Metaspace       used 10089K, committed 10368K, reserved 1064960K
  class space    used 1007K, committed 1088K, reserved 1048576K
}
Event: 0.360 GC heap after
{Heap after GC invocations=9 (full 0):
 garbage-first heap   total 30720K, used 4679K [0x0000000709400000, 0x0000000800000000)
  region size 2048K, 1 young (2048K), 1 survivors (2048K)
 Metaspace       used 10089K, committed 10368K, reserved 1064960K
  class space    used 1007K, committed 1088K, reserved 1048576K
}

Dll operation events (1 events):
Event: 0.005 Loaded shared library C:\Program Files\Android\Android Studio\jbr\bin\java.dll

Deoptimization events (20 events):
Event: 0.306 Thread 0x000002615fcb7d20 Uncommon trap: trap_request=0xffffffde fr.pc=0x000002616acac948 relative=0x0000000000000128
Event: 0.306 Thread 0x000002615fcb7d20 Uncommon trap: reason=class_check action=maybe_recompile pc=0x000002616acac948 method=jdk.internal.misc.Unsafe.allocateUninitializedArray(Ljava/lang/Class;I)Ljava/lang/Object; @ 51 c2
Event: 0.306 Thread 0x000002615fcb7d20 DEOPT PACKING pc=0x000002616acac948 sp=0x000000682e7fd740
Event: 0.306 Thread 0x000002615fcb7d20 DEOPT UNPACKING pc=0x000002616a7069a3 sp=0x000000682e7fd6c8 mode 2
Event: 0.306 Thread 0x000002615fcb7d20 Uncommon trap: trap_request=0xffffffde fr.pc=0x000002616acac948 relative=0x0000000000000128
Event: 0.306 Thread 0x000002615fcb7d20 Uncommon trap: reason=class_check action=maybe_recompile pc=0x000002616acac948 method=jdk.internal.misc.Unsafe.allocateUninitializedArray(Ljava/lang/Class;I)Ljava/lang/Object; @ 51 c2
Event: 0.306 Thread 0x000002615fcb7d20 DEOPT PACKING pc=0x000002616acac948 sp=0x000000682e7fd4b0
Event: 0.306 Thread 0x000002615fcb7d20 DEOPT UNPACKING pc=0x000002616a7069a3 sp=0x000000682e7fd438 mode 2
Event: 0.307 Thread 0x000002615fcb7d20 Uncommon trap: trap_request=0xffffffde fr.pc=0x000002616acac948 relative=0x0000000000000128
Event: 0.307 Thread 0x000002615fcb7d20 Uncommon trap: reason=class_check action=maybe_recompile pc=0x000002616acac948 method=jdk.internal.misc.Unsafe.allocateUninitializedArray(Ljava/lang/Class;I)Ljava/lang/Object; @ 51 c2
Event: 0.307 Thread 0x000002615fcb7d20 DEOPT PACKING pc=0x000002616acac948 sp=0x000000682e7fe100
Event: 0.307 Thread 0x000002615fcb7d20 DEOPT UNPACKING pc=0x000002616a7069a3 sp=0x000000682e7fe088 mode 2
Event: 0.307 Thread 0x000002615fcb7d20 Uncommon trap: trap_request=0xffffffde fr.pc=0x000002616acac948 relative=0x0000000000000128
Event: 0.307 Thread 0x000002615fcb7d20 Uncommon trap: reason=class_check action=maybe_recompile pc=0x000002616acac948 method=jdk.internal.misc.Unsafe.allocateUninitializedArray(Ljava/lang/Class;I)Ljava/lang/Object; @ 51 c2
Event: 0.307 Thread 0x000002615fcb7d20 DEOPT PACKING pc=0x000002616acac948 sp=0x000000682e7fdf20
Event: 0.307 Thread 0x000002615fcb7d20 DEOPT UNPACKING pc=0x000002616a7069a3 sp=0x000000682e7fdea8 mode 2
Event: 0.350 Thread 0x000002615fcb7d20 Uncommon trap: trap_request=0xffffff45 fr.pc=0x000002616acb85a4 relative=0x0000000000000404
Event: 0.350 Thread 0x000002615fcb7d20 Uncommon trap: reason=unstable_if action=reinterpret pc=0x000002616acb85a4 method=java.util.TreeMap.getEntry(Ljava/lang/Object;)Ljava/util/TreeMap$Entry; @ 46 c2
Event: 0.350 Thread 0x000002615fcb7d20 DEOPT PACKING pc=0x000002616acb85a4 sp=0x000000682e7fee00
Event: 0.350 Thread 0x000002615fcb7d20 DEOPT UNPACKING pc=0x000002616a7069a3 sp=0x000000682e7fed88 mode 2

Classes unloaded (0 events):
No events

Classes redefined (0 events):
No events

Internal exceptions (20 events):
Event: 0.261 Thread 0x000002615fcb7d20 Exception <a 'java/lang/NoSuchMethodError'{0x0000000709b50168}: 'java.lang.Object java.lang.invoke.DirectMethodHandle$Holder.invokeSpecial(java.lang.Object, java.lang.Object, java.lang.Object, java.lang.Object, int)'> (0x0000000709b50168) 
thrown [s\src\hotspot\share\interpreter\linkResolver.cpp, line 771]
Event: 0.261 Thread 0x000002615fcb7d20 Exception <a 'java/lang/NoSuchMethodError'{0x0000000709b576a8}: 'java.lang.Object java.lang.invoke.DirectMethodHandle$Holder.invokeSpecial(java.lang.Object, java.lang.Object, java.lang.Object, java.lang.Object, long)'> (0x0000000709b576a8) 
thrown [s\src\hotspot\share\interpreter\linkResolver.cpp, line 771]
Event: 0.263 Thread 0x000002615fcb7d20 Exception <a 'java/lang/NoSuchMethodError'{0x0000000709b7a1b0}: 'java.lang.Object java.lang.invoke.DirectMethodHandle$Holder.invokeSpecial(java.lang.Object, java.lang.Object, java.lang.Object, java.lang.Object, java.lang.Object, java.lang.Object, java.lang.Object, java.lang.Object, java.lang.Object)'> (0x0000000709b7a1b0) 
thrown [s\src\hotspot\share\interpreter\linkResolver.cpp, line 771]
Event: 0.264 Thread 0x000002615fcb7d20 Exception <a 'java/lang/NoSuchMethodError'{0x0000000709b81f60}: 'java.lang.Object java.lang.invoke.DirectMethodHandle$Holder.invokeSpecial(java.lang.Object, java.lang.Object, java.lang.Object, double)'> (0x0000000709b81f60) 
thrown [s\src\hotspot\share\interpreter\linkResolver.cpp, line 771]
Event: 0.264 Thread 0x000002615fcb7d20 Exception <a 'java/lang/NoSuchMethodError'{0x0000000709b902e8}: 'java.lang.Object java.lang.invoke.DirectMethodHandle$Holder.invokeSpecial(java.lang.Object, java.lang.Object, java.lang.Object, int, java.lang.Object)'> (0x0000000709b902e8) 
thrown [s\src\hotspot\share\interpreter\linkResolver.cpp, line 771]
Event: 0.266 Thread 0x000002615fcb7d20 Exception <a 'java/lang/NoSuchMethodError'{0x0000000709bafbe8}: 'java.lang.Object java.lang.invoke.DirectMethodHandle$Holder.invokeSpecial(java.lang.Object, java.lang.Object, java.lang.Object, long, long)'> (0x0000000709bafbe8) 
thrown [s\src\hotspot\share\interpreter\linkResolver.cpp, line 771]
Event: 0.270 Thread 0x000002615fcb7d20 Exception <a 'java/lang/NoSuchMethodError'{0x0000000709bf2ba8}: 'int java.lang.invoke.DirectMethodHandle$Holder.invokeSpecial(java.lang.Object, java.lang.Object, java.lang.Object)'> (0x0000000709bf2ba8) 
thrown [s\src\hotspot\share\interpreter\linkResolver.cpp, line 771]
Event: 0.274 Thread 0x000002615fcb7d20 Exception <a 'java/lang/NoSuchMethodError'{0x000000070a007000}: 'int java.lang.invoke.DirectMethodHandle$Holder.invokeSpecial(java.lang.Object, java.lang.Object, java.lang.Object, int)'> (0x000000070a007000) 
thrown [s\src\hotspot\share\interpreter\linkResolver.cpp, line 771]
Event: 0.274 Thread 0x000002615fcb7d20 Exception <a 'java/lang/NoSuchMethodError'{0x000000070a00ee88}: 'java.lang.Object java.lang.invoke.DirectMethodHandle$Holder.invokeSpecial(java.lang.Object, java.lang.Object, java.lang.Object, java.lang.Object, java.lang.Object, java.lang.Object, java.lang.Object, java.lang.Object, java.lang.Object, java.lang.Object, java.lang.Object)'> (0x000000070a00ee88) 
thrown [s\src\hotspot\share\interpreter\linkResolver.cpp, line 771]
Event: 0.274 Thread 0x000002615fcb7d20 Exception <a 'java/lang/NoSuchMethodError'{0x000000070a017bb8}: 'java.lang.Object java.lang.invoke.DirectMethodHandle$Holder.invokeSpecial(java.lang.Object, java.lang.Object, java.lang.Object, java.lang.Object, java.lang.Object, java.lang.Object, java.lang.Object, java.lang.Object, java.lang.Object, java.lang.Object, java.lang.Object, java.lang.Object)'> (0x000000070a017bb8) 
thrown [s\src\hotspot\share\interpreter\linkResolver.cpp, line 771]
Event: 0.275 Thread 0x000002615fcb7d20 Exception <a 'java/lang/NoSuchMethodError'{0x000000070a021a10}: 'java.lang.Object java.lang.invoke.DirectMethodHandle$Holder.invokeSpecial(java.lang.Object, java.lang.Object, java.lang.Object, java.lang.Object, java.lang.Object, java.lang.Object, java.lang.Object, java.lang.Object, java.lang.Object, java.lang.Object, java.lang.Object, java.lang.Object, java.lang.Object)'> (0x000000070a021a10) 
thrown [s\src\hotspot\share\interpreter\linkResolver.cpp, line 771]
Event: 0.275 Thread 0x000002615fcb7d20 Exception <a 'java/lang/NoSuchMethodError'{0x000000070a02ad70}: 'java.lang.Object java.lang.invoke.DirectMethodHandle$Holder.invokeSpecial(java.lang.Object, java.lang.Object, java.lang.Object, java.lang.Object, java.lang.Object, java.lang.Object, java.lang.Object, java.lang.Object, java.lang.Object, java.lang.Object, java.lang.Object, java.lang.Object, java.lang.Object, java.lang.Object)'> (0x000000070a02ad70) 
thrown [s\src\hotspot\share\interpreter\linkResolver.cpp, line 771]
Event: 0.276 Thread 0x000002615fcb7d20 Exception <a 'java/lang/NoSuchMethodError'{0x000000070a034898}: 'java.lang.Object java.lang.invoke.DirectMethodHandle$Holder.invokeSpecial(java.lang.Object, java.lang.Object, java.lang.Object, java.lang.Object, java.lang.Object, java.lang.Object, java.lang.Object, java.lang.Object, java.lang.Object, java.lang.Object, java.lang.Object, java.lang.Object, java.lang.Object, java.lang.Object, java.lang.Object)'> (0x000000070a034898) 
thrown [s\src\hotspot\share\interpreter\linkResolver.cpp, line 771]
Event: 0.276 Thread 0x000002615fcb7d20 Exception <a 'java/lang/NoSuchMethodError'{0x000000070a03e720}: 'java.lang.Object java.lang.invoke.DirectMethodHandle$Holder.invokeSpecial(java.lang.Object, java.lang.Object, java.lang.Object, java.lang.Object, java.lang.Object, java.lang.Object, java.lang.Object, java.lang.Object, java.lang.Object, java.lang.Object, java.lang.Object, java.lang.Object, java.lang.Object, java.lang.Object, java.lang.Object, java.lang.Object)'> (0x000000070a03e720) 
thrown [s\src\hotspot\share\interpreter\linkResolver.cpp, li
Event: 0.277 Thread 0x000002615fcb7d20 Exception <a 'java/lang/NoSuchMethodError'{0x000000070a0593c8}: 'java.lang.Object java.lang.invoke.DirectMethodHandle$Holder.invokeSpecial(java.lang.Object, java.lang.Object, java.lang.Object, java.lang.Object, double)'> (0x000000070a0593c8) 
thrown [s\src\hotspot\share\interpreter\linkResolver.cpp, line 771]
Event: 0.278 Thread 0x000002615fcb7d20 Exception <a 'java/lang/NoSuchMethodError'{0x000000070a068368}: 'java.lang.Object java.lang.invoke.DirectMethodHandle$Holder.invokeSpecial(java.lang.Object, java.lang.Object, java.lang.Object, java.lang.Object, java.lang.Object, long)'> (0x000000070a068368) 
thrown [s\src\hotspot\share\interpreter\linkResolver.cpp, line 771]
Event: 0.278 Thread 0x000002615fcb7d20 Exception <a 'java/lang/NoSuchMethodError'{0x000000070a073698}: 'java.lang.Object java.lang.invoke.DirectMethodHandle$Holder.invokeSpecial(java.lang.Object, java.lang.Object, java.lang.Object, java.lang.Object, java.lang.Object, java.lang.Object, java.lang.Object, java.lang.Object, java.lang.Object, java.lang.Object)'> (0x000000070a073698) 
thrown [s\src\hotspot\share\interpreter\linkResolver.cpp, line 771]
Event: 0.279 Thread 0x000002615fcb7d20 Exception <a 'java/lang/NoSuchMethodError'{0x000000070a08c478}: 'int java.lang.invoke.DirectMethodHandle$Holder.invokeSpecial(java.lang.Object, java.lang.Object, int)'> (0x000000070a08c478) 
thrown [s\src\hotspot\share\interpreter\linkResolver.cpp, line 771]
Event: 0.306 Thread 0x000002615fcb7d20 Exception <a 'java/lang/NoSuchMethodError'{0x000000070a0e7e58}: 'void java.lang.invoke.DirectMethodHandle$Holder.invokeStatic(java.lang.Object, java.lang.Object, java.lang.Object, java.lang.Object, java.lang.Object, java.lang.Object, java.lang.Object)'> (0x000000070a0e7e58) 
thrown [s\src\hotspot\share\interpreter\linkResolver.cpp, line 771]
Event: 0.307 Thread 0x000002615fcb7d20 Exception <a 'java/lang/NoSuchMethodError'{0x000000070a0efb08}: 'java.lang.Object java.lang.invoke.DirectMethodHandle$Holder.newInvokeSpecial(java.lang.Object, java.lang.Object, java.lang.Object, java.lang.Object, java.lang.Object, java.lang.Object)'> (0x000000070a0efb08) 
thrown [s\src\hotspot\share\interpreter\linkResolver.cpp, line 771]

VM Operations (20 events):
Event: 0.129 Executing VM operation: HandshakeAllThreads
Event: 0.129 Executing VM operation: HandshakeAllThreads done
Event: 0.165 Executing VM operation: G1CollectForAllocation
Event: 0.167 Executing VM operation: G1CollectForAllocation done
Event: 0.211 Executing VM operation: G1CollectForAllocation
Event: 0.213 Executing VM operation: G1CollectForAllocation done
Event: 0.228 Executing VM operation: HandshakeAllThreads
Event: 0.228 Executing VM operation: HandshakeAllThreads done
Event: 0.239 Executing VM operation: G1CollectForAllocation
Event: 0.242 Executing VM operation: G1CollectForAllocation done
Event: 0.271 Executing VM operation: G1CollectForAllocation
Event: 0.273 Executing VM operation: G1CollectForAllocation done
Event: 0.291 Executing VM operation: G1CollectForAllocation
Event: 0.292 Executing VM operation: G1CollectForAllocation done
Event: 0.313 Executing VM operation: G1CollectForAllocation
Event: 0.315 Executing VM operation: G1CollectForAllocation done
Event: 0.336 Executing VM operation: G1CollectForAllocation
Event: 0.337 Executing VM operation: G1CollectForAllocation done
Event: 0.358 Executing VM operation: G1CollectForAllocation
Event: 0.360 Executing VM operation: G1CollectForAllocation done

Events (20 events):
Event: 0.305 loading class java/util/Formatter$FormatSpecifier
Event: 0.306 loading class java/util/Formatter$FormatString
Event: 0.306 loading class java/util/Formatter$FormatString done
Event: 0.306 loading class java/util/Formatter$FormatSpecifier done
Event: 0.306 loading class java/util/Formatter$Flags
Event: 0.306 loading class java/util/Formatter$Flags done
Event: 0.306 loading class java/util/Formatter$FixedString
Event: 0.306 loading class java/util/Formatter$FixedString done
Event: 0.306 loading class java/util/Formattable
Event: 0.306 loading class java/util/Formattable done
Event: 0.316 loading class java/util/ComparableTimSort
Event: 0.316 loading class java/util/ComparableTimSort done
Event: 0.318 loading class java/util/regex/Matcher
Event: 0.318 loading class java/util/regex/MatchResult
Event: 0.318 loading class java/util/regex/MatchResult done
Event: 0.318 loading class java/util/regex/Matcher done
Event: 0.318 loading class java/util/regex/IntHashSet
Event: 0.318 loading class java/util/regex/IntHashSet done
Event: 0.364 loading class java/util/stream/SortedOps$RefSortingSink
Event: 0.365 loading class java/util/stream/SortedOps$RefSortingSink done


Dynamic libraries:
0x00007ff642630000 - 0x00007ff642638000 	C:\Program Files\Android\Android Studio\jbr\bin\jlink.exe
0x00007ffe9d070000 - 0x00007ffe9d284000 	C:\Windows\SYSTEM32\ntdll.dll
0x00007ffe9bde0000 - 0x00007ffe9bea4000 	C:\Windows\System32\KERNEL32.DLL
0x00007ffe9a4a0000 - 0x00007ffe9a844000 	C:\Windows\System32\KERNELBASE.dll
0x00007ffe9ace0000 - 0x00007ffe9adf1000 	C:\Windows\System32\ucrtbase.dll
0x00007ffe5ebd0000 - 0x00007ffe5ebe7000 	C:\Program Files\Android\Android Studio\jbr\bin\jli.dll
0x00007ffe5cf20000 - 0x00007ffe5cf3b000 	C:\Program Files\Android\Android Studio\jbr\bin\VCRUNTIME140.dll
0x00007ffe9c0d0000 - 0x00007ffe9c27e000 	C:\Windows\System32\USER32.dll
0x00007ffe9ab50000 - 0x00007ffe9ab76000 	C:\Windows\System32\win32u.dll
0x00007ffe8d190000 - 0x00007ffe8d423000 	C:\Windows\WinSxS\amd64_microsoft.windows.common-controls_6595b64144ccf1df_6.0.22621.2215_none_270d72677387dfc3\COMCTL32.dll
0x00007ffe9c440000 - 0x00007ffe9c469000 	C:\Windows\System32\GDI32.dll
0x00007ffe9aa30000 - 0x00007ffe9ab48000 	C:\Windows\System32\gdi32full.dll
0x00007ffe9cf80000 - 0x00007ffe9d027000 	C:\Windows\System32\msvcrt.dll
0x00007ffe9ab80000 - 0x00007ffe9ac1a000 	C:\Windows\System32\msvcp_win.dll
0x00007ffe9c3a0000 - 0x00007ffe9c3d1000 	C:\Windows\System32\IMM32.DLL
0x00007ffe8f950000 - 0x00007ffe8f95c000 	C:\Program Files\Android\Android Studio\jbr\bin\vcruntime140_1.dll
0x00007ffe4af90000 - 0x00007ffe4b01d000 	C:\Program Files\Android\Android Studio\jbr\bin\msvcp140.dll
0x00007ffdc5ea0000 - 0x00007ffdc6b0e000 	C:\Program Files\Android\Android Studio\jbr\bin\server\jvm.dll
0x00007ffe9c2f0000 - 0x00007ffe9c3a0000 	C:\Windows\System32\ADVAPI32.dll
0x00007ffe9b2e0000 - 0x00007ffe9b386000 	C:\Windows\System32\sechost.dll
0x00007ffe9cca0000 - 0x00007ffe9cdb7000 	C:\Windows\System32\RPCRT4.dll
0x00007ffe713e0000 - 0x00007ffe713e9000 	C:\Windows\SYSTEM32\WSOCK32.dll
0x00007ffe93e90000 - 0x00007ffe93ec4000 	C:\Windows\SYSTEM32\WINMM.dll
0x00007ffe94a60000 - 0x00007ffe94a6a000 	C:\Windows\SYSTEM32\VERSION.dll
0x00007ffe9bce0000 - 0x00007ffe9bd51000 	C:\Windows\System32\WS2_32.dll
0x00007ffe99510000 - 0x00007ffe99528000 	C:\Windows\SYSTEM32\kernel.appcore.dll
0x00007ffe97740000 - 0x00007ffe9774a000 	C:\Program Files\Android\Android Studio\jbr\bin\jimage.dll
0x00007ffe8e280000 - 0x00007ffe8e4ae000 	C:\Windows\SYSTEM32\DBGHELP.DLL
0x00007ffe9aee0000 - 0x00007ffe9b26a000 	C:\Windows\System32\combase.dll
0x00007ffe9ae00000 - 0x00007ffe9aed7000 	C:\Windows\System32\OLEAUT32.dll
0x00007ffe7ae60000 - 0x00007ffe7ae92000 	C:\Windows\SYSTEM32\dbgcore.DLL
0x00007ffe9a420000 - 0x00007ffe9a49a000 	C:\Windows\System32\bcryptPrimitives.dll
0x00007ffe61c70000 - 0x00007ffe61c95000 	C:\Program Files\Android\Android Studio\jbr\bin\java.dll
0x00007ffe61c50000 - 0x00007ffe61c68000 	C:\Program Files\Android\Android Studio\jbr\bin\zip.dll
0x00007ffe9c470000 - 0x00007ffe9cc93000 	C:\Windows\System32\SHELL32.dll
0x00007ffe983b0000 - 0x00007ffe98c9a000 	C:\Windows\SYSTEM32\windows.storage.dll
0x00007ffe98270000 - 0x00007ffe983ae000 	C:\Windows\SYSTEM32\wintypes.dll
0x00007ffe9b990000 - 0x00007ffe9ba83000 	C:\Windows\System32\SHCORE.dll
0x00007ffe9b280000 - 0x00007ffe9b2de000 	C:\Windows\System32\shlwapi.dll
0x00007ffe9a350000 - 0x00007ffe9a376000 	C:\Windows\SYSTEM32\profapi.dll
0x00007ffe609b0000 - 0x00007ffe609c9000 	C:\Program Files\Android\Android Studio\jbr\bin\net.dll
0x00007ffe94110000 - 0x00007ffe94247000 	C:\Windows\SYSTEM32\WINHTTP.dll
0x00007ffe999e0000 - 0x00007ffe99a49000 	C:\Windows\system32\mswsock.dll
0x00007ffe5f7f0000 - 0x00007ffe5f806000 	C:\Program Files\Android\Android Studio\jbr\bin\nio.dll

dbghelp: loaded successfully - version: 4.0.5 - missing functions: none
symbol engine: initialized successfully - sym options: 0x614 - pdb path: .;C:\Program Files\Android\Android Studio\jbr\bin;C:\Windows\SYSTEM32;C:\Windows\WinSxS\amd64_microsoft.windows.common-controls_6595b64144ccf1df_6.0.22621.2215_none_270d72677387dfc3;C:\Program Files\Android\Android Studio\jbr\bin\server

VM Arguments:
jvm_args: -Dapplication.home=C:\Program Files\Android\Android Studio\jbr --add-modules=ALL-DEFAULT -Xms8m -Djdk.module.main=jdk.jlink 
java_command: jdk.jlink/jdk.tools.jlink.internal.Main --module-path C:\Users\crima\.gradle\caches\transforms-3\05a6c7de5b1dc1769f8b13a93603b548\transformed\output\temp\jmod --add-modules java.base --output C:\Users\crima\.gradle\caches\transforms-3\05a6c7de5b1dc1769f8b13a93603b548\transformed\output\jdkImage --disable-plugin system-modules
java_class_path (initial): <not set>
Launcher Type: SUN_STANDARD

[Global flags]
     intx CICompilerCount                          = 4                                         {product} {ergonomic}
     uint ConcGCThreads                            = 3                                         {product} {ergonomic}
     uint G1ConcRefinementThreads                  = 10                                        {product} {ergonomic}
   size_t G1HeapRegionSize                         = 2097152                                   {product} {ergonomic}
    uintx GCDrainStackTargetSize                   = 64                                        {product} {ergonomic}
   size_t InitialHeapSize                          = 8388608                                   {product} {command line}
   size_t MarkStackSize                            = 4194304                                   {product} {ergonomic}
   size_t MaxHeapSize                              = 4139778048                                {product} {ergonomic}
   size_t MaxNewSize                               = 2483027968                                {product} {ergonomic}
   size_t MinHeapDeltaBytes                        = 2097152                                   {product} {ergonomic}
   size_t MinHeapSize                              = 8388608                                   {product} {command line}
    uintx NonNMethodCodeHeapSize                   = 5839372                                {pd product} {ergonomic}
    uintx NonProfiledCodeHeapSize                  = 122909434                              {pd product} {ergonomic}
    uintx ProfiledCodeHeapSize                     = 122909434                              {pd product} {ergonomic}
    uintx ReservedCodeCacheSize                    = 251658240                              {pd product} {ergonomic}
     bool SegmentedCodeCache                       = true                                      {product} {ergonomic}
   size_t SoftMaxHeapSize                          = 4139778048                             {manageable} {ergonomic}
     bool UseCompressedClassPointers               = true                           {product lp64_product} {ergonomic}
     bool UseCompressedOops                        = true                           {product lp64_product} {ergonomic}
     bool UseG1GC                                  = true                                      {product} {ergonomic}
     bool UseLargePagesIndividualAllocation        = false                                  {pd product} {ergonomic}

Logging:
Log output configuration:
 #0: stdout all=warning uptime,level,tags
 #1: stderr all=off uptime,level,tags

Environment Variables:
PATH=C:\Program Files\Python311\Scripts\;C:\Program Files\Python311\;C:\Program Files\Common Files\Oracle\Java\javapath;C:\Windows\system32;C:\Windows;C:\Windows\System32\Wbem;C:\Windows\System32\WindowsPowerShell\v1.0\;C:\Windows\System32\OpenSSH\;C:\Program Files (x86)\NVIDIA Corporation\PhysX\Common;C:\Program Files\Git\cmd;C:\Program Files\NVIDIA Corporation\NVIDIA NvDLISR;C:\sqlite3;C:\Users\crima\AppData\Local\Microsoft\WindowsApps;C:\Users\crima\AppData\Local\Programs\Microsoft VS Code\bin;C:\Users\crima\AppData\Roaming\Python\Python311;C:\Users\crima\AppData\Roaming\Python\Python311\Scripts;C:\Program Files\JetBrains\IntelliJ IDEA Community Edition 2023.2\bin;
USERNAME=crima
OS=Windows_NT
PROCESSOR_IDENTIFIER=Intel64 Family 6 Model 165 Stepping 3, GenuineIntel
TMP=C:\Users\crima\AppData\Local\Temp
TEMP=C:\Users\crima\AppData\Local\Temp


JNI global refs:
JNI global refs: 8, weak refs: 1

JNI global refs memory usage: 843, weak refs: 841


---------------  S Y S T E M  ---------------

OS:
 Windows 11 , 64 bit Build 22621 (10.0.22621.2215)
OS uptime: 0 days 6:25 hours

CPU: total 12 (initial active 12) (6 cores per cpu, 2 threads per core) family 6 model 165 stepping 3 microcode 0xe0, cx8, cmov, fxsr, ht, mmx, 3dnowpref, sse, sse2, sse3, ssse3, sse4.1, sse4.2, popcnt, lzcnt, tsc, tscinvbit, avx, avx2, aes, erms, clmul, bmi1, bmi2, adx, fma, vzeroupper, clflush, clflushopt

Memory: 4k page, system-wide physical 15791M (1182M free)
TotalPageFile size 27791M (AvailPageFile size 7M)
current process WorkingSet (physical memory assigned to process): 78M, peak: 78M
current process commit charge ("private bytes"): 127M, peak: 128M

vm_info: OpenJDK 64-Bit Server VM (17.0.6+0-b2043.56-10027231) for windows-amd64 JRE (17.0.6+0-b2043.56-10027231), built on Apr 28 2023 00:43:19 by "androidbuild" with MS VC++ 16.10 / 16.11 (VS2019)

END.
